<?xml version="1.0" encoding="UTF-8"?>
<testsuites name="jest tests" tests="8" failures="0" errors="0" time="46.509">
  <testsuite name="employee request and shift screens" errors="0" failures="0" skipped="0" timestamp="2026-04-17T12:38:04" time="41.459" tests="3">
    <testcase classname="employee request and shift screens creates a leave request from a selected shift" name="employee request and shift screens creates a leave request from a selected shift" time="10.708">
    </testcase>
    <testcase classname="employee request and shift screens creates a yield request with a selected coworker" name="employee request and shift screens creates a yield request with a selected coworker" time="0.125">
    </testcase>
    <testcase classname="employee request and shift screens claims an open shift from the detail screen" name="employee request and shift screens claims an open shift from the detail screen" time="0.098">
    </testcase>
  </testsuite>
  <testsuite name="AnnouncementCard snapshot" errors="0" failures="0" skipped="0" timestamp="2026-04-17T12:38:46" time="0.431" tests="1">
    <testcase classname="AnnouncementCard snapshot matches the stable card snapshot" name="AnnouncementCard snapshot matches the stable card snapshot" time="0.023">
    </testcase>
  </testsuite>
  <testsuite name="validation helpers" errors="0" failures="0" skipped="0" timestamp="2026-04-17T12:38:46" time="0.19" tests="2">
    <testcase classname="validation helpers accepts overnight open-shift windows but rejects zero-length windows" name="validation helpers accepts overnight open-shift windows but rejects zero-length windows" time="0.006">
    </testcase>
    <testcase classname="validation helpers rejects short reasons and missing fields" name="validation helpers rejects short reasons and missing fields" time="0.001">
    </testcase>
  </testsuite>
  <testsuite name="api client resilience" errors="0" failures="0" skipped="0" timestamp="2026-04-17T12:38:47" time="0.338" tests="2">
    <testcase classname="api client resilience reuses a single refresh flow when multiple requests hit 401 together" name="api client resilience reuses a single refresh flow when multiple requests hit 401 together" time="0.017">
    </testcase>
    <testcase classname="api client resilience surfaces request timeouts as actionable API errors" name="api client resilience surfaces request timeouts as actionable API errors" time="0.01">
    </testcase>
  </testsuite>
</testsuites>