{"total": {"lines":{"total":1763,"covered":490,"skipped":0,"pct":27.79},"statements":{"total":1790,"covered":493,"skipped":0,"pct":27.54},"functions":{"total":554,"covered":123,"skipped":0,"pct":22.2},"branches":{"total":1070,"covered":251,"skipped":0,"pct":23.45},"branchesTrue":{"total":0,"covered":0,"skipped":0,"pct":100}}
,"C:\\Users\\LUAN\\Downloads\\expo_test\\my-app\\src\\components\\calendar\\WeekCalendarStrip.tsx": {"lines":{"total":13,"covered":0,"skipped":0,"pct":0},"functions":{"total":4,"covered":0,"skipped":0,"pct":0},"statements":{"total":13,"covered":0,"skipped":0,"pct":0},"branches":{"total":22,"covered":0,"skipped":0,"pct":0}}
,"C:\\Users\\LUAN\\Downloads\\expo_test\\my-app\\src\\components\\cards\\ActivityCard.tsx": {"lines":{"total":4,"covered":0,"skipped":0,"pct":0},"functions":{"total":1,"covered":0,"skipped":0,"pct":0},"statements":{"total":4,"covered":0,"skipped":0,"pct":0},"branches":{"total":0,"covered":0,"skipped":0,"pct":100}}
,"C:\\Users\\LUAN\\Downloads\\expo_test\\my-app\\src\\components\\cards\\AnnouncementCard.tsx": {"lines":{"total":2,"covered":2,"skipped":0,"pct":100},"functions":{"total":1,"covered":1,"skipped":0,"pct":100},"statements":{"total":2,"covered":2,"skipped":0,"pct":100},"branches":{"total":9,"covered":7,"skipped":0,"pct":77.77}}
,"C:\\Users\\LUAN\\Downloads\\expo_test\\my-app\\src\\components\\cards\\OpenShiftCard.tsx": {"lines":{"total":4,"covered":3,"skipped":0,"pct":75},"functions":{"total":2,"covered":1,"skipped":0,"pct":50},"statements":{"total":4,"covered":3,"skipped":0,"pct":75},"branches":{"total":9,"covered":4,"skipped":0,"pct":44.44}}
,"C:\\Users\\LUAN\\Downloads\\expo_test\\my-app\\src\\components\\cards\\RequestCard.tsx": {"lines":{"total":6,"covered":4,"skipped":0,"pct":66.66},"functions":{"total":2,"covered":1,"skipped":0,"pct":50},"statements":{"total":6,"covered":4,"skipped":0,"pct":66.66},"branches":{"total":13,"covered":5,"skipped":0,"pct":38.46}}
,"C:\\Users\\LUAN\\Downloads\\expo_test\\my-app\\src\\components\\cards\\ShiftCard.tsx": {"lines":{"total":6,"covered":0,"skipped":0,"pct":0},"functions":{"total":2,"covered":0,"skipped":0,"pct":0},"statements":{"total":6,"covered":0,"skipped":0,"pct":0},"branches":{"total":7,"covered":0,"skipped":0,"pct":0}}
,"C:\\Users\\LUAN\\Downloads\\expo_test\\my-app\\src\\components\\common\\AppIcon.tsx": {"lines":{"total":4,"covered":4,"skipped":0,"pct":100},"functions":{"total":1,"covered":1,"skipped":0,"pct":100},"statements":{"total":4,"covered":4,"skipped":0,"pct":100},"branches":{"total":5,"covered":2,"skipped":0,"pct":40}}
,"C:\\Users\\LUAN\\Downloads\\expo_test\\my-app\\src\\components\\common\\AppInput.tsx": {"lines":{"total":2,"covered":2,"skipped":0,"pct":100},"functions":{"total":1,"covered":1,"skipped":0,"pct":100},"statements":{"total":2,"covered":2,"skipped":0,"pct":100},"branches":{"total":6,"covered":5,"skipped":0,"pct":83.33}}
,"C:\\Users\\LUAN\\Downloads\\expo_test\\my-app\\src\\components\\common\\DateTimeRow.tsx": {"lines":{"total":2,"covered":2,"skipped":0,"pct":100},"functions":{"total":1,"covered":1,"skipped":0,"pct":100},"statements":{"total":2,"covered":2,"skipped":0,"pct":100},"branches":{"total":0,"covered":0,"skipped":0,"pct":100}}
,"C:\\Users\\LUAN\\Downloads\\expo_test\\my-app\\src\\components\\common\\EmptyState.tsx": {"lines":{"total":2,"covered":1,"skipped":0,"pct":50},"functions":{"total":1,"covered":0,"skipped":0,"pct":0},"statements":{"total":2,"covered":1,"skipped":0,"pct":50},"branches":{"total":4,"covered":0,"skipped":0,"pct":0}}
,"C:\\Users\\LUAN\\Downloads\\expo_test\\my-app\\src\\components\\common\\MetricCard.tsx": {"lines":{"total":4,"covered":0,"skipped":0,"pct":0},"functions":{"total":1,"covered":0,"skipped":0,"pct":0},"statements":{"total":4,"covered":0,"skipped":0,"pct":0},"branches":{"total":1,"covered":0,"skipped":0,"pct":0}}
,"C:\\Users\\LUAN\\Downloads\\expo_test\\my-app\\src\\components\\common\\PrimaryButton.tsx": {"lines":{"total":6,"covered":6,"skipped":0,"pct":100},"functions":{"total":2,"covered":2,"skipped":0,"pct":100},"statements":{"total":6,"covered":6,"skipped":0,"pct":100},"branches":{"total":17,"covered":14,"skipped":0,"pct":82.35}}
,"C:\\Users\\LUAN\\Downloads\\expo_test\\my-app\\src\\components\\common\\SectionHeader.tsx": {"lines":{"total":3,"covered":2,"skipped":0,"pct":66.66},"functions":{"total":2,"covered":1,"skipped":0,"pct":50},"statements":{"total":3,"covered":2,"skipped":0,"pct":66.66},"branches":{"total":8,"covered":3,"skipped":0,"pct":37.5}}
,"C:\\Users\\LUAN\\Downloads\\expo_test\\my-app\\src\\components\\common\\StatusBadge.tsx": {"lines":{"total":4,"covered":4,"skipped":0,"pct":100},"functions":{"total":1,"covered":1,"skipped":0,"pct":100},"statements":{"total":4,"covered":4,"skipped":0,"pct":100},"branches":{"total":0,"covered":0,"skipped":0,"pct":100}}
,"C:\\Users\\LUAN\\Downloads\\expo_test\\my-app\\src\\components\\common\\SyncStatusBanner.tsx": {"lines":{"total":14,"covered":8,"skipped":0,"pct":57.14},"functions":{"total":3,"covered":3,"skipped":0,"pct":100},"statements":{"total":14,"covered":8,"skipped":0,"pct":57.14},"branches":{"total":14,"covered":6,"skipped":0,"pct":42.85}}
,"C:\\Users\\LUAN\\Downloads\\expo_test\\my-app\\src\\components\\settings\\SettingsScreenContent.tsx": {"lines":{"total":38,"covered":27,"skipped":0,"pct":71.05},"functions":{"total":19,"covered":11,"skipped":0,"pct":57.89},"statements":{"total":38,"covered":27,"skipped":0,"pct":71.05},"branches":{"total":27,"covered":17,"skipped":0,"pct":62.96}}
,"C:\\Users\\LUAN\\Downloads\\expo_test\\my-app\\src\\config\\env.ts": {"lines":{"total":6,"covered":5,"skipped":0,"pct":83.33},"functions":{"total":1,"covered":1,"skipped":0,"pct":100},"statements":{"total":6,"covered":5,"skipped":0,"pct":83.33},"branches":{"total":9,"covered":7,"skipped":0,"pct":77.77}}
,"C:\\Users\\LUAN\\Downloads\\expo_test\\my-app\\src\\constants\\branding.ts": {"lines":{"total":1,"covered":1,"skipped":0,"pct":100},"functions":{"total":0,"covered":0,"skipped":0,"pct":100},"statements":{"total":1,"covered":1,"skipped":0,"pct":100},"branches":{"total":0,"covered":0,"skipped":0,"pct":100}}
,"C:\\Users\\LUAN\\Downloads\\expo_test\\my-app\\src\\constants\\colors.ts": {"lines":{"total":1,"covered":1,"skipped":0,"pct":100},"functions":{"total":0,"covered":0,"skipped":0,"pct":100},"statements":{"total":1,"covered":1,"skipped":0,"pct":100},"branches":{"total":0,"covered":0,"skipped":0,"pct":100}}
,"C:\\Users\\LUAN\\Downloads\\expo_test\\my-app\\src\\constants\\config.ts": {"lines":{"total":2,"covered":2,"skipped":0,"pct":100},"functions":{"total":0,"covered":0,"skipped":0,"pct":100},"statements":{"total":2,"covered":2,"skipped":0,"pct":100},"branches":{"total":0,"covered":0,"skipped":0,"pct":100}}
,"C:\\Users\\LUAN\\Downloads\\expo_test\\my-app\\src\\constants\\copy.ts": {"lines":{"total":1,"covered":1,"skipped":0,"pct":100},"functions":{"total":0,"covered":0,"skipped":0,"pct":100},"statements":{"total":1,"covered":1,"skipped":0,"pct":100},"branches":{"total":0,"covered":0,"skipped":0,"pct":100}}
,"C:\\Users\\LUAN\\Downloads\\expo_test\\my-app\\src\\constants\\options.ts": {"lines":{"total":8,"covered":8,"skipped":0,"pct":100},"functions":{"total":0,"covered":0,"skipped":0,"pct":100},"statements":{"total":8,"covered":8,"skipped":0,"pct":100},"branches":{"total":0,"covered":0,"skipped":0,"pct":100}}
,"C:\\Users\\LUAN\\Downloads\\expo_test\\my-app\\src\\context\\app-context.tsx": {"lines":{"total":129,"covered":64,"skipped":0,"pct":49.61},"functions":{"total":26,"covered":15,"skipped":0,"pct":57.69},"statements":{"total":135,"covered":67,"skipped":0,"pct":49.62},"branches":{"total":36,"covered":16,"skipped":0,"pct":44.44}}
,"C:\\Users\\LUAN\\Downloads\\expo_test\\my-app\\src\\context\\sync-context.tsx": {"lines":{"total":43,"covered":0,"skipped":0,"pct":0},"functions":{"total":10,"covered":0,"skipped":0,"pct":0},"statements":{"total":43,"covered":0,"skipped":0,"pct":0},"branches":{"total":10,"covered":0,"skipped":0,"pct":0}}
,"C:\\Users\\LUAN\\Downloads\\expo_test\\my-app\\src\\db\\database.ts": {"lines":{"total":22,"covered":0,"skipped":0,"pct":0},"functions":{"total":3,"covered":0,"skipped":0,"pct":0},"statements":{"total":22,"covered":0,"skipped":0,"pct":0},"branches":{"total":4,"covered":0,"skipped":0,"pct":0}}
,"C:\\Users\\LUAN\\Downloads\\expo_test\\my-app\\src\\db\\repositories.ts": {"lines":{"total":236,"covered":0,"skipped":0,"pct":0},"functions":{"total":85,"covered":0,"skipped":0,"pct":0},"statements":{"total":241,"covered":0,"skipped":0,"pct":0},"branches":{"total":100,"covered":0,"skipped":0,"pct":0}}
,"C:\\Users\\LUAN\\Downloads\\expo_test\\my-app\\src\\db\\seed.ts": {"lines":{"total":21,"covered":0,"skipped":0,"pct":0},"functions":{"total":6,"covered":0,"skipped":0,"pct":0},"statements":{"total":21,"covered":0,"skipped":0,"pct":0},"branches":{"total":0,"covered":0,"skipped":0,"pct":100}}
,"C:\\Users\\LUAN\\Downloads\\expo_test\\my-app\\src\\db\\sqlite-provider.native.tsx": {"lines":{"total":10,"covered":0,"skipped":0,"pct":0},"functions":{"total":5,"covered":0,"skipped":0,"pct":0},"statements":{"total":11,"covered":0,"skipped":0,"pct":0},"branches":{"total":2,"covered":0,"skipped":0,"pct":0}}
,"C:\\Users\\LUAN\\Downloads\\expo_test\\my-app\\src\\db\\sqlite-provider.web.tsx": {"lines":{"total":4,"covered":0,"skipped":0,"pct":0},"functions":{"total":2,"covered":0,"skipped":0,"pct":0},"statements":{"total":4,"covered":0,"skipped":0,"pct":0},"branches":{"total":0,"covered":0,"skipped":0,"pct":100}}
,"C:\\Users\\LUAN\\Downloads\\expo_test\\my-app\\src\\hooks\\use-app-query-client.ts": {"lines":{"total":1,"covered":1,"skipped":0,"pct":100},"functions":{"total":1,"covered":1,"skipped":0,"pct":100},"statements":{"total":1,"covered":1,"skipped":0,"pct":100},"branches":{"total":0,"covered":0,"skipped":0,"pct":100}}
,"C:\\Users\\LUAN\\Downloads\\expo_test\\my-app\\src\\hooks\\use-app-state.ts": {"lines":{"total":1,"covered":0,"skipped":0,"pct":0},"functions":{"total":1,"covered":0,"skipped":0,"pct":0},"statements":{"total":1,"covered":0,"skipped":0,"pct":0},"branches":{"total":0,"covered":0,"skipped":0,"pct":100}}
,"C:\\Users\\LUAN\\Downloads\\expo_test\\my-app\\src\\hooks\\use-async-data.ts": {"lines":{"total":36,"covered":0,"skipped":0,"pct":0},"functions":{"total":8,"covered":0,"skipped":0,"pct":0},"statements":{"total":36,"covered":0,"skipped":0,"pct":0},"branches":{"total":8,"covered":0,"skipped":0,"pct":0}}
,"C:\\Users\\LUAN\\Downloads\\expo_test\\my-app\\src\\providers\\query-provider.tsx": {"lines":{"total":8,"covered":6,"skipped":0,"pct":75},"functions":{"total":5,"covered":3,"skipped":0,"pct":60},"statements":{"total":8,"covered":6,"skipped":0,"pct":75},"branches":{"total":0,"covered":0,"skipped":0,"pct":100}}
,"C:\\Users\\LUAN\\Downloads\\expo_test\\my-app\\src\\screens\\auth\\login-screen.tsx": {"lines":{"total":24,"covered":22,"skipped":0,"pct":91.66},"functions":{"total":7,"covered":6,"skipped":0,"pct":85.71},"statements":{"total":24,"covered":22,"skipped":0,"pct":91.66},"branches":{"total":22,"covered":14,"skipped":0,"pct":63.63}}
,"C:\\Users\\LUAN\\Downloads\\expo_test\\my-app\\src\\screens\\employee\\create-leave-request-screen.tsx": {"lines":{"total":35,"covered":27,"skipped":0,"pct":77.14},"functions":{"total":7,"covered":5,"skipped":0,"pct":71.42},"statements":{"total":35,"covered":27,"skipped":0,"pct":77.14},"branches":{"total":26,"covered":12,"skipped":0,"pct":46.15}}
,"C:\\Users\\LUAN\\Downloads\\expo_test\\my-app\\src\\screens\\employee\\create-swap-request-screen.tsx": {"lines":{"total":0,"covered":0,"skipped":0,"pct":0},"functions":{"total":0,"covered":0,"skipped":0,"pct":0},"statements":{"total":0,"covered":0,"skipped":0,"pct":0},"branches":{"total":0,"covered":0,"skipped":0,"pct":0}}
,"C:\\Users\\LUAN\\Downloads\\expo_test\\my-app\\src\\screens\\employee\\create-yield-request-screen.tsx": {"lines":{"total":42,"covered":32,"skipped":0,"pct":76.19},"functions":{"total":9,"covered":7,"skipped":0,"pct":77.77},"statements":{"total":42,"covered":32,"skipped":0,"pct":76.19},"branches":{"total":30,"covered":15,"skipped":0,"pct":50}}
,"C:\\Users\\LUAN\\Downloads\\expo_test\\my-app\\src\\screens\\employee\\employee-calendar-screen.tsx": {"lines":{"total":26,"covered":0,"skipped":0,"pct":0},"functions":{"total":10,"covered":0,"skipped":0,"pct":0},"statements":{"total":26,"covered":0,"skipped":0,"pct":0},"branches":{"total":33,"covered":0,"skipped":0,"pct":0}}
,"C:\\Users\\LUAN\\Downloads\\expo_test\\my-app\\src\\screens\\employee\\employee-dashboard-screen.tsx": {"lines":{"total":23,"covered":0,"skipped":0,"pct":0},"functions":{"total":12,"covered":0,"skipped":0,"pct":0},"statements":{"total":23,"covered":0,"skipped":0,"pct":0},"branches":{"total":26,"covered":0,"skipped":0,"pct":0}}
,"C:\\Users\\LUAN\\Downloads\\expo_test\\my-app\\src\\screens\\employee\\employee-profile-screen.tsx": {"lines":{"total":0,"covered":0,"skipped":0,"pct":0},"functions":{"total":0,"covered":0,"skipped":0,"pct":0},"statements":{"total":0,"covered":0,"skipped":0,"pct":0},"branches":{"total":0,"covered":0,"skipped":0,"pct":0}}
,"C:\\Users\\LUAN\\Downloads\\expo_test\\my-app\\src\\screens\\employee\\employee-settings-screen.tsx": {"lines":{"total":1,"covered":0,"skipped":0,"pct":0},"functions":{"total":1,"covered":0,"skipped":0,"pct":0},"statements":{"total":1,"covered":0,"skipped":0,"pct":0},"branches":{"total":0,"covered":0,"skipped":0,"pct":100}}
,"C:\\Users\\LUAN\\Downloads\\expo_test\\my-app\\src\\screens\\employee\\employee-statistics-screen.tsx": {"lines":{"total":10,"covered":0,"skipped":0,"pct":0},"functions":{"total":3,"covered":0,"skipped":0,"pct":0},"statements":{"total":10,"covered":0,"skipped":0,"pct":0},"branches":{"total":12,"covered":0,"skipped":0,"pct":0}}
,"C:\\Users\\LUAN\\Downloads\\expo_test\\my-app\\src\\screens\\employee\\my-requests-screen.tsx": {"lines":{"total":14,"covered":0,"skipped":0,"pct":0},"functions":{"total":8,"covered":0,"skipped":0,"pct":0},"statements":{"total":14,"covered":0,"skipped":0,"pct":0},"branches":{"total":8,"covered":0,"skipped":0,"pct":0}}
,"C:\\Users\\LUAN\\Downloads\\expo_test\\my-app\\src\\screens\\employee\\open-shift-detail-screen.tsx": {"lines":{"total":23,"covered":18,"skipped":0,"pct":78.26},"functions":{"total":5,"covered":3,"skipped":0,"pct":60},"statements":{"total":23,"covered":18,"skipped":0,"pct":78.26},"branches":{"total":18,"covered":8,"skipped":0,"pct":44.44}}
,"C:\\Users\\LUAN\\Downloads\\expo_test\\my-app\\src\\screens\\employee\\open-shifts-screen.tsx": {"lines":{"total":24,"covered":0,"skipped":0,"pct":0},"functions":{"total":9,"covered":0,"skipped":0,"pct":0},"statements":{"total":24,"covered":0,"skipped":0,"pct":0},"branches":{"total":12,"covered":0,"skipped":0,"pct":0}}
,"C:\\Users\\LUAN\\Downloads\\expo_test\\my-app\\src\\screens\\manager\\approval-detail-screen.tsx": {"lines":{"total":36,"covered":21,"skipped":0,"pct":58.33},"functions":{"total":6,"covered":3,"skipped":0,"pct":50},"statements":{"total":36,"covered":21,"skipped":0,"pct":58.33},"branches":{"total":38,"covered":13,"skipped":0,"pct":34.21}}
,"C:\\Users\\LUAN\\Downloads\\expo_test\\my-app\\src\\screens\\manager\\approvals-screen.tsx": {"lines":{"total":12,"covered":0,"skipped":0,"pct":0},"functions":{"total":7,"covered":0,"skipped":0,"pct":0},"statements":{"total":12,"covered":0,"skipped":0,"pct":0},"branches":{"total":4,"covered":0,"skipped":0,"pct":0}}
,"C:\\Users\\LUAN\\Downloads\\expo_test\\my-app\\src\\screens\\manager\\confirmed-schedule-screen.tsx": {"lines":{"total":24,"covered":0,"skipped":0,"pct":0},"functions":{"total":10,"covered":0,"skipped":0,"pct":0},"statements":{"total":24,"covered":0,"skipped":0,"pct":0},"branches":{"total":29,"covered":0,"skipped":0,"pct":0}}
,"C:\\Users\\LUAN\\Downloads\\expo_test\\my-app\\src\\screens\\manager\\create-open-shift-screen.tsx": {"lines":{"total":44,"covered":0,"skipped":0,"pct":0},"functions":{"total":27,"covered":0,"skipped":0,"pct":0},"statements":{"total":54,"covered":0,"skipped":0,"pct":0},"branches":{"total":34,"covered":0,"skipped":0,"pct":0}}
,"C:\\Users\\LUAN\\Downloads\\expo_test\\my-app\\src\\screens\\manager\\manager-dashboard-screen.tsx": {"lines":{"total":24,"covered":0,"skipped":0,"pct":0},"functions":{"total":13,"covered":0,"skipped":0,"pct":0},"statements":{"total":24,"covered":0,"skipped":0,"pct":0},"branches":{"total":22,"covered":0,"skipped":0,"pct":0}}
,"C:\\Users\\LUAN\\Downloads\\expo_test\\my-app\\src\\screens\\manager\\manager-profile-screen.tsx": {"lines":{"total":0,"covered":0,"skipped":0,"pct":0},"functions":{"total":0,"covered":0,"skipped":0,"pct":0},"statements":{"total":0,"covered":0,"skipped":0,"pct":0},"branches":{"total":0,"covered":0,"skipped":0,"pct":0}}
,"C:\\Users\\LUAN\\Downloads\\expo_test\\my-app\\src\\screens\\manager\\manager-settings-screen.tsx": {"lines":{"total":1,"covered":0,"skipped":0,"pct":0},"functions":{"total":1,"covered":0,"skipped":0,"pct":0},"statements":{"total":1,"covered":0,"skipped":0,"pct":0},"branches":{"total":0,"covered":0,"skipped":0,"pct":100}}
,"C:\\Users\\LUAN\\Downloads\\expo_test\\my-app\\src\\screens\\manager\\manager-statistics-screen.tsx": {"lines":{"total":9,"covered":0,"skipped":0,"pct":0},"functions":{"total":4,"covered":0,"skipped":0,"pct":0},"statements":{"total":9,"covered":0,"skipped":0,"pct":0},"branches":{"total":4,"covered":0,"skipped":0,"pct":0}}
,"C:\\Users\\LUAN\\Downloads\\expo_test\\my-app\\src\\services\\flexshift-actions.ts": {"lines":{"total":38,"covered":0,"skipped":0,"pct":0},"functions":{"total":9,"covered":0,"skipped":0,"pct":0},"statements":{"total":38,"covered":0,"skipped":0,"pct":0},"branches":{"total":14,"covered":0,"skipped":0,"pct":0}}
,"C:\\Users\\LUAN\\Downloads\\expo_test\\my-app\\src\\services\\flexshift-service.ts": {"lines":{"total":294,"covered":2,"skipped":0,"pct":0.68},"functions":{"total":97,"covered":0,"skipped":0,"pct":0},"statements":{"total":298,"covered":2,"skipped":0,"pct":0.67},"branches":{"total":177,"covered":0,"skipped":0,"pct":0}}
,"C:\\Users\\LUAN\\Downloads\\expo_test\\my-app\\src\\services\\api\\api-client.ts": {"lines":{"total":77,"covered":60,"skipped":0,"pct":77.92},"functions":{"total":14,"covered":13,"skipped":0,"pct":92.85},"statements":{"total":77,"covered":60,"skipped":0,"pct":77.92},"branches":{"total":55,"covered":38,"skipped":0,"pct":69.09}}
,"C:\\Users\\LUAN\\Downloads\\expo_test\\my-app\\src\\services\\api\\api-errors.ts": {"lines":{"total":4,"covered":4,"skipped":0,"pct":100},"functions":{"total":2,"covered":2,"skipped":0,"pct":100},"statements":{"total":4,"covered":4,"skipped":0,"pct":100},"branches":{"total":1,"covered":0,"skipped":0,"pct":0}}
,"C:\\Users\\LUAN\\Downloads\\expo_test\\my-app\\src\\services\\api\\flexshift-api.ts": {"lines":{"total":48,"covered":0,"skipped":0,"pct":0},"functions":{"total":28,"covered":0,"skipped":0,"pct":0},"statements":{"total":48,"covered":0,"skipped":0,"pct":0},"branches":{"total":28,"covered":0,"skipped":0,"pct":0}}
,"C:\\Users\\LUAN\\Downloads\\expo_test\\my-app\\src\\services\\session\\auth-storage.native.ts": {"lines":{"total":5,"covered":1,"skipped":0,"pct":20},"functions":{"total":3,"covered":0,"skipped":0,"pct":0},"statements":{"total":5,"covered":1,"skipped":0,"pct":20},"branches":{"total":2,"covered":0,"skipped":0,"pct":0}}
,"C:\\Users\\LUAN\\Downloads\\expo_test\\my-app\\src\\services\\session\\auth-storage.ts": {"lines":{"total":19,"covered":0,"skipped":0,"pct":0},"functions":{"total":3,"covered":0,"skipped":0,"pct":0},"statements":{"total":19,"covered":0,"skipped":0,"pct":0},"branches":{"total":14,"covered":0,"skipped":0,"pct":0}}
,"C:\\Users\\LUAN\\Downloads\\expo_test\\my-app\\src\\services\\session\\auth-storage.web.ts": {"lines":{"total":10,"covered":0,"skipped":0,"pct":0},"functions":{"total":3,"covered":0,"skipped":0,"pct":0},"statements":{"total":10,"covered":0,"skipped":0,"pct":0},"branches":{"total":6,"covered":0,"skipped":0,"pct":0}}
,"C:\\Users\\LUAN\\Downloads\\expo_test\\my-app\\src\\services\\session\\device-context.ts": {"lines":{"total":21,"covered":2,"skipped":0,"pct":9.52},"functions":{"total":3,"covered":0,"skipped":0,"pct":0},"statements":{"total":21,"covered":2,"skipped":0,"pct":9.52},"branches":{"total":16,"covered":0,"skipped":0,"pct":0}}
,"C:\\Users\\LUAN\\Downloads\\expo_test\\my-app\\src\\services\\session\\session-store.ts": {"lines":{"total":34,"covered":3,"skipped":0,"pct":8.82},"functions":{"total":8,"covered":0,"skipped":0,"pct":0},"statements":{"total":35,"covered":3,"skipped":0,"pct":8.57},"branches":{"total":7,"covered":0,"skipped":0,"pct":0}}
,"C:\\Users\\LUAN\\Downloads\\expo_test\\my-app\\src\\services\\sync\\sync-engine.ts": {"lines":{"total":80,"covered":53,"skipped":0,"pct":66.25},"functions":{"total":12,"covered":10,"skipped":0,"pct":83.33},"statements":{"total":80,"covered":53,"skipped":0,"pct":66.25},"branches":{"total":54,"covered":20,"skipped":0,"pct":37.03}}
,"C:\\Users\\LUAN\\Downloads\\expo_test\\my-app\\src\\services\\sync\\sync-helpers.ts": {"lines":{"total":10,"covered":6,"skipped":0,"pct":60},"functions":{"total":5,"covered":5,"skipped":0,"pct":100},"statements":{"total":10,"covered":6,"skipped":0,"pct":60},"branches":{"total":15,"covered":8,"skipped":0,"pct":53.33}}
,"C:\\Users\\LUAN\\Downloads\\expo_test\\my-app\\src\\test-utils\\fixtures.ts": {"lines":{"total":7,"covered":7,"skipped":0,"pct":100},"functions":{"total":0,"covered":0,"skipped":0,"pct":100},"statements":{"total":7,"covered":7,"skipped":0,"pct":100},"branches":{"total":0,"covered":0,"skipped":0,"pct":100}}
,"C:\\Users\\LUAN\\Downloads\\expo_test\\my-app\\src\\theme\\tokens.ts": {"lines":{"total":6,"covered":6,"skipped":0,"pct":100},"functions":{"total":0,"covered":0,"skipped":0,"pct":100},"statements":{"total":6,"covered":6,"skipped":0,"pct":100},"branches":{"total":0,"covered":0,"skipped":0,"pct":100}}
,"C:\\Users\\LUAN\\Downloads\\expo_test\\my-app\\src\\types\\models.ts": {"lines":{"total":0,"covered":0,"skipped":0,"pct":0},"functions":{"total":0,"covered":0,"skipped":0,"pct":0},"statements":{"total":0,"covered":0,"skipped":0,"pct":0},"branches":{"total":0,"covered":0,"skipped":0,"pct":0}}
,"C:\\Users\\LUAN\\Downloads\\expo_test\\my-app\\src\\utils\\date.ts": {"lines":{"total":45,"covered":33,"skipped":0,"pct":73.33},"functions":{"total":18,"covered":13,"skipped":0,"pct":72.22},"statements":{"total":45,"covered":33,"skipped":0,"pct":73.33},"branches":{"total":13,"covered":9,"skipped":0,"pct":69.23}}
,"C:\\Users\\LUAN\\Downloads\\expo_test\\my-app\\src\\utils\\id.ts": {"lines":{"total":1,"covered":1,"skipped":0,"pct":100},"functions":{"total":1,"covered":1,"skipped":0,"pct":100},"statements":{"total":1,"covered":1,"skipped":0,"pct":100},"branches":{"total":0,"covered":0,"skipped":0,"pct":100}}
,"C:\\Users\\LUAN\\Downloads\\expo_test\\my-app\\src\\utils\\routes.ts": {"lines":{"total":1,"covered":0,"skipped":0,"pct":0},"functions":{"total":1,"covered":0,"skipped":0,"pct":0},"statements":{"total":1,"covered":0,"skipped":0,"pct":0},"branches":{"total":2,"covered":0,"skipped":0,"pct":0}}
,"C:\\Users\\LUAN\\Downloads\\expo_test\\my-app\\src\\utils\\shift-conflicts.ts": {"lines":{"total":4,"covered":4,"skipped":0,"pct":100},"functions":{"total":2,"covered":2,"skipped":0,"pct":100},"statements":{"total":4,"covered":4,"skipped":0,"pct":100},"branches":{"total":5,"covered":5,"skipped":0,"pct":100}}
,"C:\\Users\\LUAN\\Downloads\\expo_test\\my-app\\src\\utils\\text.ts": {"lines":{"total":14,"covered":12,"skipped":0,"pct":85.71},"functions":{"total":4,"covered":4,"skipped":0,"pct":100},"statements":{"total":14,"covered":12,"skipped":0,"pct":85.71},"branches":{"total":6,"covered":4,"skipped":0,"pct":66.66}}
,"C:\\Users\\LUAN\\Downloads\\expo_test\\my-app\\src\\utils\\validation.ts": {"lines":{"total":29,"covered":22,"skipped":0,"pct":75.86},"functions":{"total":5,"covered":5,"skipped":0,"pct":100},"statements":{"total":29,"covered":22,"skipped":0,"pct":75.86},"branches":{"total":26,"covered":19,"skipped":0,"pct":73.07}}
}
