TN:
SF:src\components\calendar\WeekCalendarStrip.tsx
FN:18,buildMetaLabel
FN:36,WeekCalendarStrip
FN:47,(anonymous_2)
FN:53,(anonymous_3)
FNF:4
FNH:0
FNDA:0,buildMetaLabel
FNDA:0,WeekCalendarStrip
FNDA:0,(anonymous_2)
FNDA:0,(anonymous_3)
DA:19,0
DA:21,0
DA:22,0
DA:25,0
DA:26,0
DA:29,0
DA:30,0
DA:33,0
DA:41,0
DA:48,0
DA:50,0
DA:53,0
DA:93,0
LF:13
LH:0
BRDA:21,0,0,0
BRDA:21,0,1,0
BRDA:25,1,0,0
BRDA:25,1,1,0
BRDA:29,2,0,0
BRDA:29,2,1,0
BRDA:33,3,0,0
BRDA:33,3,1,0
BRDA:56,4,0,0
BRDA:56,4,1,0
BRDA:57,5,0,0
BRDA:57,5,1,0
BRDA:57,6,0,0
BRDA:57,6,1,0
BRDA:62,7,0,0
BRDA:62,7,1,0
BRDA:64,8,0,0
BRDA:64,8,1,0
BRDA:69,9,0,0
BRDA:69,9,1,0
BRDA:80,10,0,0
BRDA:80,10,1,0
BRF:22
BRH:0
end_of_record
TN:
SF:src\components\cards\ActivityCard.tsx
FN:33,ActivityCard
FNF:1
FNH:0
FNDA:0,ActivityCard
DA:18,0
DA:34,0
DA:36,0
DA:59,0
LF:4
LH:0
BRF:0
BRH:0
end_of_record
TN:
SF:src\components\cards\AnnouncementCard.tsx
FN:18,AnnouncementCard
FNF:1
FNH:1
FNDA:2,AnnouncementCard
DA:22,2
DA:58,2
LF:2
LH:2
BRDA:28,0,0,0
BRDA:28,0,1,2
BRDA:30,1,0,2
BRDA:30,1,1,0
BRDA:42,2,0,1
BRDA:42,2,1,1
BRDA:42,3,0,2
BRDA:42,3,1,2
BRDA:42,3,2,2
BRF:9
BRH:7
end_of_record
TN:
SF:src\components\cards\OpenShiftCard.tsx
FN:25,OpenShiftCard
FN:68,(anonymous_1)
FNF:2
FNH:1
FNDA:3,OpenShiftCard
FNDA:0,(anonymous_1)
DA:34,3
DA:56,3
DA:68,0
DA:88,1
LF:4
LH:3
BRDA:29,0,0,3
BRDA:58,1,0,0
BRDA:58,1,1,3
BRDA:68,2,0,0
BRDA:68,2,1,0
BRDA:76,3,0,0
BRDA:76,3,1,3
BRDA:76,4,0,3
BRDA:76,4,1,0
BRF:9
BRH:4
end_of_record
TN:
SF:src\components\cards\RequestCard.tsx
FN:24,RequestCard
FN:106,(anonymous_1)
FNF:2
FNH:1
FNDA:1,RequestCard
FNDA:0,(anonymous_1)
DA:31,1
DA:92,1
DA:93,1
DA:96,0
DA:106,0
DA:113,1
LF:6
LH:4
BRDA:27,0,0,0
BRDA:57,1,0,1
BRDA:57,1,1,0
BRDA:67,2,0,0
BRDA:67,2,1,1
BRDA:67,3,0,1
BRDA:67,3,1,0
BRDA:81,4,0,0
BRDA:81,4,1,1
BRDA:92,5,0,1
BRDA:92,5,1,0
BRDA:106,6,0,0
BRDA:106,6,1,0
BRF:13
BRH:5
end_of_record
TN:
SF:src\components\cards\ShiftCard.tsx
FN:21,ShiftCard
FN:60,(anonymous_1)
FNF:2
FNH:0
FNDA:0,ShiftCard
FNDA:0,(anonymous_1)
DA:27,0
DA:51,0
DA:52,0
DA:55,0
DA:60,0
DA:67,0
LF:6
LH:0
BRDA:23,0,0,0
BRDA:42,1,0,0
BRDA:42,1,1,0
BRDA:51,2,0,0
BRDA:51,2,1,0
BRDA:60,3,0,0
BRDA:60,3,1,0
BRF:7
BRH:0
end_of_record
TN:
SF:src\components\common\AppIcon.tsx
FN:114,AppIcon
FNF:1
FNH:1
FNDA:54,AppIcon
DA:39,6
DA:122,54
DA:123,54
DA:134,54
LF:4
LH:4
BRDA:116,0,0,0
BRDA:117,1,0,0
BRDA:118,2,0,54
BRDA:123,3,0,54
BRDA:123,3,1,0
BRF:5
BRH:2
end_of_record
TN:
SF:src\components\common\AppInput.tsx
FN:22,AppInput
FNF:1
FNH:1
FNDA:20,AppInput
DA:29,20
DA:44,3
LF:2
LH:2
BRDA:32,0,0,12
BRDA:32,0,1,8
BRDA:36,1,0,12
BRDA:36,1,1,8
BRDA:39,2,0,0
BRDA:39,2,1,20
BRF:6
BRH:5
end_of_record
TN:
SF:src\components\common\DateTimeRow.tsx
FN:14,DateTimeRow
FNF:1
FNH:1
FNDA:3,DateTimeRow
DA:15,3
DA:25,1
LF:2
LH:2
BRF:0
BRH:0
end_of_record
TN:
SF:src\components\common\EmptyState.tsx
FN:19,EmptyState
FNF:1
FNH:0
FNDA:0,EmptyState
DA:25,0
DA:43,4
LF:2
LH:1
BRDA:32,0,0,0
BRDA:32,0,1,0
BRDA:32,1,0,0
BRDA:32,1,1,0
BRF:4
BRH:0
end_of_record
TN:
SF:src\components\common\MetricCard.tsx
FN:31,MetricCard
FNF:1
FNH:0
FNDA:0,MetricCard
DA:16,0
DA:36,0
DA:38,0
DA:48,0
LF:4
LH:0
BRDA:34,0,0,0
BRF:1
BRH:0
end_of_record
TN:
SF:src\components\common\PrimaryButton.tsx
FN:59,PrimaryButton
FN:80,(anonymous_1)
FNF:2
FNH:2
FNDA:39,PrimaryButton
FNDA:39,(anonymous_1)
DA:36,6
DA:69,39
DA:70,39
DA:72,39
DA:80,39
DA:108,6
LF:6
LH:6
BRDA:62,0,0,36
BRDA:63,1,0,19
BRDA:64,2,0,19
BRDA:70,3,0,39
BRDA:70,3,1,39
BRDA:85,4,0,3
BRDA:85,4,1,36
BRDA:86,5,0,0
BRDA:86,5,1,39
BRDA:88,6,0,0
BRDA:88,6,1,39
BRDA:88,7,0,39
BRDA:88,7,1,0
BRDA:92,8,0,3
BRDA:92,8,1,36
BRDA:96,9,0,17
BRDA:96,9,1,19
BRF:17
BRH:14
end_of_record
TN:
SF:src\components\common\SectionHeader.tsx
FN:17,SectionHeader
FN:34,(anonymous_1)
FNF:2
FNH:1
FNDA:17,SectionHeader
FNDA:0,(anonymous_1)
DA:23,17
DA:34,0
DA:46,3
LF:3
LH:2
BRDA:27,0,0,17
BRDA:27,0,1,0
BRDA:29,1,0,0
BRDA:29,1,1,17
BRDA:29,2,0,17
BRDA:29,2,1,0
BRDA:36,3,0,0
BRDA:36,3,1,0
BRF:8
BRH:3
end_of_record
TN:
SF:src\components\common\StatusBadge.tsx
FN:65,StatusBadge
FNF:1
FNH:1
FNDA:4,StatusBadge
DA:18,2
DA:66,4
DA:68,4
DA:75,2
LF:4
LH:4
BRF:0
BRH:0
end_of_record
TN:
SF:src\components\common\SyncStatusBanner.tsx
FN:15,toStatusCopy
FN:35,SyncStatusBanner
FN:53,(anonymous_2)
FNF:3
FNH:3
FNDA:17,toStatusCopy
FNDA:17,SyncStatusBanner
FNDA:1,(anonymous_2)
DA:16,17
DA:17,0
DA:20,17
DA:21,17
DA:24,0
DA:25,0
DA:28,0
DA:29,0
DA:32,0
DA:36,17
DA:37,17
DA:39,17
DA:53,1
DA:72,4
LF:14
LH:8
BRDA:16,0,0,0
BRDA:16,0,1,17
BRDA:20,1,0,17
BRDA:20,1,1,0
BRDA:24,2,0,0
BRDA:24,2,1,0
BRDA:28,3,0,0
BRDA:28,3,1,0
BRDA:44,4,0,17
BRDA:44,4,1,0
BRDA:46,5,0,17
BRDA:46,5,1,0
BRDA:63,6,0,2
BRDA:63,6,1,15
BRF:14
BRH:6
end_of_record
TN:
SF:src\components\settings\SettingsScreenContent.tsx
FN:44,createDefaultSettings
FN:58,ToggleRow
FN:88,ChoiceChip
FN:117,SettingsScreenContent
FN:130,(anonymous_4)
FN:135,(anonymous_5)
FN:143,(anonymous_6)
FN:169,(anonymous_7)
FN:230,(anonymous_8)
FN:239,(anonymous_9)
FN:248,(anonymous_10)
FN:263,(anonymous_11)
FN:269,(anonymous_12)
FN:274,(anonymous_13)
FN:293,(anonymous_14)
FN:306,(anonymous_15)
FN:311,(anonymous_16)
FN:358,(anonymous_17)
FN:359,(anonymous_18)
FNF:19
FNH:6
FNDA:4,createDefaultSettings
FNDA:8,ToggleRow
FNDA:12,ChoiceChip
FNDA:2,SettingsScreenContent
FNDA:0,(anonymous_4)
FNDA:1,(anonymous_5)
FNDA:0,(anonymous_6)
FNDA:0,(anonymous_7)
FNDA:0,(anonymous_8)
FNDA:0,(anonymous_9)
FNDA:0,(anonymous_10)
FNDA:0,(anonymous_11)
FNDA:6,(anonymous_12)
FNDA:0,(anonymous_13)
FNDA:0,(anonymous_14)
FNDA:0,(anonymous_15)
FNDA:0,(anonymous_16)
FNDA:0,(anonymous_17)
FNDA:0,(anonymous_18)
DA:45,4
DA:71,8
DA:97,12
DA:122,2
DA:123,2
DA:124,2
DA:127,2
DA:129,2
DA:130,0
DA:135,2
DA:136,1
DA:139,2
DA:140,0
DA:143,2
DA:144,0
DA:150,0
DA:151,0
DA:153,0
DA:154,0
DA:155,0
DA:157,0
DA:158,0
DA:165,0
DA:169,2
DA:170,0
DA:173,2
DA:231,0
DA:240,0
DA:249,0
DA:264,0
DA:270,6
DA:275,0
DA:294,0
DA:306,0
DA:311,0
DA:359,0
DA:360,0
DA:371,1
LF:38
LH:16
BRDA:44,0,0,2
BRDA:82,1,0,8
BRDA:82,1,1,0
BRDA:103,2,0,6
BRDA:103,2,1,6
BRDA:108,3,0,6
BRDA:108,3,1,6
BRDA:130,4,0,0
BRDA:130,4,1,0
BRDA:132,5,0,2
BRDA:132,5,1,0
BRDA:139,6,0,0
BRDA:139,6,1,2
BRDA:160,7,0,0
BRDA:160,7,1,0
BRDA:186,8,0,0
BRDA:186,8,1,2
BRDA:191,9,0,0
BRDA:191,9,1,2
BRDA:238,10,0,2
BRDA:238,10,1,2
BRDA:247,11,0,2
BRDA:247,11,1,2
BRDA:339,12,0,2
BRDA:339,12,1,0
BRDA:348,13,0,1
BRDA:348,13,1,1
BRF:27
BRH:17
end_of_record
TN:
SF:src\config\env.ts
FN:12,parsePositiveNumber
FN:18,getFallbackApiBaseUrl
FNF:2
FNH:2
FNDA:3,parsePositiveNumber
FNDA:3,getFallbackApiBaseUrl
DA:10,3
DA:13,3
DA:15,3
DA:20,3
DA:22,3
DA:23,0
DA:26,3
DA:29,3
LF:8
LH:7
BRDA:10,0,0,3
BRDA:10,0,1,0
BRDA:13,1,0,3
BRDA:13,1,1,3
BRDA:15,2,0,3
BRDA:15,2,1,0
BRDA:15,3,0,3
BRDA:15,3,1,3
BRDA:20,4,0,3
BRDA:20,4,1,3
BRDA:22,5,0,0
BRDA:22,5,1,3
BRDA:31,6,0,3
BRDA:31,6,1,3
BRDA:31,6,2,3
BRF:15
BRH:12
end_of_record
TN:
SF:src\constants\branding.ts
FNF:0
FNH:0
DA:1,1
LF:1
LH:1
BRF:0
BRH:0
end_of_record
TN:
SF:src\constants\colors.ts
FNF:0
FNH:0
DA:3,8
LF:1
LH:1
BRF:0
BRH:0
end_of_record
TN:
SF:src\constants\config.ts
FNF:0
FNH:0
DA:1,5
DA:10,5
LF:2
LH:2
BRF:0
BRH:0
end_of_record
TN:
SF:src\constants\copy.ts
FNF:0
FNH:0
DA:1,8
LF:1
LH:1
BRF:0
BRH:0
end_of_record
TN:
SF:src\constants\options.ts
FNF:0
FNH:0
DA:10,3
DA:15,3
DA:20,3
DA:26,3
DA:32,3
DA:38,3
DA:43,3
DA:47,3
LF:8
LH:8
BRF:0
BRH:0
end_of_record
TN:
SF:src\context\app-context.tsx
FN:35,toErrorMessage
FN:43,mergeUsers
FN:47,(anonymous_2)
FN:82,AppProvider
FN:93,(anonymous_4)
FN:94,(anonymous_5)
FN:98,(anonymous_6)
FN:127,(anonymous_7)
FN:129,(anonymous_8)
FN:154,(anonymous_9)
FN:177,(anonymous_10)
FN:178,(anonymous_11)
FN:185,(anonymous_12)
FN:196,(anonymous_13)
FN:201,(anonymous_14)
FN:226,(anonymous_15)
FN:234,(anonymous_16)
FN:239,(anonymous_17)
FN:248,(anonymous_18)
FN:259,(anonymous_19)
FN:265,(anonymous_20)
FN:265,(anonymous_21)
FN:269,(anonymous_22)
FN:269,(anonymous_23)
FN:274,(anonymous_24)
FN:313,useAppContext
FNF:26
FNH:15
FNDA:2,toErrorMessage
FNDA:1,mergeUsers
FNDA:1,(anonymous_2)
FNDA:4,AppProvider
FNDA:0,(anonymous_4)
FNDA:0,(anonymous_5)
FNDA:2,(anonymous_6)
FNDA:0,(anonymous_7)
FNDA:1,(anonymous_8)
FNDA:2,(anonymous_9)
FNDA:2,(anonymous_10)
FNDA:0,(anonymous_11)
FNDA:0,(anonymous_12)
FNDA:2,(anonymous_13)
FNDA:0,(anonymous_14)
FNDA:0,(anonymous_15)
FNDA:0,(anonymous_16)
FNDA:0,(anonymous_17)
FNDA:0,(anonymous_18)
FNDA:0,(anonymous_19)
FNDA:4,(anonymous_20)
FNDA:2,(anonymous_21)
FNDA:4,(anonymous_22)
FNDA:2,(anonymous_23)
FNDA:4,(anonymous_24)
FNDA:4,useAppContext
DA:36,2
DA:37,2
DA:40,0
DA:44,1
DA:45,1
DA:47,1
DA:48,1
DA:49,0
DA:52,1
DA:53,1
DA:56,1
DA:57,1
DA:59,1
DA:80,1
DA:83,4
DA:84,4
DA:85,4
DA:86,4
DA:87,4
DA:88,4
DA:89,4
DA:90,4
DA:91,4
DA:92,4
DA:93,4
DA:94,0
DA:97,4
DA:99,2
DA:100,2
DA:105,0
DA:106,0
DA:107,0
DA:108,0
DA:109,0
DA:112,0
DA:113,0
DA:114,0
DA:115,0
DA:116,0
DA:117,0
DA:119,2
DA:120,0
DA:121,0
DA:122,0
DA:123,0
DA:124,0
DA:127,2
DA:129,2
DA:132,2
DA:133,2
DA:134,2
DA:139,2
DA:142,2
DA:143,2
DA:146,2
DA:147,0
DA:154,4
DA:155,2
DA:156,2
DA:157,2
DA:158,2
DA:160,2
DA:162,2
DA:163,0
DA:164,0
DA:165,0
DA:166,0
DA:169,2
DA:171,0
DA:173,2
DA:177,4
DA:178,2
DA:179,0
DA:181,0
DA:182,0
DA:184,0
DA:185,0
DA:186,0
DA:193,2
DA:196,4
DA:197,2
DA:200,4
DA:202,0
DA:203,0
DA:205,0
DA:206,0
DA:207,0
DA:211,0
DA:212,0
DA:213,0
DA:214,0
DA:216,0
DA:217,0
DA:218,0
DA:220,0
DA:226,4
DA:227,0
DA:229,0
DA:230,0
DA:232,0
DA:233,0
DA:234,0
DA:238,0
DA:239,0
DA:240,0
DA:241,0
DA:242,0
DA:243,0
DA:244,0
DA:248,4
DA:249,0
DA:251,0
DA:252,0
DA:255,0
DA:256,0
DA:259,4
DA:260,0
DA:261,0
DA:264,4
DA:265,4
DA:268,4
DA:269,4
DA:273,4
DA:274,4
DA:310,4
DA:314,4
DA:316,4
DA:317,0
DA:320,4
LF:129
LH:64
BRDA:36,0,0,2
BRDA:36,0,1,0
BRDA:48,1,0,0
BRDA:48,1,1,1
BRDA:48,2,0,1
BRDA:48,2,1,1
BRDA:105,3,0,0
BRDA:105,3,1,0
BRDA:119,4,0,0
BRDA:119,4,1,2
BRDA:129,5,0,2
BRDA:129,5,1,1
BRDA:132,6,0,2
BRDA:132,6,1,0
BRDA:135,7,0,1
BRDA:135,7,1,1
BRDA:142,8,0,2
BRDA:142,8,1,0
BRDA:146,9,0,0
BRDA:146,9,1,2
BRDA:162,10,0,0
BRDA:162,10,1,2
BRDA:181,11,0,0
BRDA:181,11,1,0
BRDA:186,12,0,0
BRDA:186,12,1,0
BRDA:186,13,0,0
BRDA:186,13,1,0
BRDA:232,14,0,0
BRDA:232,14,1,0
BRDA:251,15,0,0
BRDA:251,15,1,0
BRDA:269,16,0,4
BRDA:269,16,1,4
BRDA:316,17,0,0
BRDA:316,17,1,4
BRF:36
BRH:16
end_of_record
TN:
SF:src\context\sync-context.tsx
FN:43,SyncProvider
FN:51,(anonymous_1)
FN:60,(anonymous_2)
FN:78,(anonymous_3)
FN:82,(anonymous_4)
FN:91,(anonymous_5)
FN:97,(anonymous_6)
FN:101,(anonymous_7)
FN:108,(anonymous_8)
FN:119,useSyncState
FNF:10
FNH:0
FNDA:0,SyncProvider
FNDA:0,(anonymous_1)
FNDA:0,(anonymous_2)
FNDA:0,(anonymous_3)
FNDA:0,(anonymous_4)
FNDA:0,(anonymous_5)
FNDA:0,(anonymous_6)
FNDA:0,(anonymous_7)
FNDA:0,(anonymous_8)
FNDA:0,useSyncState
DA:30,0
DA:41,0
DA:44,0
DA:45,0
DA:46,0
DA:48,0
DA:49,0
DA:51,0
DA:52,0
DA:56,0
DA:57,0
DA:60,0
DA:61,0
DA:62,0
DA:63,0
DA:66,0
DA:67,0
DA:68,0
DA:70,0
DA:72,0
DA:73,0
DA:74,0
DA:78,0
DA:79,0
DA:82,0
DA:83,0
DA:84,0
DA:87,0
DA:89,0
DA:92,0
DA:93,0
DA:97,0
DA:98,0
DA:101,0
DA:102,0
DA:103,0
DA:107,0
DA:108,0
DA:116,0
DA:120,0
DA:122,0
DA:123,0
DA:126,0
LF:43
LH:0
BRDA:61,0,0,0
BRDA:61,0,1,0
BRDA:83,1,0,0
BRDA:83,1,1,0
BRDA:83,2,0,0
BRDA:83,2,1,0
BRDA:92,3,0,0
BRDA:92,3,1,0
BRDA:122,4,0,0
BRDA:122,4,1,0
BRF:10
BRH:0
end_of_record
TN:
SF:src\db\database.ts
FN:12,initializeDatabase
FN:184,seedDatabase
FN:191,(anonymous_2)
FNF:3
FNH:0
FNDA:0,initializeDatabase
FNDA:0,seedDatabase
FNDA:0,(anonymous_2)
DA:13,0
DA:169,0
DA:173,0
DA:177,0
DA:178,0
DA:181,0
DA:185,0
DA:186,0
DA:187,0
DA:188,0
DA:189,0
DA:191,0
DA:192,0
DA:193,0
DA:205,0
DA:206,0
DA:220,0
DA:221,0
DA:236,0
DA:237,0
DA:263,0
DA:264,0
LF:22
LH:0
BRDA:177,0,0,0
BRDA:177,0,1,0
BRDA:271,1,0,0
BRDA:271,1,1,0
BRF:4
BRH:0
end_of_record
TN:
SF:src\db\repositories.ts
FN:114,getPendingRequestForShift
FN:129,getUsers
FN:143,getEmployeeUsers
FN:158,replaceUsersCache
FN:159,(anonymous_4)
FN:183,normalizeUserShell
FN:196,mergeUserShell
FN:216,ensureUsersExist
FN:252,getShiftsByEmployee
FN:275,getAllShifts
FN:293,getShiftById
FN:310,getUpcomingShiftsByEmployee
FN:332,(anonymous_12)
FN:335,getConfirmedSchedule
FN:353,(anonymous_14)
FN:356,getOpenShifts
FN:375,(anonymous_16)
FN:378,getOpenShiftById
FN:401,replaceOpenShiftsCache
FN:405,(anonymous_19)
FN:409,(anonymous_20)
FN:410,(anonymous_21)
FN:448,getRequestsByEmployee
FN:481,getAllRequests
FN:509,getPendingRequests
FN:538,getRequestById
FN:567,upsertShiftCache
FN:571,(anonymous_27)
FN:574,(anonymous_28)
FN:607,upsertRequestCache
FN:611,(anonymous_30)
FN:614,(anonymous_31)
FN:699,countPendingRequestsByEmployee
FN:713,countPendingRequests
FN:721,countOpenShifts
FN:726,detectShiftConflict
FN:758,createOpenShift
FN:779,claimOpenShift
FN:802,(anonymous_38)
FN:827,createLeaveRequest
FN:873,createYieldRequest
FN:941,createSwapRequest
FN:948,approveRequest
FN:989,(anonymous_43)
FN:1043,(anonymous_44)
FN:1072,rejectRequest
FN:1112,getRequestsSortedByPriority
FN:1138,(anonymous_47)
FN:1156,buildDefaultUserSetting
FN:1170,mapUserSettingRow
FN:1184,getUserSetting
FN:1208,upsertUserSetting
FN:1249,mapNotificationRow
FN:1260,getCachedNotifications
FN:1276,replaceCachedNotifications
FN:1280,(anonymous_55)
FN:1300,mapAnnouncementRow
FN:1313,getCachedAnnouncements
FN:1331,replaceCachedAnnouncements
FN:1335,(anonymous_59)
FN:1365,acknowledgeAnnouncementCache
FN:1382,mapActivityLogRow
FN:1396,getCachedActivityLogs
FN:1415,replaceCachedActivityLogs
FN:1419,(anonymous_64)
FN:1451,mapPendingMutationRow
FN:1467,enqueuePendingMutation
FN:1510,getPendingMutations
FN:1519,(anonymous_68)
FN:1542,getPendingMutationById
FN:1567,updatePendingMutation
FN:1594,removeCompletedPendingMutations
FN:1598,getPendingMutationCount
FN:1608,getSyncStateValue
FN:1619,setSyncStateValue
FN:1638,getSyncCursor
FN:1649,setSyncCursor
FN:1668,buildDefaultSyncSnapshot
FN:1681,getSyncStatusSnapshot
FN:1707,setSyncStatusSnapshot
FN:1714,ensureOperationalUserScope
FN:1721,(anonymous_81)
FN:1738,clearOperationalState
FN:1739,(anonymous_83)
FN:1754,mapChecklistRows
FN:1758,(anonymous_85)
FN:1767,(anonymous_86)
FN:1768,(anonymous_87)
FN:1769,(anonymous_88)
FN:1779,getCachedChecklists
FN:1808,replaceCachedChecklists
FN:1812,(anonymous_91)
FNF:92
FNH:0
FNDA:0,getPendingRequestForShift
FNDA:0,getUsers
FNDA:0,getEmployeeUsers
FNDA:0,replaceUsersCache
FNDA:0,(anonymous_4)
FNDA:0,normalizeUserShell
FNDA:0,mergeUserShell
FNDA:0,ensureUsersExist
FNDA:0,getShiftsByEmployee
FNDA:0,getAllShifts
FNDA:0,getShiftById
FNDA:0,getUpcomingShiftsByEmployee
FNDA:0,(anonymous_12)
FNDA:0,getConfirmedSchedule
FNDA:0,(anonymous_14)
FNDA:0,getOpenShifts
FNDA:0,(anonymous_16)
FNDA:0,getOpenShiftById
FNDA:0,replaceOpenShiftsCache
FNDA:0,(anonymous_19)
FNDA:0,(anonymous_20)
FNDA:0,(anonymous_21)
FNDA:0,getRequestsByEmployee
FNDA:0,getAllRequests
FNDA:0,getPendingRequests
FNDA:0,getRequestById
FNDA:0,upsertShiftCache
FNDA:0,(anonymous_27)
FNDA:0,(anonymous_28)
FNDA:0,upsertRequestCache
FNDA:0,(anonymous_30)
FNDA:0,(anonymous_31)
FNDA:0,countPendingRequestsByEmployee
FNDA:0,countPendingRequests
FNDA:0,countOpenShifts
FNDA:0,detectShiftConflict
FNDA:0,createOpenShift
FNDA:0,claimOpenShift
FNDA:0,(anonymous_38)
FNDA:0,createLeaveRequest
FNDA:0,createYieldRequest
FNDA:0,createSwapRequest
FNDA:0,approveRequest
FNDA:0,(anonymous_43)
FNDA:0,(anonymous_44)
FNDA:0,rejectRequest
FNDA:0,getRequestsSortedByPriority
FNDA:0,(anonymous_47)
FNDA:0,buildDefaultUserSetting
FNDA:0,mapUserSettingRow
FNDA:0,getUserSetting
FNDA:0,upsertUserSetting
FNDA:0,mapNotificationRow
FNDA:0,getCachedNotifications
FNDA:0,replaceCachedNotifications
FNDA:0,(anonymous_55)
FNDA:0,mapAnnouncementRow
FNDA:0,getCachedAnnouncements
FNDA:0,replaceCachedAnnouncements
FNDA:0,(anonymous_59)
FNDA:0,acknowledgeAnnouncementCache
FNDA:0,mapActivityLogRow
FNDA:0,getCachedActivityLogs
FNDA:0,replaceCachedActivityLogs
FNDA:0,(anonymous_64)
FNDA:0,mapPendingMutationRow
FNDA:0,enqueuePendingMutation
FNDA:0,getPendingMutations
FNDA:0,(anonymous_68)
FNDA:0,getPendingMutationById
FNDA:0,updatePendingMutation
FNDA:0,removeCompletedPendingMutations
FNDA:0,getPendingMutationCount
FNDA:0,getSyncStateValue
FNDA:0,setSyncStateValue
FNDA:0,getSyncCursor
FNDA:0,setSyncCursor
FNDA:0,buildDefaultSyncSnapshot
FNDA:0,getSyncStatusSnapshot
FNDA:0,setSyncStatusSnapshot
FNDA:0,ensureOperationalUserScope
FNDA:0,(anonymous_81)
FNDA:0,clearOperationalState
FNDA:0,(anonymous_83)
FNDA:0,mapChecklistRows
FNDA:0,(anonymous_85)
FNDA:0,(anonymous_86)
FNDA:0,(anonymous_87)
FNDA:0,(anonymous_88)
FNDA:0,getCachedChecklists
FNDA:0,replaceCachedChecklists
FNDA:0,(anonymous_91)
DA:119,0
DA:130,0
DA:144,0
DA:159,0
DA:160,0
DA:161,0
DA:180,0
DA:184,0
DA:186,0
DA:198,0
DA:200,0
DA:202,0
DA:220,0
DA:222,0
DA:223,0
DA:224,0
DA:227,0
DA:228,0
DA:229,0
DA:235,0
DA:236,0
DA:249,0
DA:256,0
DA:276,0
DA:294,0
DA:314,0
DA:332,0
DA:336,0
DA:353,0
DA:357,0
DA:375,0
DA:382,0
DA:405,0
DA:406,0
DA:409,0
DA:410,0
DA:417,0
DA:419,0
DA:420,0
DA:445,0
DA:452,0
DA:482,0
DA:510,0
DA:539,0
DA:571,0
DA:572,0
DA:574,0
DA:580,0
DA:581,0
DA:604,0
DA:611,0
DA:612,0
DA:615,0
DA:622,0
DA:623,0
DA:630,0
DA:634,0
DA:635,0
DA:658,0
DA:659,0
DA:696,0
DA:703,0
DA:710,0
DA:714,0
DA:718,0
DA:722,0
DA:723,0
DA:732,0
DA:733,0
DA:734,0
DA:748,0
DA:749,0
DA:750,0
DA:753,0
DA:755,0
DA:762,0
DA:764,0
DA:776,0
DA:784,0
DA:786,0
DA:787,0
DA:790,0
DA:791,0
DA:794,0
DA:796,0
DA:797,0
DA:800,0
DA:802,0
DA:803,0
DA:811,0
DA:824,0
DA:831,0
DA:833,0
DA:834,0
DA:837,0
DA:843,0
DA:844,0
DA:847,0
DA:848,0
DA:850,0
DA:870,0
DA:877,0
DA:879,0
DA:880,0
DA:883,0
DA:884,0
DA:887,0
DA:893,0
DA:894,0
DA:897,0
DA:910,0
DA:911,0
DA:914,0
DA:915,0
DA:917,0
DA:938,0
DA:945,0
DA:954,0
DA:971,0
DA:972,0
DA:975,0
DA:976,0
DA:979,0
DA:981,0
DA:982,0
DA:985,0
DA:986,0
DA:988,0
DA:989,0
DA:990,0
DA:995,0
DA:1016,0
DA:1026,0
DA:1027,0
DA:1030,0
DA:1037,0
DA:1038,0
DA:1043,0
DA:1044,0
DA:1052,0
DA:1063,0
DA:1078,0
DA:1083,0
DA:1084,0
DA:1087,0
DA:1088,0
DA:1091,0
DA:1092,0
DA:1094,0
DA:1103,0
DA:1113,0
DA:1138,0
DA:1139,0
DA:1140,0
DA:1143,0
DA:1144,0
DA:1147,0
DA:1157,0
DA:1171,0
DA:1185,0
DA:1201,0
DA:1202,0
DA:1205,0
DA:1212,0
DA:1214,0
DA:1246,0
DA:1250,0
DA:1261,0
DA:1273,0
DA:1280,0
DA:1281,0
DA:1283,0
DA:1284,0
DA:1297,0
DA:1301,0
DA:1314,0
DA:1328,0
DA:1335,0
DA:1336,0
DA:1338,0
DA:1339,0
DA:1362,0
DA:1370,0
DA:1379,0
DA:1383,0
DA:1397,0
DA:1412,0
DA:1419,0
DA:1420,0
DA:1422,0
DA:1423,0
DA:1448,0
DA:1452,0
DA:1471,0
DA:1507,0
DA:1519,0
DA:1520,0
DA:1539,0
DA:1546,0
DA:1564,0
DA:1571,0
DA:1591,0
DA:1595,0
DA:1599,0
DA:1605,0
DA:1609,0
DA:1616,0
DA:1624,0
DA:1626,0
DA:1639,0
DA:1646,0
DA:1654,0
DA:1656,0
DA:1669,0
DA:1682,0
DA:1683,0
DA:1685,0
DA:1686,0
DA:1692,0
DA:1693,0
DA:1694,0
DA:1700,0
DA:1711,0
DA:1718,0
DA:1720,0
DA:1721,0
DA:1722,0
DA:1723,0
DA:1724,0
DA:1725,0
DA:1726,0
DA:1727,0
DA:1728,0
DA:1729,0
DA:1730,0
DA:1731,0
DA:1735,0
DA:1739,0
DA:1740,0
DA:1741,0
DA:1742,0
DA:1743,0
DA:1744,0
DA:1745,0
DA:1746,0
DA:1747,0
DA:1748,0
DA:1749,0
DA:1750,0
DA:1758,0
DA:1767,0
DA:1768,0
DA:1769,0
DA:1780,0
DA:1805,0
DA:1812,0
DA:1813,0
DA:1814,0
DA:1816,0
DA:1817,0
DA:1836,0
DA:1837,0
DA:1857,0
LF:263
LH:0
BRDA:184,0,0,0
BRDA:184,0,1,0
BRDA:189,1,0,0
BRDA:189,1,1,0
BRDA:190,2,0,0
BRDA:190,2,1,0
BRDA:191,3,0,0
BRDA:191,3,1,0
BRDA:192,4,0,0
BRDA:192,4,1,0
BRDA:198,5,0,0
BRDA:198,5,1,0
BRDA:200,6,0,0
BRDA:200,6,1,0
BRDA:205,7,0,0
BRDA:205,7,1,0
BRDA:205,8,0,0
BRDA:205,8,1,0
BRDA:207,9,0,0
BRDA:207,9,1,0
BRDA:207,10,0,0
BRDA:207,10,1,0
BRDA:210,11,0,0
BRDA:210,11,1,0
BRDA:211,12,0,0
BRDA:211,12,1,0
BRDA:212,13,0,0
BRDA:212,13,1,0
BRDA:223,14,0,0
BRDA:223,14,1,0
BRDA:231,15,0,0
BRDA:231,15,1,0
BRDA:413,16,0,0
BRDA:413,16,1,0
BRDA:622,17,0,0
BRDA:622,17,1,0
BRDA:626,18,0,0
BRDA:626,18,1,0
BRDA:710,19,0,0
BRDA:710,19,1,0
BRDA:718,20,0,0
BRDA:718,20,1,0
BRDA:748,21,0,0
BRDA:748,21,1,0
BRDA:786,22,0,0
BRDA:786,22,1,0
BRDA:790,23,0,0
BRDA:790,23,1,0
BRDA:796,24,0,0
BRDA:796,24,1,0
BRDA:833,25,0,0
BRDA:833,25,1,0
BRDA:833,26,0,0
BRDA:833,26,1,0
BRDA:843,27,0,0
BRDA:843,27,1,0
BRDA:879,28,0,0
BRDA:879,28,1,0
BRDA:879,29,0,0
BRDA:879,29,1,0
BRDA:883,30,0,0
BRDA:883,30,1,0
BRDA:893,31,0,0
BRDA:893,31,1,0
BRDA:910,32,0,0
BRDA:910,32,1,0
BRDA:971,33,0,0
BRDA:971,33,1,0
BRDA:975,34,0,0
BRDA:975,34,1,0
BRDA:981,35,0,0
BRDA:981,35,1,0
BRDA:986,36,0,0
BRDA:986,36,1,0
BRDA:988,37,0,0
BRDA:988,37,1,0
BRDA:1026,38,0,0
BRDA:1026,38,1,0
BRDA:1037,39,0,0
BRDA:1037,39,1,0
BRDA:1067,40,0,0
BRDA:1067,40,1,0
BRDA:1083,41,0,0
BRDA:1083,41,1,0
BRDA:1087,42,0,0
BRDA:1087,42,1,0
BRDA:1092,43,0,0
BRDA:1092,43,1,0
BRDA:1107,44,0,0
BRDA:1107,44,1,0
BRDA:1139,45,0,0
BRDA:1139,45,1,0
BRDA:1139,46,0,0
BRDA:1139,46,1,0
BRDA:1143,47,0,0
BRDA:1143,47,1,0
BRDA:1143,48,0,0
BRDA:1143,48,1,0
BRDA:1201,49,0,0
BRDA:1201,49,1,0
BRDA:1236,50,0,0
BRDA:1236,50,1,0
BRDA:1237,51,0,0
BRDA:1237,51,1,0
BRDA:1238,52,0,0
BRDA:1238,52,1,0
BRDA:1239,53,0,0
BRDA:1239,53,1,0
BRDA:1291,54,0,0
BRDA:1291,54,1,0
BRDA:1353,55,0,0
BRDA:1353,55,1,0
BRDA:1357,56,0,0
BRDA:1357,56,1,0
BRDA:1392,57,0,0
BRDA:1392,57,1,0
BRDA:1442,58,0,0
BRDA:1442,58,1,0
BRDA:1503,59,0,0
BRDA:1503,59,1,0
BRDA:1512,60,0,0
BRDA:1564,61,0,0
BRDA:1564,61,1,0
BRDA:1605,62,0,0
BRDA:1605,62,1,0
BRDA:1616,63,0,0
BRDA:1616,63,1,0
BRDA:1638,64,0,0
BRDA:1646,65,0,0
BRDA:1646,65,1,0
BRDA:1685,66,0,0
BRDA:1685,66,1,0
BRDA:1720,67,0,0
BRDA:1720,67,1,0
BRDA:1720,68,0,0
BRDA:1720,68,1,0
BRDA:1850,69,0,0
BRDA:1850,69,1,0
BRF:138
BRH:0
end_of_record
TN:
SF:src\db\seed.ts
FN:15,getSeedUserIds
FN:24,buildSeedUsers
FN:61,buildSeedShifts
FN:122,buildSeedOpenShifts
FN:165,buildSeedRequests
FN:196,buildSeedNotifications
FNF:6
FNH:0
FNDA:0,getSeedUserIds
FNDA:0,buildSeedUsers
FNDA:0,buildSeedShifts
FNDA:0,buildSeedOpenShifts
FNDA:0,buildSeedRequests
FNDA:0,buildSeedNotifications
DA:10,0
DA:11,0
DA:12,0
DA:13,0
DA:16,0
DA:25,0
DA:62,0
DA:63,0
DA:64,0
DA:65,0
DA:66,0
DA:68,0
DA:123,0
DA:124,0
DA:125,0
DA:126,0
DA:128,0
DA:166,0
DA:168,0
DA:197,0
DA:199,0
LF:21
LH:0
BRF:0
BRH:0
end_of_record
TN:
SF:src\db\sqlite-provider.native.tsx
FN:14,AppDatabaseProvider
FN:25,(anonymous_1)
FN:27,(anonymous_2)
FN:38,(anonymous_3)
FN:46,useSQLiteContext
FNF:5
FNH:0
FNDA:0,AppDatabaseProvider
FNDA:0,(anonymous_1)
FNDA:0,(anonymous_2)
FNDA:0,(anonymous_3)
FNDA:0,useSQLiteContext
DA:15,0
DA:16,0
DA:18,0
DA:19,0
DA:26,0
DA:27,0
DA:34,0
DA:38,0
DA:47,0
DA:52,0
LF:10
LH:0
BRDA:18,0,0,0
BRDA:18,0,1,0
BRF:2
BRH:0
end_of_record
TN:
SF:src\db\sqlite-provider.web.tsx
FN:8,AppDatabaseProvider
FN:29,useSQLiteContext
FNF:2
FNH:0
FNDA:0,AppDatabaseProvider
FNDA:0,useSQLiteContext
DA:9,0
DA:11,0
DA:30,0
DA:35,0
LF:4
LH:0
BRF:0
BRH:0
end_of_record
TN:
SF:src\db\transaction.ts
FN:9,runInWriteTransaction
FNF:1
FNH:0
FNDA:0,runInWriteTransaction
DA:13,0
DA:17,0
DA:18,0
DA:21,0
LF:4
LH:0
BRDA:17,0,0,0
BRDA:17,0,1,0
BRF:2
BRH:0
end_of_record
TN:
SF:src\hooks\use-app-query-client.ts
FN:3,useAppQueryClient
FNF:1
FNH:1
FNDA:4,useAppQueryClient
DA:4,4
LF:1
LH:1
BRF:0
BRH:0
end_of_record
TN:
SF:src\hooks\use-app-state.ts
FN:3,useAppState
FNF:1
FNH:0
FNDA:0,useAppState
DA:4,0
LF:1
LH:0
BRF:0
BRH:0
end_of_record
TN:
SF:src\hooks\use-async-data.ts
FN:10,toErrorMessage
FN:18,useAsyncData
FN:30,(anonymous_2)
FN:36,(anonymous_3)
FN:46,(anonymous_4)
FN:49,(anonymous_5)
FN:60,(anonymous_6)
FN:76,(anonymous_7)
FNF:8
FNH:0
FNDA:0,toErrorMessage
FNDA:0,useAsyncData
FNDA:0,(anonymous_2)
FNDA:0,(anonymous_3)
FNDA:0,(anonymous_4)
FNDA:0,(anonymous_5)
FNDA:0,(anonymous_6)
FNDA:0,(anonymous_7)
DA:11,0
DA:12,0
DA:15,0
DA:23,0
DA:24,0
DA:25,0
DA:26,0
DA:28,0
DA:30,0
DA:31,0
DA:32,0
DA:34,0
DA:35,0
DA:36,0
DA:37,0
DA:40,0
DA:42,0
DA:46,0
DA:47,0
DA:49,0
DA:50,0
DA:51,0
DA:53,0
DA:54,0
DA:56,0
DA:57,0
DA:60,0
DA:61,0
DA:64,0
DA:65,0
DA:68,0
DA:69,0
DA:74,0
DA:76,0
DA:77,0
DA:81,0
LF:36
LH:0
BRDA:11,0,0,0
BRDA:11,0,1,0
BRDA:56,1,0,0
BRDA:56,1,1,0
BRDA:64,2,0,0
BRDA:64,2,1,0
BRDA:68,3,0,0
BRDA:68,3,1,0
BRF:8
BRH:0
end_of_record
TN:
SF:src\providers\query-provider.tsx
FN:24,handleAppStateChange
FN:28,AppQueryProvider
FN:29,(anonymous_2)
FN:34,(anonymous_3)
FN:44,getAppQueryClient
FNF:5
FNH:3
FNDA:0,handleAppStateChange
FNDA:2,AppQueryProvider
FNDA:2,(anonymous_2)
FNDA:2,(anonymous_3)
FNDA:0,getAppQueryClient
DA:11,1
DA:25,0
DA:29,2
DA:30,2
DA:34,2
DA:35,2
DA:39,2
DA:45,0
LF:8
LH:6
BRF:0
BRH:0
end_of_record
TN:
SF:src\screens\auth\login-screen.tsx
FN:31,LoginScreen
FN:44,(anonymous_1)
FN:131,(anonymous_2)
FN:172,(anonymous_3)
FN:185,(anonymous_4)
FN:188,(anonymous_5)
FN:197,(anonymous_6)
FNF:7
FNH:6
FNDA:5,LoginScreen
FNDA:2,(anonymous_1)
FNDA:0,(anonymous_2)
FNDA:2,(anonymous_3)
FNDA:10,(anonymous_4)
FNDA:1,(anonymous_5)
FNDA:8,(anonymous_6)
DA:39,5
DA:40,5
DA:41,5
DA:42,5
DA:44,5
DA:45,2
DA:46,1
DA:47,1
DA:50,1
DA:51,1
DA:52,1
DA:57,1
DA:59,1
DA:60,1
DA:63,0
DA:69,5
DA:71,5
DA:132,0
DA:172,2
DA:186,10
DA:189,1
DA:190,1
DA:197,8
DA:221,1
LF:24
LH:22
BRDA:45,0,0,1
BRDA:45,0,1,1
BRDA:45,1,0,2
BRDA:45,1,1,1
BRDA:57,2,0,1
BRDA:57,2,1,0
BRDA:59,3,0,1
BRDA:59,3,1,0
BRDA:64,4,0,0
BRDA:64,4,1,0
BRDA:69,5,0,5
BRDA:69,5,1,4
BRDA:74,6,0,5
BRDA:74,6,1,0
BRDA:126,7,0,0
BRDA:126,7,1,5
BRDA:164,8,0,1
BRDA:164,8,1,4
BRDA:178,9,0,5
BRDA:178,9,1,0
BRDA:193,10,0,5
BRDA:193,10,1,5
BRDA:199,11,0,0
BRDA:199,11,1,8
BRF:24
BRH:16
end_of_record
TN:
SF:src\screens\employee\create-leave-request-screen.tsx
FN:36,CreateLeaveRequestScreen
FN:45,(anonymous_1)
FN:55,(anonymous_2)
FN:58,(anonymous_3)
FN:139,(anonymous_4)
FN:147,(anonymous_5)
FN:153,(anonymous_6)
FNF:7
FNH:5
FNDA:5,CreateLeaveRequestScreen
FNDA:0,(anonymous_1)
FNDA:5,(anonymous_2)
FNDA:1,(anonymous_3)
FNDA:0,(anonymous_4)
FNDA:5,(anonymous_5)
FNDA:1,(anonymous_6)
DA:37,5
DA:38,5
DA:39,5
DA:40,5
DA:41,5
DA:42,5
DA:44,5
DA:45,0
DA:50,5
DA:51,0
DA:54,5
DA:55,5
DA:58,5
DA:59,1
DA:61,1
DA:62,0
DA:63,0
DA:66,1
DA:67,0
DA:68,0
DA:71,1
DA:72,1
DA:73,1
DA:74,1
DA:79,1
DA:80,1
DA:88,1
DA:90,0
DA:96,1
DA:100,5
DA:139,0
DA:148,5
DA:150,5
DA:153,1
DA:204,1
LF:35
LH:27
BRDA:45,0,0,0
BRDA:45,0,1,0
BRDA:50,1,0,0
BRDA:50,1,1,5
BRDA:61,2,0,0
BRDA:61,2,1,1
BRDA:66,3,0,0
BRDA:66,3,1,1
BRDA:81,4,0,1
BRDA:81,4,1,0
BRDA:84,5,0,1
BRDA:84,5,1,0
BRDA:91,6,0,0
BRDA:91,6,1,0
BRDA:106,7,0,5
BRDA:106,7,1,0
BRDA:120,8,0,0
BRDA:120,8,1,5
BRDA:127,9,0,0
BRDA:127,9,1,5
BRDA:134,10,0,0
BRDA:134,10,1,5
BRDA:157,11,0,4
BRDA:157,11,1,1
BRDA:185,12,0,0
BRDA:185,12,1,5
BRF:26
BRH:12
end_of_record
TN:
SF:src\screens\employee\create-swap-request-screen.tsx
FNF:0
FNH:0
LF:0
LH:0
BRF:0
BRH:0
end_of_record
TN:
SF:src\screens\employee\create-yield-request-screen.tsx
FN:37,CreateYieldRequestScreen
FN:47,(anonymous_1)
FN:57,(anonymous_2)
FN:60,(anonymous_3)
FN:144,(anonymous_4)
FN:152,(anonymous_5)
FN:158,(anonymous_6)
FN:184,(anonymous_7)
FN:190,(anonymous_8)
FNF:9
FNH:7
FNDA:6,CreateYieldRequestScreen
FNDA:0,(anonymous_1)
FNDA:6,(anonymous_2)
FNDA:1,(anonymous_3)
FNDA:0,(anonymous_4)
FNDA:6,(anonymous_5)
FNDA:1,(anonymous_6)
FNDA:6,(anonymous_7)
FNDA:1,(anonymous_8)
DA:38,6
DA:39,6
DA:40,6
DA:41,6
DA:42,6
DA:43,6
DA:44,6
DA:46,6
DA:47,0
DA:52,6
DA:53,0
DA:56,6
DA:57,6
DA:60,6
DA:61,1
DA:63,1
DA:64,0
DA:65,0
DA:68,1
DA:69,0
DA:70,0
DA:73,1
DA:74,0
DA:75,0
DA:78,1
DA:79,1
DA:80,1
DA:81,1
DA:87,1
DA:88,1
DA:96,1
DA:98,0
DA:104,1
DA:108,6
DA:144,0
DA:153,6
DA:155,6
DA:158,1
DA:185,6
DA:187,6
DA:190,1
DA:232,1
LF:42
LH:32
BRDA:47,0,0,0
BRDA:47,0,1,0
BRDA:52,1,0,0
BRDA:52,1,1,6
BRDA:63,2,0,0
BRDA:63,2,1,1
BRDA:68,3,0,0
BRDA:68,3,1,1
BRDA:73,4,0,0
BRDA:73,4,1,1
BRDA:89,5,0,0
BRDA:89,5,1,1
BRDA:92,6,0,0
BRDA:92,6,1,1
BRDA:99,7,0,0
BRDA:99,7,1,0
BRDA:111,8,0,6
BRDA:111,8,1,0
BRDA:125,9,0,0
BRDA:125,9,1,6
BRDA:132,10,0,0
BRDA:132,10,1,6
BRDA:139,11,0,0
BRDA:139,11,1,6
BRDA:161,12,0,5
BRDA:161,12,1,1
BRDA:193,13,0,4
BRDA:193,13,1,2
BRDA:215,14,0,0
BRDA:215,14,1,6
BRF:30
BRH:15
end_of_record
TN:
SF:src\screens\employee\employee-calendar-screen.tsx
FN:39,EmployeeCalendarScreen
FN:45,(anonymous_1)
FN:50,(anonymous_2)
FN:131,(anonymous_3)
FN:141,(anonymous_4)
FN:153,(anonymous_5)
FN:157,(anonymous_6)
FN:161,(anonymous_7)
FN:178,(anonymous_8)
FN:182,(anonymous_9)
FNF:10
FNH:0
FNDA:0,EmployeeCalendarScreen
FNDA:0,(anonymous_1)
FNDA:0,(anonymous_2)
FNDA:0,(anonymous_3)
FNDA:0,(anonymous_4)
FNDA:0,(anonymous_5)
FNDA:0,(anonymous_6)
FNDA:0,(anonymous_7)
FNDA:0,(anonymous_8)
FNDA:0,(anonymous_9)
DA:28,0
DA:40,0
DA:41,0
DA:42,0
DA:44,0
DA:45,0
DA:50,0
DA:51,0
DA:52,0
DA:53,0
DA:56,0
DA:57,0
DA:60,0
DA:61,0
DA:65,0
DA:66,0
DA:69,0
DA:75,0
DA:131,0
DA:142,0
DA:154,0
DA:158,0
DA:162,0
DA:179,0
DA:183,0
DA:196,0
LF:26
LH:0
BRDA:45,0,0,0
BRDA:45,0,1,0
BRDA:51,1,0,0
BRDA:51,1,1,0
BRDA:51,2,0,0
BRDA:51,2,1,0
BRDA:56,3,0,0
BRDA:56,3,1,0
BRDA:56,4,0,0
BRDA:56,4,1,0
BRDA:60,5,0,0
BRDA:60,5,1,0
BRDA:65,6,0,0
BRDA:65,6,1,0
BRDA:69,7,0,0
BRDA:69,7,1,0
BRDA:100,8,0,0
BRDA:100,8,1,0
BRDA:104,9,0,0
BRDA:104,9,1,0
BRDA:109,10,0,0
BRDA:109,10,1,0
BRDA:124,11,0,0
BRDA:124,11,1,0
BRDA:124,12,0,0
BRDA:124,12,1,0
BRDA:124,12,2,0
BRDA:135,13,0,0
BRDA:135,13,1,0
BRDA:147,14,0,0
BRDA:147,14,1,0
BRDA:172,15,0,0
BRDA:172,15,1,0
BRF:33
BRH:0
end_of_record
TN:
SF:src\screens\employee\employee-dashboard-screen.tsx
FN:46,EmployeeDashboardScreen
FN:51,(anonymous_1)
FN:117,(anonymous_2)
FN:122,(anonymous_3)
FN:133,(anonymous_4)
FN:140,(anonymous_5)
FN:150,(anonymous_6)
FN:172,(anonymous_7)
FN:177,(anonymous_8)
FN:193,(anonymous_9)
FN:209,(anonymous_10)
FN:215,(anonymous_11)
FNF:12
FNH:0
FNDA:0,EmployeeDashboardScreen
FNDA:0,(anonymous_1)
FNDA:0,(anonymous_2)
FNDA:0,(anonymous_3)
FNDA:0,(anonymous_4)
FNDA:0,(anonymous_5)
FNDA:0,(anonymous_6)
FNDA:0,(anonymous_7)
FNDA:0,(anonymous_8)
FNDA:0,(anonymous_9)
FNDA:0,(anonymous_10)
FNDA:0,(anonymous_11)
DA:37,0
DA:47,0
DA:48,0
DA:50,0
DA:51,0
DA:56,0
DA:57,0
DA:60,0
DA:117,0
DA:123,0
DA:134,0
DA:140,0
DA:151,0
DA:173,0
DA:178,0
DA:194,0
DA:210,0
DA:216,0
DA:217,0
DA:221,0
DA:222,0
DA:231,0
DA:249,0
LF:23
LH:0
BRDA:51,0,0,0
BRDA:51,0,1,0
BRDA:56,1,0,0
BRDA:56,1,1,0
BRDA:111,2,0,0
BRDA:111,2,1,0
BRDA:155,3,0,0
BRDA:155,3,1,0
BRDA:160,4,0,0
BRDA:160,4,1,0
BRDA:167,5,0,0
BRDA:167,5,1,0
BRDA:187,6,0,0
BRDA:187,6,1,0
BRDA:203,7,0,0
BRDA:203,7,1,0
BRDA:214,8,0,0
BRDA:214,8,1,0
BRDA:214,9,0,0
BRDA:214,9,1,0
BRDA:223,10,0,0
BRDA:223,10,1,0
BRDA:226,11,0,0
BRDA:226,11,1,0
BRDA:233,12,0,0
BRDA:233,12,1,0
BRF:26
BRH:0
end_of_record
TN:
SF:src\screens\employee\employee-profile-screen.tsx
FNF:0
FNH:0
LF:0
LH:0
BRF:0
BRH:0
end_of_record
TN:
SF:src\screens\employee\employee-settings-screen.tsx
FN:3,EmployeeSettingsScreen
FNF:1
FNH:0
FNDA:0,EmployeeSettingsScreen
DA:4,0
LF:1
LH:0
BRF:0
BRH:0
end_of_record
TN:
SF:src\screens\employee\employee-statistics-screen.tsx
FN:31,formatHours
FN:35,EmployeeStatisticsScreen
FN:40,(anonymous_2)
FNF:3
FNH:0
FNDA:0,formatHours
FNDA:0,EmployeeStatisticsScreen
FNDA:0,(anonymous_2)
DA:22,0
DA:32,0
DA:36,0
DA:37,0
DA:39,0
DA:40,0
DA:45,0
DA:46,0
DA:49,0
DA:125,0
LF:10
LH:0
BRDA:40,0,0,0
BRDA:40,0,1,0
BRDA:45,1,0,0
BRDA:45,1,1,0
BRDA:57,2,0,0
BRDA:57,2,1,0
BRDA:62,3,0,0
BRDA:62,3,1,0
BRDA:93,4,0,0
BRDA:93,4,1,0
BRDA:113,5,0,0
BRDA:113,5,1,0
BRF:12
BRH:0
end_of_record
TN:
SF:src\screens\employee\my-requests-screen.tsx
FN:21,MyRequestsScreen
FN:26,(anonymous_1)
FN:40,(anonymous_2)
FN:41,(anonymous_3)
FN:42,(anonymous_4)
FN:53,(anonymous_5)
FN:60,(anonymous_6)
FN:87,(anonymous_7)
FNF:8
FNH:0
FNDA:0,MyRequestsScreen
FNDA:0,(anonymous_1)
FNDA:0,(anonymous_2)
FNDA:0,(anonymous_3)
FNDA:0,(anonymous_4)
FNDA:0,(anonymous_5)
FNDA:0,(anonymous_6)
FNDA:0,(anonymous_7)
DA:22,0
DA:23,0
DA:25,0
DA:26,0
DA:31,0
DA:32,0
DA:35,0
DA:40,0
DA:41,0
DA:42,0
DA:54,0
DA:61,0
DA:88,0
DA:98,0
LF:14
LH:0
BRDA:26,0,0,0
BRDA:26,0,1,0
BRDA:31,1,0,0
BRDA:31,1,1,0
BRDA:70,2,0,0
BRDA:70,2,1,0
BRDA:75,3,0,0
BRDA:75,3,1,0
BRF:8
BRH:0
end_of_record
TN:
SF:src\screens\employee\open-shift-detail-screen.tsx
FN:31,OpenShiftDetailScreen
FN:38,(anonymous_1)
FN:47,(anonymous_2)
FN:109,(anonymous_3)
FN:119,(anonymous_4)
FNF:5
FNH:3
FNDA:3,OpenShiftDetailScreen
FNDA:0,(anonymous_1)
FNDA:1,(anonymous_2)
FNDA:0,(anonymous_3)
FNDA:6,(anonymous_4)
DA:32,3
DA:33,3
DA:34,3
DA:35,3
DA:37,3
DA:38,0
DA:43,3
DA:44,0
DA:47,3
DA:48,1
DA:49,0
DA:52,1
DA:53,1
DA:54,1
DA:55,1
DA:56,1
DA:64,1
DA:66,0
DA:73,1
DA:77,3
DA:109,0
DA:120,6
DA:143,1
LF:23
LH:18
BRDA:43,0,0,0
BRDA:43,0,1,3
BRDA:48,1,0,0
BRDA:48,1,1,1
BRDA:57,2,0,1
BRDA:57,2,1,0
BRDA:60,3,0,1
BRDA:60,3,1,0
BRDA:68,4,0,0
BRDA:68,4,1,0
BRDA:90,5,0,0
BRDA:90,5,1,3
BRDA:97,6,0,0
BRDA:97,6,1,3
BRDA:104,7,0,0
BRDA:104,7,1,3
BRDA:128,8,0,3
BRDA:128,8,1,0
BRF:18
BRH:8
end_of_record
TN:
SF:src\screens\employee\open-shifts-screen.tsx
FN:29,OpenShiftsScreen
FN:35,(anonymous_1)
FN:40,(anonymous_2)
FN:55,(anonymous_3)
FN:93,(anonymous_4)
FN:94,(anonymous_5)
FN:99,(anonymous_6)
FN:101,(anonymous_7)
FN:139,(anonymous_8)
FNF:9
FNH:0
FNDA:0,OpenShiftsScreen
FNDA:0,(anonymous_1)
FNDA:0,(anonymous_2)
FNDA:0,(anonymous_3)
FNDA:0,(anonymous_4)
FNDA:0,(anonymous_5)
FNDA:0,(anonymous_6)
FNDA:0,(anonymous_7)
FNDA:0,(anonymous_8)
DA:24,0
DA:30,0
DA:31,0
DA:32,0
DA:34,0
DA:35,0
DA:40,0
DA:41,0
DA:42,0
DA:45,0
DA:56,0
DA:57,0
DA:58,0
DA:63,0
DA:64,0
DA:73,0
DA:80,0
DA:88,0
DA:93,0
DA:95,0
DA:99,0
DA:102,0
DA:139,0
DA:146,0
LF:24
LH:0
BRDA:41,0,0,0
BRDA:41,0,1,0
BRDA:65,1,0,0
BRDA:65,1,1,0
BRDA:68,2,0,0
BRDA:68,2,1,0
BRDA:75,3,0,0
BRDA:75,3,1,0
BRDA:120,4,0,0
BRDA:120,4,1,0
BRDA:125,5,0,0
BRDA:125,5,1,0
BRF:12
BRH:0
end_of_record
TN:
SF:src\screens\manager\approval-detail-screen.tsx
FN:36,ApprovalDetailScreen
FN:46,(anonymous_1)
FN:51,(anonymous_2)
FN:59,(anonymous_3)
FN:94,(anonymous_4)
FN:159,(anonymous_5)
FNF:6
FNH:2
FNDA:1,ApprovalDetailScreen
FNDA:0,(anonymous_1)
FNDA:1,(anonymous_2)
FNDA:0,(anonymous_3)
FNDA:0,(anonymous_4)
FNDA:0,(anonymous_5)
DA:37,1
DA:38,1
DA:39,1
DA:40,1
DA:41,1
DA:45,1
DA:46,0
DA:51,1
DA:52,1
DA:55,1
DA:56,0
DA:59,1
DA:60,0
DA:61,0
DA:64,0
DA:65,0
DA:66,0
DA:72,0
DA:73,0
DA:81,0
DA:83,0
DA:90,0
DA:94,1
DA:95,0
DA:96,0
DA:99,0
DA:100,0
DA:101,0
DA:107,0
DA:108,0
DA:116,0
DA:118,0
DA:125,0
DA:129,1
DA:159,0
DA:238,1
LF:36
LH:13
BRDA:52,0,0,1
BRDA:52,0,1,1
BRDA:55,1,0,0
BRDA:55,1,1,1
BRDA:60,2,0,0
BRDA:60,2,1,0
BRDA:74,3,0,0
BRDA:74,3,1,0
BRDA:77,4,0,0
BRDA:77,4,1,0
BRDA:85,5,0,0
BRDA:85,5,1,0
BRDA:95,6,0,0
BRDA:95,6,1,0
BRDA:109,7,0,0
BRDA:109,7,1,0
BRDA:112,8,0,0
BRDA:112,8,1,0
BRDA:120,9,0,0
BRDA:120,9,1,0
BRDA:142,10,0,0
BRDA:142,10,1,1
BRDA:147,11,0,0
BRDA:147,11,1,1
BRDA:154,12,0,0
BRDA:154,12,1,1
BRDA:172,13,0,0
BRDA:172,13,1,1
BRDA:172,14,0,1
BRDA:172,14,1,0
BRDA:178,15,0,0
BRDA:178,15,1,1
BRDA:186,16,0,1
BRDA:186,16,1,0
BRDA:219,17,0,0
BRDA:219,17,1,0
BRDA:225,18,0,0
BRDA:225,18,1,0
BRF:38
BRH:10
end_of_record
TN:
SF:src\screens\manager\approvals-screen.tsx
FN:20,ApprovalsScreen
FN:25,(anonymous_1)
FN:31,(anonymous_2)
FN:39,(anonymous_3)
FN:40,(anonymous_4)
FN:45,(anonymous_5)
FN:53,(anonymous_6)
FNF:7
FNH:0
FNDA:0,ApprovalsScreen
FNDA:0,(anonymous_1)
FNDA:0,(anonymous_2)
FNDA:0,(anonymous_3)
FNDA:0,(anonymous_4)
FNDA:0,(anonymous_5)
FNDA:0,(anonymous_6)
DA:21,0
DA:22,0
DA:24,0
DA:25,0
DA:30,0
DA:31,0
DA:34,0
DA:39,0
DA:41,0
DA:46,0
DA:53,0
DA:93,0
LF:12
LH:0
BRDA:67,0,0,0
BRDA:67,0,1,0
BRDA:74,1,0,0
BRDA:74,1,1,0
BRF:4
BRH:0
end_of_record
TN:
SF:src\screens\manager\confirmed-schedule-screen.tsx
FN:39,ConfirmedScheduleScreen
FN:45,(anonymous_1)
FN:50,(anonymous_2)
FN:127,(anonymous_3)
FN:139,(anonymous_4)
FN:155,(anonymous_5)
FN:159,(anonymous_6)
FN:171,(anonymous_7)
FN:175,(anonymous_8)
FN:180,(anonymous_9)
FNF:10
FNH:0
FNDA:0,ConfirmedScheduleScreen
FNDA:0,(anonymous_1)
FNDA:0,(anonymous_2)
FNDA:0,(anonymous_3)
FNDA:0,(anonymous_4)
FNDA:0,(anonymous_5)
FNDA:0,(anonymous_6)
FNDA:0,(anonymous_7)
FNDA:0,(anonymous_8)
FNDA:0,(anonymous_9)
DA:28,0
DA:40,0
DA:41,0
DA:42,0
DA:44,0
DA:45,0
DA:50,0
DA:51,0
DA:52,0
DA:53,0
DA:56,0
DA:57,0
DA:60,0
DA:61,0
DA:65,0
DA:71,0
DA:128,0
DA:140,0
DA:156,0
DA:160,0
DA:172,0
DA:176,0
DA:181,0
DA:199,0
LF:24
LH:0
BRDA:51,0,0,0
BRDA:51,0,1,0
BRDA:51,1,0,0
BRDA:51,1,1,0
BRDA:56,2,0,0
BRDA:56,2,1,0
BRDA:56,3,0,0
BRDA:56,3,1,0
BRDA:60,4,0,0
BRDA:60,4,1,0
BRDA:65,5,0,0
BRDA:65,5,1,0
BRDA:96,6,0,0
BRDA:96,6,1,0
BRDA:100,7,0,0
BRDA:100,7,1,0
BRDA:105,8,0,0
BRDA:105,8,1,0
BRDA:120,9,0,0
BRDA:120,9,1,0
BRDA:120,10,0,0
BRDA:120,10,1,0
BRDA:120,10,2,0
BRDA:133,11,0,0
BRDA:133,11,1,0
BRDA:149,12,0,0
BRDA:149,12,1,0
BRDA:165,13,0,0
BRDA:165,13,1,0
BRF:29
BRH:0
end_of_record
TN:
SF:src\screens\manager\create-open-shift-screen.tsx
FN:35,(anonymous_0)
FN:56,CreateOpenShiftScreen
FN:63,(anonymous_2)
FN:117,(anonymous_3)
FN:124,(anonymous_4)
FN:125,(anonymous_5)
FN:147,(anonymous_6)
FN:148,(anonymous_7)
FN:156,(anonymous_8)
FN:165,(anonymous_9)
FN:166,(anonymous_10)
FN:194,(anonymous_11)
FN:195,(anonymous_12)
FN:205,(anonymous_13)
FN:206,(anonymous_14)
FN:216,(anonymous_15)
FN:222,(anonymous_16)
FN:223,(anonymous_17)
FN:245,(anonymous_18)
FN:246,(anonymous_19)
FN:253,(anonymous_20)
FN:259,(anonymous_21)
FN:260,(anonymous_22)
FN:282,(anonymous_23)
FN:283,(anonymous_24)
FN:292,(anonymous_25)
FN:293,(anonymous_26)
FNF:27
FNH:0
FNDA:0,(anonymous_0)
FNDA:0,CreateOpenShiftScreen
FNDA:0,(anonymous_2)
FNDA:0,(anonymous_3)
FNDA:0,(anonymous_4)
FNDA:0,(anonymous_5)
FNDA:0,(anonymous_6)
FNDA:0,(anonymous_7)
FNDA:0,(anonymous_8)
FNDA:0,(anonymous_9)
FNDA:0,(anonymous_10)
FNDA:0,(anonymous_11)
FNDA:0,(anonymous_12)
FNDA:0,(anonymous_13)
FNDA:0,(anonymous_14)
FNDA:0,(anonymous_15)
FNDA:0,(anonymous_16)
FNDA:0,(anonymous_17)
FNDA:0,(anonymous_18)
FNDA:0,(anonymous_19)
FNDA:0,(anonymous_20)
FNDA:0,(anonymous_21)
FNDA:0,(anonymous_22)
FNDA:0,(anonymous_23)
FNDA:0,(anonymous_24)
FNDA:0,(anonymous_25)
FNDA:0,(anonymous_26)
DA:26,0
DA:35,0
DA:36,0
DA:38,0
DA:49,0
DA:57,0
DA:58,0
DA:59,0
DA:60,0
DA:61,0
DA:63,0
DA:64,0
DA:66,0
DA:67,0
DA:68,0
DA:71,0
DA:72,0
DA:73,0
DA:74,0
DA:75,0
DA:76,0
DA:77,0
DA:84,0
DA:90,0
DA:94,0
DA:118,0
DA:120,0
DA:125,0
DA:148,0
DA:158,0
DA:161,0
DA:166,0
DA:195,0
DA:206,0
DA:217,0
DA:219,0
DA:223,0
DA:246,0
DA:254,0
DA:256,0
DA:260,0
DA:283,0
DA:293,0
DA:315,0
LF:44
LH:0
BRDA:41,0,0,0
BRDA:41,0,1,0
BRDA:43,1,0,0
BRDA:43,1,1,0
BRDA:66,2,0,0
BRDA:66,2,1,0
BRDA:78,3,0,0
BRDA:78,3,1,0
BRDA:79,4,0,0
BRDA:79,4,1,0
BRDA:85,5,0,0
BRDA:85,5,1,0
BRDA:100,6,0,0
BRDA:100,6,1,0
BRDA:127,7,0,0
BRDA:127,7,1,0
BRDA:132,8,0,0
BRDA:132,8,1,0
BRDA:158,9,0,0
BRDA:158,9,1,0
BRDA:172,10,0,0
BRDA:172,10,1,0
BRDA:177,11,0,0
BRDA:177,11,1,0
BRDA:225,12,0,0
BRDA:225,12,1,0
BRDA:230,13,0,0
BRDA:230,13,1,0
BRDA:262,14,0,0
BRDA:262,14,1,0
BRDA:267,15,0,0
BRDA:267,15,1,0
BRDA:298,16,0,0
BRDA:298,16,1,0
BRF:34
BRH:0
end_of_record
TN:
SF:src\screens\manager\manager-dashboard-screen.tsx
FN:47,ManagerDashboardScreen
FN:52,(anonymous_1)
FN:119,(anonymous_2)
FN:124,(anonymous_3)
FN:135,(anonymous_4)
FN:140,(anonymous_5)
FN:150,(anonymous_6)
FN:174,(anonymous_7)
FN:177,(anonymous_8)
FN:182,(anonymous_9)
FN:203,(anonymous_10)
FN:219,(anonymous_11)
FN:225,(anonymous_12)
FNF:13
FNH:0
FNDA:0,ManagerDashboardScreen
FNDA:0,(anonymous_1)
FNDA:0,(anonymous_2)
FNDA:0,(anonymous_3)
FNDA:0,(anonymous_4)
FNDA:0,(anonymous_5)
FNDA:0,(anonymous_6)
FNDA:0,(anonymous_7)
FNDA:0,(anonymous_8)
FNDA:0,(anonymous_9)
FNDA:0,(anonymous_10)
FNDA:0,(anonymous_11)
FNDA:0,(anonymous_12)
DA:38,0
DA:48,0
DA:49,0
DA:51,0
DA:52,0
DA:57,0
DA:58,0
DA:61,0
DA:119,0
DA:125,0
DA:135,0
DA:140,0
DA:151,0
DA:174,0
DA:178,0
DA:183,0
DA:204,0
DA:220,0
DA:226,0
DA:227,0
DA:231,0
DA:232,0
DA:243,0
DA:261,0
LF:24
LH:0
BRDA:57,0,0,0
BRDA:57,0,1,0
BRDA:155,1,0,0
BRDA:155,1,1,0
BRDA:162,2,0,0
BRDA:162,2,1,0
BRDA:169,3,0,0
BRDA:169,3,1,0
BRDA:197,4,0,0
BRDA:197,4,1,0
BRDA:213,5,0,0
BRDA:213,5,1,0
BRDA:224,6,0,0
BRDA:224,6,1,0
BRDA:224,7,0,0
BRDA:224,7,1,0
BRDA:233,8,0,0
BRDA:233,8,1,0
BRDA:236,9,0,0
BRDA:236,9,1,0
BRDA:245,10,0,0
BRDA:245,10,1,0
BRF:22
BRH:0
end_of_record
TN:
SF:src\screens\manager\manager-profile-screen.tsx
FNF:0
FNH:0
LF:0
LH:0
BRF:0
BRH:0
end_of_record
TN:
SF:src\screens\manager\manager-settings-screen.tsx
FN:3,ManagerSettingsScreen
FNF:1
FNH:0
FNDA:0,ManagerSettingsScreen
DA:4,0
LF:1
LH:0
BRF:0
BRH:0
end_of_record
TN:
SF:src\screens\manager\manager-statistics-screen.tsx
FN:39,formatHours
FN:43,ManagerStatisticsScreen
FN:48,(anonymous_2)
FN:116,(anonymous_3)
FNF:4
FNH:0
FNDA:0,formatHours
FNDA:0,ManagerStatisticsScreen
FNDA:0,(anonymous_2)
FNDA:0,(anonymous_3)
DA:28,0
DA:40,0
DA:44,0
DA:45,0
DA:47,0
DA:48,0
DA:53,0
DA:117,0
DA:135,0
LF:9
LH:0
BRDA:61,0,0,0
BRDA:61,0,1,0
BRDA:66,1,0,0
BRDA:66,1,1,0
BRF:4
BRH:0
end_of_record
TN:
SF:src\services\flexshift-actions.ts
FN:26,hasRemoteSession
FN:30,buildLocalResult
FN:37,createOpenShiftAction
FN:57,claimOpenShiftAction
FN:79,createLeaveRequestAction
FN:103,createYieldRequestAction
FN:128,approveRequestAction
FN:154,rejectRequestAction
FN:180,acknowledgeAnnouncementAction
FNF:9
FNH:0
FNDA:0,hasRemoteSession
FNDA:0,buildLocalResult
FNDA:0,createOpenShiftAction
FNDA:0,claimOpenShiftAction
FNDA:0,createLeaveRequestAction
FNDA:0,createYieldRequestAction
FNDA:0,approveRequestAction
FNDA:0,rejectRequestAction
FNDA:0,acknowledgeAnnouncementAction
DA:27,0
DA:31,0
DA:41,0
DA:43,0
DA:44,0
DA:47,0
DA:54,0
DA:62,0
DA:64,0
DA:65,0
DA:68,0
DA:76,0
DA:83,0
DA:85,0
DA:86,0
DA:89,0
DA:100,0
DA:107,0
DA:109,0
DA:110,0
DA:113,0
DA:125,0
DA:134,0
DA:136,0
DA:137,0
DA:140,0
DA:151,0
DA:160,0
DA:162,0
DA:163,0
DA:166,0
DA:177,0
DA:184,0
DA:185,0
DA:187,0
DA:188,0
DA:191,0
DA:201,0
LF:38
LH:0
BRDA:43,0,0,0
BRDA:43,0,1,0
BRDA:64,1,0,0
BRDA:64,1,1,0
BRDA:85,2,0,0
BRDA:85,2,1,0
BRDA:109,3,0,0
BRDA:109,3,1,0
BRDA:136,4,0,0
BRDA:136,4,1,0
BRDA:162,5,0,0
BRDA:162,5,1,0
BRDA:187,6,0,0
BRDA:187,6,1,0
BRF:14
BRH:0
end_of_record
TN:
SF:src\services\flexshift-service.ts
FN:145,hasRemoteSession
FN:149,ensureSettingsUserCache
FN:160,mergeUsers
FN:164,(anonymous_3)
FN:179,formatDateKey
FN:186,parseDate
FN:190,getStartOfWeek
FN:199,getEndOfWeek
FN:207,getStartOfMonth
FN:213,getEndOfMonth
FN:219,isDateWithinRange
FN:224,getShiftDurationHours
FN:232,toRecentLabel
FN:241,sortRequestsByRecent
FN:247,createEmptyAgenda
FN:255,buildUpcomingDayWindow
FN:269,buildCalendarDays
FN:275,(anonymous_17)
FN:285,(anonymous_18)
FN:289,(anonymous_19)
FN:295,pickDefaultCalendarDate
FN:300,(anonymous_21)
FN:313,buildNotificationUpdates
FN:316,(anonymous_23)
FN:332,buildActivityLogUpdates
FN:335,(anonymous_25)
FN:351,buildAnnouncementSummaries
FN:356,(anonymous_27)
FN:361,(anonymous_28)
FN:371,formatIsoDateTime
FN:375,buildEmployeeUpdates
FN:382,(anonymous_31)
FN:413,(anonymous_32)
FN:422,buildManagerUpdates
FN:427,(anonymous_34)
FN:449,buildEmployeeDashboardSnapshot
FN:458,(anonymous_36)
FN:466,(anonymous_37)
FN:474,buildManagerDashboardSnapshot
FN:482,(anonymous_39)
FN:495,syncUsersCache
FN:500,syncScheduleCache
FN:521,getRemoteNotifications
FN:527,getLocalNotifications
FN:531,getEmployeeDashboardData
FN:628,getManagerDashboardData
FN:722,getEmployeeRequestFormData
FN:738,(anonymous_47)
FN:748,(anonymous_48)
FN:760,(anonymous_49)
FN:764,getOpenShiftListingSummary
FN:789,buildCalendarSnapshot
FN:800,buildEmployeeCalendarSnapshot
FN:808,(anonymous_53)
FN:812,(anonymous_54)
FN:816,(anonymous_55)
FN:818,(anonymous_56)
FN:826,buildManagerCalendarSnapshot
FN:834,(anonymous_58)
FN:838,(anonymous_59)
FN:842,(anonymous_60)
FN:844,(anonymous_61)
FN:852,buildAgendaForDays
FN:859,(anonymous_63)
FN:862,(anonymous_64)
FN:868,(anonymous_65)
FN:874,(anonymous_66)
FN:883,getEmployeeCalendarData
FN:937,getManagerCalendarData
FN:988,buildEmployeeStatisticsSnapshot
FN:999,(anonymous_70)
FN:1001,(anonymous_71)
FN:1004,(anonymous_72)
FN:1008,(anonymous_73)
FN:1011,(anonymous_74)
FN:1014,(anonymous_75)
FN:1020,(anonymous_76)
FN:1025,(anonymous_77)
FN:1030,(anonymous_78)
FN:1040,buildManagerStatisticsSnapshot
FN:1049,(anonymous_80)
FN:1061,(anonymous_81)
FN:1072,(anonymous_82)
FN:1088,(anonymous_83)
FN:1096,(anonymous_84)
FN:1099,(anonymous_85)
FN:1102,(anonymous_86)
FN:1104,(anonymous_87)
FN:1108,(anonymous_88)
FN:1114,getEmployeeStatisticsData
FN:1139,getManagerStatisticsData
FN:1163,getMyRequestsData
FN:1180,getApprovalRequestsData
FN:1185,(anonymous_93)
FN:1206,getRequestDetailData
FN:1223,getOpenShiftDetailData
FN:1238,getSettingsData
FN:1262,saveSettingsData
FNF:98
FNH:0
FNDA:0,hasRemoteSession
FNDA:0,ensureSettingsUserCache
FNDA:0,mergeUsers
FNDA:0,(anonymous_3)
FNDA:0,formatDateKey
FNDA:0,parseDate
FNDA:0,getStartOfWeek
FNDA:0,getEndOfWeek
FNDA:0,getStartOfMonth
FNDA:0,getEndOfMonth
FNDA:0,isDateWithinRange
FNDA:0,getShiftDurationHours
FNDA:0,toRecentLabel
FNDA:0,sortRequestsByRecent
FNDA:0,createEmptyAgenda
FNDA:0,buildUpcomingDayWindow
FNDA:0,buildCalendarDays
FNDA:0,(anonymous_17)
FNDA:0,(anonymous_18)
FNDA:0,(anonymous_19)
FNDA:0,pickDefaultCalendarDate
FNDA:0,(anonymous_21)
FNDA:0,buildNotificationUpdates
FNDA:0,(anonymous_23)
FNDA:0,buildActivityLogUpdates
FNDA:0,(anonymous_25)
FNDA:0,buildAnnouncementSummaries
FNDA:0,(anonymous_27)
FNDA:0,(anonymous_28)
FNDA:0,formatIsoDateTime
FNDA:0,buildEmployeeUpdates
FNDA:0,(anonymous_31)
FNDA:0,(anonymous_32)
FNDA:0,buildManagerUpdates
FNDA:0,(anonymous_34)
FNDA:0,buildEmployeeDashboardSnapshot
FNDA:0,(anonymous_36)
FNDA:0,(anonymous_37)
FNDA:0,buildManagerDashboardSnapshot
FNDA:0,(anonymous_39)
FNDA:0,syncUsersCache
FNDA:0,syncScheduleCache
FNDA:0,getRemoteNotifications
FNDA:0,getLocalNotifications
FNDA:0,getEmployeeDashboardData
FNDA:0,getManagerDashboardData
FNDA:0,getEmployeeRequestFormData
FNDA:0,(anonymous_47)
FNDA:0,(anonymous_48)
FNDA:0,(anonymous_49)
FNDA:0,getOpenShiftListingSummary
FNDA:0,buildCalendarSnapshot
FNDA:0,buildEmployeeCalendarSnapshot
FNDA:0,(anonymous_53)
FNDA:0,(anonymous_54)
FNDA:0,(anonymous_55)
FNDA:0,(anonymous_56)
FNDA:0,buildManagerCalendarSnapshot
FNDA:0,(anonymous_58)
FNDA:0,(anonymous_59)
FNDA:0,(anonymous_60)
FNDA:0,(anonymous_61)
FNDA:0,buildAgendaForDays
FNDA:0,(anonymous_63)
FNDA:0,(anonymous_64)
FNDA:0,(anonymous_65)
FNDA:0,(anonymous_66)
FNDA:0,getEmployeeCalendarData
FNDA:0,getManagerCalendarData
FNDA:0,buildEmployeeStatisticsSnapshot
FNDA:0,(anonymous_70)
FNDA:0,(anonymous_71)
FNDA:0,(anonymous_72)
FNDA:0,(anonymous_73)
FNDA:0,(anonymous_74)
FNDA:0,(anonymous_75)
FNDA:0,(anonymous_76)
FNDA:0,(anonymous_77)
FNDA:0,(anonymous_78)
FNDA:0,buildManagerStatisticsSnapshot
FNDA:0,(anonymous_80)
FNDA:0,(anonymous_81)
FNDA:0,(anonymous_82)
FNDA:0,(anonymous_83)
FNDA:0,(anonymous_84)
FNDA:0,(anonymous_85)
FNDA:0,(anonymous_86)
FNDA:0,(anonymous_87)
FNDA:0,(anonymous_88)
FNDA:0,getEmployeeStatisticsData
FNDA:0,getManagerStatisticsData
FNDA:0,getMyRequestsData
FNDA:0,getApprovalRequestsData
FNDA:0,(anonymous_93)
FNDA:0,getRequestDetailData
FNDA:0,getOpenShiftDetailData
FNDA:0,getSettingsData
FNDA:0,saveSettingsData
DA:53,2
DA:57,2
DA:146,0
DA:150,0
DA:152,0
DA:161,0
DA:162,0
DA:164,0
DA:165,0
DA:166,0
DA:169,0
DA:170,0
DA:173,0
DA:174,0
DA:176,0
DA:180,0
DA:181,0
DA:182,0
DA:183,0
DA:187,0
DA:191,0
DA:192,0
DA:193,0
DA:194,0
DA:195,0
DA:196,0
DA:200,0
DA:201,0
DA:202,0
DA:203,0
DA:204,0
DA:208,0
DA:209,0
DA:210,0
DA:214,0
DA:215,0
DA:216,0
DA:220,0
DA:221,0
DA:225,0
DA:226,0
DA:228,0
DA:229,0
DA:233,0
DA:234,0
DA:235,0
DA:238,0
DA:242,0
DA:248,0
DA:256,0
DA:257,0
DA:258,0
DA:260,0
DA:261,0
DA:262,0
DA:263,0
DA:266,0
DA:273,0
DA:275,0
DA:276,0
DA:277,0
DA:279,0
DA:285,0
DA:289,0
DA:299,0
DA:301,0
DA:303,0
DA:316,0
DA:335,0
DA:354,0
DA:357,0
DA:361,0
DA:372,0
DA:379,0
DA:384,0
DA:391,0
DA:395,0
DA:409,0
DA:410,0
DA:413,0
DA:423,0
DA:427,0
DA:456,0
DA:457,0
DA:458,0
DA:459,0
DA:462,0
DA:466,0
DA:481,0
DA:482,0
DA:485,0
DA:496,0
DA:497,0
DA:508,0
DA:509,0
DA:512,0
DA:513,0
DA:516,0
DA:517,0
DA:522,0
DA:523,0
DA:524,0
DA:528,0
DA:535,0
DA:536,0
DA:544,0
DA:553,0
DA:559,0
DA:576,0
DA:585,0
DA:606,0
DA:615,0
DA:629,0
DA:630,0
DA:638,0
DA:647,0
DA:653,0
DA:670,0
DA:679,0
DA:700,0
DA:709,0
DA:726,0
DA:727,0
DA:728,0
DA:733,0
DA:734,0
DA:736,0
DA:738,0
DA:741,0
DA:746,0
DA:748,0
DA:753,0
DA:758,0
DA:760,0
DA:765,0
DA:766,0
DA:767,0
DA:768,0
DA:769,0
DA:774,0
DA:775,0
DA:782,0
DA:783,0
DA:793,0
DA:804,0
DA:808,0
DA:812,0
DA:817,0
DA:818,0
DA:830,0
DA:834,0
DA:838,0
DA:843,0
DA:844,0
DA:858,0
DA:859,0
DA:862,0
DA:863,0
DA:864,0
DA:868,0
DA:869,0
DA:870,0
DA:874,0
DA:875,0
DA:876,0
DA:880,0
DA:887,0
DA:889,0
DA:890,0
DA:891,0
DA:896,0
DA:898,0
DA:904,0
DA:906,0
DA:912,0
DA:918,0
DA:922,0
DA:928,0
DA:934,0
DA:938,0
DA:940,0
DA:941,0
DA:942,0
DA:947,0
DA:949,0
DA:955,0
DA:957,0
DA:963,0
DA:969,0
DA:973,0
DA:979,0
DA:985,0
DA:992,0
DA:993,0
DA:994,0
DA:995,0
DA:996,0
DA:998,0
DA:999,0
DA:1001,0
DA:1002,0
DA:1004,0
DA:1005,0
DA:1007,0
DA:1008,0
DA:1010,0
DA:1011,0
DA:1013,0
DA:1014,0
DA:1017,0
DA:1021,0
DA:1026,0
DA:1030,0
DA:1045,0
DA:1046,0
DA:1047,0
DA:1048,0
DA:1049,0
DA:1052,0
DA:1061,0
DA:1062,0
DA:1068,0
DA:1069,0
DA:1072,0
DA:1073,0
DA:1079,0
DA:1080,0
DA:1083,0
DA:1085,0
DA:1088,0
DA:1096,0
DA:1099,0
DA:1102,0
DA:1105,0
DA:1109,0
DA:1118,0
DA:1119,0
DA:1120,0
DA:1122,0
DA:1127,0
DA:1131,0
DA:1136,0
DA:1140,0
DA:1141,0
DA:1142,0
DA:1144,0
DA:1150,0
DA:1154,0
DA:1160,0
DA:1167,0
DA:1168,0
DA:1169,0
DA:1170,0
DA:1171,0
DA:1173,0
DA:1177,0
DA:1181,0
DA:1182,0
DA:1183,0
DA:1184,0
DA:1185,0
DA:1186,0
DA:1187,0
DA:1190,0
DA:1191,0
DA:1194,0
DA:1199,0
DA:1203,0
DA:1210,0
DA:1211,0
DA:1212,0
DA:1213,0
DA:1214,0
DA:1216,0
DA:1220,0
DA:1227,0
DA:1228,0
DA:1229,0
DA:1231,0
DA:1235,0
DA:1239,0
DA:1240,0
DA:1241,0
DA:1242,0
DA:1243,0
DA:1253,0
DA:1255,0
DA:1259,0
DA:1267,0
DA:1268,0
DA:1269,0
DA:1270,0
DA:1271,0
DA:1281,0
DA:1283,0
DA:1284,0
DA:1285,0
DA:1302,0
DA:1303,0
DA:1304,0
LF:300
LH:2
BRDA:154,0,0,0
BRDA:154,0,1,0
BRDA:154,1,0,0
BRDA:154,1,1,0
BRDA:165,2,0,0
BRDA:165,2,1,0
BRDA:165,3,0,0
BRDA:165,3,1,0
BRDA:193,4,0,0
BRDA:193,4,1,0
BRDA:221,5,0,0
BRDA:221,5,1,0
BRDA:234,6,0,0
BRDA:234,6,1,0
BRDA:242,7,0,0
BRDA:242,7,1,0
BRDA:243,8,0,0
BRDA:243,8,1,0
BRDA:255,9,0,0
BRDA:277,10,0,0
BRDA:277,10,1,0
BRDA:300,11,0,0
BRDA:300,11,1,0
BRDA:304,12,0,0
BRDA:304,12,1,0
BRDA:304,12,2,0
BRDA:304,12,3,0
BRDA:322,13,0,0
BRDA:322,13,1,0
BRDA:324,14,0,0
BRDA:324,14,1,0
BRDA:326,15,0,0
BRDA:326,15,1,0
BRDA:338,16,0,0
BRDA:338,16,1,0
BRDA:342,17,0,0
BRDA:342,17,1,0
BRDA:344,18,0,0
BRDA:344,18,1,0
BRDA:344,19,0,0
BRDA:344,19,1,0
BRDA:357,20,0,0
BRDA:357,20,1,0
BRDA:384,21,0,0
BRDA:384,21,1,0
BRDA:386,22,0,0
BRDA:386,22,1,0
BRDA:391,23,0,0
BRDA:391,23,1,0
BRDA:393,24,0,0
BRDA:393,24,1,0
BRDA:399,25,0,0
BRDA:399,25,1,0
BRDA:401,26,0,0
BRDA:401,26,1,0
BRDA:403,27,0,0
BRDA:403,27,1,0
BRDA:409,28,0,0
BRDA:409,28,1,0
BRDA:430,29,0,0
BRDA:430,29,1,0
BRDA:432,30,0,0
BRDA:432,30,1,0
BRDA:436,31,0,0
BRDA:436,31,1,0
BRDA:439,32,0,0
BRDA:439,32,1,0
BRDA:441,33,0,0
BRDA:441,33,1,0
BRDA:443,34,0,0
BRDA:443,34,1,0
BRDA:496,35,0,0
BRDA:496,35,1,0
BRDA:508,36,0,0
BRDA:508,36,1,0
BRDA:512,37,0,0
BRDA:512,37,1,0
BRDA:516,38,0,0
BRDA:516,38,1,0
BRDA:535,39,0,0
BRDA:535,39,1,0
BRDA:563,40,0,0
BRDA:563,40,1,0
BRDA:589,41,0,0
BRDA:589,41,1,0
BRDA:591,42,0,0
BRDA:591,42,1,0
BRDA:619,43,0,0
BRDA:619,43,1,0
BRDA:621,44,0,0
BRDA:621,44,1,0
BRDA:629,45,0,0
BRDA:629,45,1,0
BRDA:657,46,0,0
BRDA:657,46,1,0
BRDA:683,47,0,0
BRDA:683,47,1,0
BRDA:685,48,0,0
BRDA:685,48,1,0
BRDA:713,49,0,0
BRDA:713,49,1,0
BRDA:715,50,0,0
BRDA:715,50,1,0
BRDA:726,51,0,0
BRDA:726,51,1,0
BRDA:765,52,0,0
BRDA:765,52,1,0
BRDA:863,53,0,0
BRDA:863,53,1,0
BRDA:869,54,0,0
BRDA:869,54,1,0
BRDA:875,55,0,0
BRDA:875,55,1,0
BRDA:889,56,0,0
BRDA:889,56,1,0
BRDA:940,57,0,0
BRDA:940,57,1,0
BRDA:1034,58,0,0
BRDA:1034,58,1,0
BRDA:1062,59,0,0
BRDA:1062,59,1,0
BRDA:1073,60,0,0
BRDA:1073,60,1,0
BRDA:1091,61,0,0
BRDA:1091,61,1,0
BRDA:1118,62,0,0
BRDA:1118,62,1,0
BRDA:1140,63,0,0
BRDA:1140,63,1,0
BRDA:1167,64,0,0
BRDA:1167,64,1,0
BRDA:1181,65,0,0
BRDA:1181,65,1,0
BRDA:1186,66,0,0
BRDA:1186,66,1,0
BRDA:1186,67,0,0
BRDA:1186,67,1,0
BRDA:1190,68,0,0
BRDA:1190,68,1,0
BRDA:1190,69,0,0
BRDA:1190,69,1,0
BRDA:1194,70,0,0
BRDA:1194,70,1,0
BRDA:1195,71,0,0
BRDA:1195,71,1,0
BRDA:1210,72,0,0
BRDA:1210,72,1,0
BRDA:1227,73,0,0
BRDA:1227,73,1,0
BRDA:1239,74,0,0
BRDA:1239,74,1,0
BRDA:1267,75,0,0
BRDA:1267,75,1,0
BRDA:1288,76,0,0
BRDA:1288,76,1,0
BRDA:1290,77,0,0
BRDA:1290,77,1,0
BRDA:1292,78,0,0
BRDA:1292,78,1,0
BRDA:1293,79,0,0
BRDA:1293,79,1,0
BRDA:1295,80,0,0
BRDA:1295,80,1,0
BRDA:1296,81,0,0
BRDA:1296,81,1,0
BRDA:1297,82,0,0
BRDA:1297,82,1,0
BRDA:1307,83,0,0
BRDA:1307,83,1,0
BRDA:1309,84,0,0
BRDA:1309,84,1,0
BRDA:1311,85,0,0
BRDA:1311,85,1,0
BRDA:1312,86,0,0
BRDA:1312,86,1,0
BRDA:1314,87,0,0
BRDA:1314,87,1,0
BRDA:1315,88,0,0
BRDA:1315,88,1,0
BRDA:1316,89,0,0
BRDA:1316,89,1,0
BRF:181
BRH:0
end_of_record
TN:
SF:src\services\api\api-client.ts
FN:22,buildHeaders
FN:36,isAbortError
FN:44,createAbortSignal
FN:46,(anonymous_3)
FN:50,(anonymous_4)
FN:64,(anonymous_5)
FN:74,parseError
FN:106,executeFetch
FN:143,refreshSession
FN:173,ensureRefreshedSession
FN:175,(anonymous_10)
FN:183,executeRequest
FN:205,apiRequest
FN:230,resetApiClientStateForTests
FNF:14
FNH:13
FNDA:6,buildHeaders
FNDA:1,isAbortError
FNDA:6,createAbortSignal
FNDA:1,(anonymous_3)
FNDA:0,(anonymous_4)
FNDA:6,(anonymous_5)
FNDA:2,parseError
FNDA:6,executeFetch
FNDA:1,refreshSession
FNDA:2,ensureRefreshedSession
FNDA:1,(anonymous_10)
FNDA:5,executeRequest
FNDA:3,apiRequest
FNDA:2,resetApiClientStateForTests
DA:20,3
DA:23,6
DA:25,6
DA:26,1
DA:29,6
DA:30,4
DA:33,6
DA:37,1
DA:45,6
DA:46,6
DA:47,1
DA:50,6
DA:51,0
DA:54,6
DA:55,0
DA:56,0
DA:58,0
DA:62,6
DA:65,6
DA:67,6
DA:68,0
DA:77,2
DA:78,2
DA:80,0
DA:83,2
DA:84,2
DA:88,2
DA:92,2
DA:93,2
DA:96,0
DA:99,0
DA:100,0
DA:103,0
DA:117,6
DA:118,6
DA:119,6
DA:121,6
DA:122,6
DA:129,1
DA:130,1
DA:137,0
DA:139,6
DA:144,1
DA:145,1
DA:147,1
DA:148,0
DA:149,0
DA:152,1
DA:153,1
DA:163,1
DA:164,0
DA:165,0
DA:168,1
DA:169,1
DA:170,1
DA:174,2
DA:175,1
DA:176,1
DA:180,2
DA:188,5
DA:194,4
DA:195,0
DA:198,4
DA:199,2
DA:202,2
DA:209,3
DA:210,3
DA:211,3
DA:213,3
DA:214,3
DA:216,3
DA:217,1
DA:220,2
DA:222,2
DA:223,0
DA:226,2
DA:231,2
LF:77
LH:60
BRDA:23,0,0,6
BRDA:23,0,1,6
BRDA:25,1,0,1
BRDA:25,1,1,5
BRDA:29,2,0,4
BRDA:29,2,1,2
BRDA:38,3,0,1
BRDA:38,3,1,1
BRDA:38,3,2,0
BRDA:54,4,0,0
BRDA:54,4,1,6
BRDA:55,5,0,0
BRDA:55,5,1,0
BRDA:67,6,0,0
BRDA:67,6,1,6
BRDA:83,7,0,2
BRDA:83,7,1,0
BRDA:83,8,0,2
BRDA:83,8,1,2
BRDA:83,8,2,2
BRDA:84,9,0,0
BRDA:84,9,1,2
BRDA:88,10,0,0
BRDA:88,10,1,2
BRDA:88,11,0,2
BRDA:88,11,1,0
BRDA:92,12,0,2
BRDA:92,12,1,0
BRDA:99,13,0,0
BRDA:99,13,1,0
BRDA:118,14,0,6
BRDA:118,14,1,4
BRDA:125,15,0,1
BRDA:125,15,1,5
BRDA:129,16,0,1
BRDA:129,16,1,0
BRDA:147,17,0,0
BRDA:147,17,1,1
BRDA:163,18,0,0
BRDA:163,18,1,1
BRDA:174,19,0,1
BRDA:174,19,1,1
BRDA:194,20,0,0
BRDA:194,20,1,4
BRDA:198,21,0,2
BRDA:198,21,1,2
BRDA:207,22,0,2
BRDA:211,23,0,2
BRDA:211,23,1,1
BRDA:216,24,0,1
BRDA:216,24,1,2
BRDA:216,25,0,3
BRDA:216,25,1,2
BRDA:222,26,0,0
BRDA:222,26,1,2
BRF:55
BRH:38
end_of_record
TN:
SF:src\services\api\api-errors.ts
FN:2,(anonymous_0)
FN:13,(anonymous_1)
FNF:2
FNH:2
FNDA:4,(anonymous_0)
FNDA:2,(anonymous_1)
DA:7,4
DA:8,4
DA:14,2
DA:15,2
LF:4
LH:4
BRDA:13,0,0,0
BRF:1
BRH:0
end_of_record
TN:
SF:src\services\api\flexshift-api.ts
FN:50,loginRequest
FN:58,refreshSessionRequest
FN:66,logoutRequest
FN:73,getCurrentUserRequest
FN:77,updatePasswordRequest
FN:84,getEmployeesRequest
FN:88,getShiftsRequest
FN:116,getRequestsRequest
FN:127,getRequestDetailRequest
FN:131,createLeaveRequestRequest
FN:143,createYieldRequestRequest
FN:156,approveRequestRequest
FN:168,rejectRequestRequest
FN:180,getOpenShiftsRequest
FN:184,getOpenShiftDetailRequest
FN:188,createOpenShiftRequest
FN:200,claimOpenShiftRequest
FN:213,getCalendarRequest
FN:228,getEmployeeStatisticsRequest
FN:232,getManagerStatisticsRequest
FN:236,getUserSettingsRequest
FN:240,updateUserSettingsRequest
FN:247,getNotificationsRequest
FN:251,markNotificationReadRequest
FN:257,getAnnouncementsRequest
FN:261,acknowledgeAnnouncementRequest
FN:277,getActivityRequest
FN:281,getSyncPullRequest
FNF:28
FNH:0
FNDA:0,loginRequest
FNDA:0,refreshSessionRequest
FNDA:0,logoutRequest
FNDA:0,getCurrentUserRequest
FNDA:0,updatePasswordRequest
FNDA:0,getEmployeesRequest
FNDA:0,getShiftsRequest
FNDA:0,getRequestsRequest
FNDA:0,getRequestDetailRequest
FNDA:0,createLeaveRequestRequest
FNDA:0,createYieldRequestRequest
FNDA:0,approveRequestRequest
FNDA:0,rejectRequestRequest
FNDA:0,getOpenShiftsRequest
FNDA:0,getOpenShiftDetailRequest
FNDA:0,createOpenShiftRequest
FNDA:0,claimOpenShiftRequest
FNDA:0,getCalendarRequest
FNDA:0,getEmployeeStatisticsRequest
FNDA:0,getManagerStatisticsRequest
FNDA:0,getUserSettingsRequest
FNDA:0,updateUserSettingsRequest
FNDA:0,getNotificationsRequest
FNDA:0,markNotificationReadRequest
FNDA:0,getAnnouncementsRequest
FNDA:0,acknowledgeAnnouncementRequest
FNDA:0,getActivityRequest
FNDA:0,getSyncPullRequest
DA:51,0
DA:59,0
DA:67,0
DA:74,0
DA:78,0
DA:85,0
DA:94,0
DA:96,0
DA:97,0
DA:100,0
DA:101,0
DA:104,0
DA:105,0
DA:108,0
DA:109,0
DA:112,0
DA:113,0
DA:117,0
DA:119,0
DA:120,0
DA:123,0
DA:124,0
DA:128,0
DA:137,0
DA:150,0
DA:162,0
DA:174,0
DA:181,0
DA:185,0
DA:194,0
DA:207,0
DA:214,0
DA:216,0
DA:217,0
DA:220,0
DA:221,0
DA:224,0
DA:225,0
DA:229,0
DA:233,0
DA:237,0
DA:241,0
DA:248,0
DA:252,0
DA:258,0
DA:268,0
DA:278,0
DA:282,0
LF:48
LH:0
BRDA:69,0,0,0
BRDA:69,0,1,0
BRDA:96,1,0,0
BRDA:96,1,1,0
BRDA:100,2,0,0
BRDA:100,2,1,0
BRDA:104,3,0,0
BRDA:104,3,1,0
BRDA:108,4,0,0
BRDA:108,4,1,0
BRDA:113,5,0,0
BRDA:113,5,1,0
BRDA:119,6,0,0
BRDA:119,6,1,0
BRDA:124,7,0,0
BRDA:124,7,1,0
BRDA:209,8,0,0
BRDA:209,8,1,0
BRDA:216,9,0,0
BRDA:216,9,1,0
BRDA:220,10,0,0
BRDA:220,10,1,0
BRDA:225,11,0,0
BRDA:225,11,1,0
BRDA:272,12,0,0
BRDA:272,12,1,0
BRDA:277,13,0,0
BRDA:281,14,0,0
BRF:28
BRH:0
end_of_record
TN:
SF:src\services\session\auth-storage.native.ts
FN:5,readStoredSession
FN:10,writeStoredSession
FN:14,clearStoredSession
FNF:3
FNH:0
FNDA:0,readStoredSession
FNDA:0,writeStoredSession
FNDA:0,clearStoredSession
DA:3,2
DA:6,0
DA:7,0
DA:11,0
DA:15,0
LF:5
LH:1
BRDA:7,0,0,0
BRDA:7,0,1,0
BRF:2
BRH:0
end_of_record
TN:
SF:src\services\session\auth-storage.ts
FN:6,readStoredSession
FN:19,writeStoredSession
FN:32,clearStoredSession
FNF:3
FNH:0
FNDA:0,readStoredSession
FNDA:0,writeStoredSession
FNDA:0,clearStoredSession
DA:4,0
DA:7,0
DA:8,0
DA:9,0
DA:12,0
DA:15,0
DA:16,0
DA:20,0
DA:21,0
DA:22,0
DA:25,0
DA:26,0
DA:29,0
DA:33,0
DA:34,0
DA:35,0
DA:38,0
DA:39,0
DA:42,0
LF:19
LH:0
BRDA:7,0,0,0
BRDA:7,0,1,0
BRDA:8,1,0,0
BRDA:8,1,1,0
BRDA:16,2,0,0
BRDA:16,2,1,0
BRDA:20,3,0,0
BRDA:20,3,1,0
BRDA:21,4,0,0
BRDA:21,4,1,0
BRDA:33,5,0,0
BRDA:33,5,1,0
BRDA:34,6,0,0
BRDA:34,6,1,0
BRF:14
BRH:0
end_of_record
TN:
SF:src\services\session\auth-storage.web.ts
FN:3,readStoredSession
FN:11,writeStoredSession
FN:19,clearStoredSession
FNF:3
FNH:0
FNDA:0,readStoredSession
FNDA:0,writeStoredSession
FNDA:0,clearStoredSession
DA:1,0
DA:4,0
DA:5,0
DA:8,0
DA:12,0
DA:13,0
DA:16,0
DA:20,0
DA:21,0
DA:24,0
LF:10
LH:0
BRDA:4,0,0,0
BRDA:4,0,1,0
BRDA:12,1,0,0
BRDA:12,1,1,0
BRDA:20,2,0,0
BRDA:20,2,1,0
BRF:6
BRH:0
end_of_record
TN:
SF:src\services\session\device-context.ts
FN:18,readStoredDeviceId
FN:30,writeStoredDeviceId
FN:43,getDeviceContext
FNF:3
FNH:0
FNDA:0,readStoredDeviceId
FNDA:0,writeStoredDeviceId
FNDA:0,getDeviceContext
DA:7,2
DA:16,2
DA:19,0
DA:20,0
DA:21,0
DA:24,0
DA:27,0
DA:31,0
DA:32,0
DA:33,0
DA:36,0
DA:37,0
DA:40,0
DA:44,0
DA:45,0
DA:48,0
DA:50,0
DA:51,0
DA:52,0
DA:55,0
DA:62,0
LF:21
LH:2
BRDA:19,0,0,0
BRDA:19,0,1,0
BRDA:20,1,0,0
BRDA:20,1,1,0
BRDA:31,2,0,0
BRDA:31,2,1,0
BRDA:32,3,0,0
BRDA:32,3,1,0
BRDA:44,4,0,0
BRDA:44,4,1,0
BRDA:50,5,0,0
BRDA:50,5,1,0
BRDA:57,6,0,0
BRDA:57,6,1,0
BRDA:59,7,0,0
BRDA:59,7,1,0
BRF:16
BRH:0
end_of_record
TN:
SF:src\services\session\session-store.ts
FN:20,emitSessionChange
FN:22,(anonymous_1)
FN:25,getSessionSnapshot
FN:32,subscribeSession
FN:36,(anonymous_4)
FN:41,restoreSessionSnapshot
FN:67,setAuthSession
FN:84,clearAuthSession
FNF:8
FNH:0
FNDA:0,emitSessionChange
FNDA:0,(anonymous_1)
FNDA:0,getSessionSnapshot
FNDA:0,subscribeSession
FNDA:0,(anonymous_4)
FNDA:0,restoreSessionSnapshot
FNDA:0,setAuthSession
FNDA:0,clearAuthSession
DA:16,2
DA:17,2
DA:18,2
DA:21,0
DA:22,0
DA:26,0
DA:33,0
DA:34,0
DA:36,0
DA:37,0
DA:42,0
DA:43,0
DA:45,0
DA:47,0
DA:48,0
DA:49,0
DA:50,0
DA:51,0
DA:54,0
DA:55,0
DA:56,0
DA:58,0
DA:59,0
DA:60,0
DA:63,0
DA:64,0
DA:71,0
DA:72,0
DA:74,0
DA:75,0
DA:77,0
DA:80,0
DA:81,0
DA:85,0
LF:34
LH:3
BRDA:47,0,0,0
BRDA:47,0,1,0
BRDA:69,1,0,0
BRDA:72,2,0,0
BRDA:72,2,1,0
BRDA:74,3,0,0
BRDA:74,3,1,0
BRF:7
BRH:0
end_of_record
TN:
SF:src\services\sync\sync-engine.ts
FN:56,createPendingMutationRecord
FN:78,sendPendingMutation
FN:141,applySyncPull
FN:201,updateSyncSnapshot
FN:211,flushPendingMutations
FN:256,executeSyncCycle
FN:306,runSyncCycle
FN:308,(anonymous_7)
FN:316,queueMutation
FN:338,hydrateSyncStatus
FN:342,getPendingAnnouncementCount
FN:347,resetSyncEngineStateForTests
FNF:12
FNH:10
FNDA:1,createPendingMutationRecord
FNDA:1,sendPendingMutation
FNDA:2,applySyncPull
FNDA:6,updateSyncSnapshot
FNDA:3,flushPendingMutations
FNDA:3,executeSyncCycle
FNDA:4,runSyncCycle
FNDA:3,(anonymous_7)
FNDA:1,queueMutation
FNDA:0,hydrateSyncStatus
FNDA:0,getPendingAnnouncementCount
FNDA:3,resetSyncEngineStateForTests
DA:54,3
DA:63,1
DA:79,1
DA:81,1
DA:83,0
DA:94,1
DA:99,0
DA:106,0
DA:114,0
DA:123,0
DA:132,0
DA:137,0
DA:145,2
DA:147,2
DA:148,0
DA:151,2
DA:152,0
DA:155,2
DA:156,0
DA:159,2
DA:160,0
DA:163,2
DA:164,1
DA:165,1
DA:167,1
DA:174,1
DA:186,2
DA:187,0
DA:190,2
DA:191,0
DA:194,2
DA:195,0
DA:198,2
DA:205,6
DA:206,6
DA:207,6
DA:208,6
DA:212,3
DA:214,3
DA:215,1
DA:221,1
DA:222,1
DA:224,0
DA:230,0
DA:236,0
DA:243,1
DA:248,1
DA:249,1
DA:253,2
DA:257,3
DA:259,3
DA:260,0
DA:263,3
DA:265,3
DA:271,3
DA:272,3
DA:274,2
DA:275,2
DA:276,2
DA:278,2
DA:279,2
DA:289,1
DA:290,0
DA:291,0
DA:292,0
DA:295,1
DA:302,1
DA:307,4
DA:308,3
DA:309,3
DA:313,4
DA:320,1
DA:322,1
DA:323,1
DA:325,1
DA:326,0
DA:330,1
DA:332,1
DA:339,0
DA:343,0
DA:344,0
DA:348,3
LF:82
LH:57
BRDA:67,0,0,1
BRDA:67,0,1,0
BRDA:81,1,0,0
BRDA:81,1,1,1
BRDA:81,1,2,0
BRDA:81,1,3,0
BRDA:81,1,4,0
BRDA:81,1,5,0
BRDA:81,1,6,0
BRDA:81,1,7,0
BRDA:116,2,0,0
BRDA:116,2,1,0
BRDA:125,3,0,0
BRDA:125,3,1,0
BRDA:147,4,0,0
BRDA:147,4,1,2
BRDA:151,5,0,0
BRDA:151,5,1,2
BRDA:155,6,0,0
BRDA:155,6,1,2
BRDA:159,7,0,0
BRDA:159,7,1,2
BRDA:163,8,0,1
BRDA:163,8,1,1
BRDA:169,9,0,1
BRDA:169,9,1,0
BRDA:169,10,0,1
BRDA:169,10,1,1
BRDA:186,11,0,0
BRDA:186,11,1,2
BRDA:190,12,0,0
BRDA:190,12,1,2
BRDA:194,13,0,0
BRDA:194,13,1,2
BRDA:230,14,0,0
BRDA:230,14,1,0
BRDA:231,15,0,0
BRDA:231,15,1,0
BRDA:231,15,2,0
BRDA:231,15,3,0
BRDA:259,16,0,0
BRDA:259,16,1,3
BRDA:289,17,0,0
BRDA:289,17,1,1
BRDA:289,18,0,1
BRDA:289,18,1,0
BRDA:297,19,0,1
BRDA:297,19,1,0
BRDA:298,20,0,1
BRDA:298,20,1,0
BRDA:307,21,0,3
BRDA:307,21,1,1
BRDA:325,22,0,0
BRDA:325,22,1,1
BRDA:325,23,0,1
BRDA:325,23,1,0
BRDA:334,24,0,1
BRDA:334,24,1,0
BRF:58
BRH:24
end_of_record
TN:
SF:src\services\sync\sync-helpers.ts
FN:9,isLikelyOfflineError
FN:26,buildSyncSnapshot
FN:36,buildFailedMutationRecord
FN:50,countPendingAcknowledgements
FN:54,(anonymous_4)
FNF:5
FNH:5
FNDA:2,isLikelyOfflineError
FNDA:7,buildSyncSnapshot
FNDA:2,buildFailedMutationRecord
FNDA:1,countPendingAcknowledgements
FNDA:1,(anonymous_4)
DA:10,2
DA:11,2
DA:14,0
DA:15,0
DA:16,0
DA:23,0
DA:30,7
DA:40,2
DA:53,1
DA:54,1
LF:10
LH:6
BRDA:10,0,0,2
BRDA:10,0,1,0
BRDA:14,1,0,0
BRDA:14,1,1,0
BRDA:17,2,0,0
BRDA:17,2,1,0
BRDA:17,2,2,0
BRDA:44,3,0,1
BRDA:44,3,1,1
BRDA:44,4,0,2
BRDA:44,4,1,1
BRDA:46,5,0,2
BRDA:46,5,1,0
BRDA:54,6,0,1
BRDA:54,6,1,1
BRF:15
BRH:8
end_of_record
TN:
SF:src\test-utils\fixtures.ts
FNF:0
FNH:0
DA:10,9
DA:19,9
DA:28,9
DA:42,9
DA:63,9
DA:74,9
DA:85,9
LF:7
LH:7
BRF:0
BRH:0
end_of_record
TN:
SF:src\theme\tokens.ts
FNF:0
FNH:0
DA:1,8
DA:25,8
DA:36,8
DA:46,8
DA:60,8
DA:64,8
LF:6
LH:6
BRF:0
BRH:0
end_of_record
TN:
SF:src\types\models.ts
FNF:0
FNH:0
LF:0
LH:0
BRF:0
BRH:0
end_of_record
TN:
SF:src\utils\date.ts
FN:6,parseDateParts
FN:11,formatDateParts
FN:15,toEpochDay
FN:20,buildAbsoluteShiftWindow
FN:40,pad
FN:44,formatDateInput
FN:48,formatIsoTimestamp
FN:52,addDays
FN:58,addCalendarDays
FN:70,getAdjacentDateStrings
FN:74,toMinutes
FN:79,hasTimeOverlap
FN:95,hasDateTimeOverlap
FN:113,isShiftWindowChronologicallyValid
FN:120,compareDateTime
FN:131,formatDisplayDate
FN:140,formatDateTimeLabel
FN:148,isUpcoming
FNF:18
FNH:13
FNDA:17,parseDateParts
FNDA:3,formatDateParts
FNDA:14,toEpochDay
FNDA:14,buildAbsoluteShiftWindow
FNDA:38,pad
FNDA:0,formatDateInput
FNDA:0,formatIsoTimestamp
FNDA:0,addDays
FNDA:3,addCalendarDays
FNDA:1,getAdjacentDateStrings
FNDA:32,toMinutes
FNDA:2,hasTimeOverlap
FNDA:4,hasDateTimeOverlap
FNDA:2,isShiftWindowChronologicallyValid
FNDA:0,compareDateTime
FNDA:16,formatDisplayDate
FNDA:16,formatDateTimeLabel
FNDA:0,isUpcoming
DA:1,5
DA:4,5
DA:7,17
DA:8,17
DA:12,3
DA:16,14
DA:17,14
DA:25,14
DA:26,14
DA:27,14
DA:28,14
DA:30,14
DA:34,14
DA:41,38
DA:45,0
DA:49,0
DA:53,0
DA:54,0
DA:55,0
DA:59,3
DA:60,3
DA:61,3
DA:63,3
DA:71,1
DA:75,32
DA:76,32
DA:85,2
DA:86,2
DA:87,2
DA:89,2
DA:103,4
DA:104,4
DA:110,4
DA:117,2
DA:126,0
DA:127,0
DA:128,0
DA:132,16
DA:133,16
DA:134,0
DA:137,16
DA:145,16
DA:149,0
DA:150,0
DA:151,0
LF:45
LH:33
BRDA:32,0,0,3
BRDA:32,0,1,11
BRDA:48,1,0,0
BRDA:75,2,0,0
BRDA:75,3,0,0
BRDA:90,4,0,2
BRDA:90,4,1,2
BRDA:90,4,2,1
BRDA:90,4,3,1
BRDA:110,5,0,4
BRDA:110,5,1,4
BRDA:133,6,0,0
BRDA:133,6,1,16
BRF:13
BRH:9
end_of_record
TN:
SF:src\utils\id.ts
FN:1,createId
FNF:1
FNH:1
FNDA:1,createId
DA:2,1
LF:1
LH:1
BRF:0
BRH:0
end_of_record
TN:
SF:src\utils\routes.ts
FN:5,getHomeRouteForRole
FNF:1
FNH:0
FNDA:0,getHomeRouteForRole
DA:6,0
LF:1
LH:0
BRDA:6,0,0,0
BRDA:6,0,1,0
BRF:2
BRH:0
end_of_record
TN:
SF:src\utils\shift-conflicts.ts
FN:16,checkShiftConflict
FN:21,(anonymous_1)
FNF:2
FNH:2
FNDA:3,checkShiftConflict
FNDA:3,(anonymous_1)
DA:21,3
DA:22,3
DA:23,1
DA:26,2
LF:4
LH:4
BRDA:19,0,0,2
BRDA:22,1,0,1
BRDA:22,1,1,2
BRDA:22,2,0,3
BRDA:22,2,1,1
BRF:5
BRH:5
end_of_record
TN:
SF:src\utils\text.ts
FN:1,joinInlineText
FN:6,(anonymous_1)
FN:7,(anonymous_2)
FN:11,formatIsoDateTime
FNF:4
FNH:4
FNDA:26,joinInlineText
FNDA:52,(anonymous_1)
FNDA:52,(anonymous_2)
FNDA:3,formatIsoDateTime
DA:5,26
DA:6,52
DA:7,52
DA:15,3
DA:16,0
DA:19,3
DA:21,3
DA:22,0
DA:25,3
DA:26,3
DA:28,3
DA:29,3
DA:30,3
DA:32,3
LF:14
LH:12
BRDA:3,0,0,17
BRDA:13,1,0,3
BRDA:15,2,0,0
BRDA:15,2,1,3
BRDA:21,3,0,0
BRDA:21,3,1,3
BRF:6
BRH:4
end_of_record
TN:
SF:src\utils\validation.ts
FN:6,isValidDateInput
FN:15,isValidTimeInput
FN:24,isStartBeforeEnd
FN:28,validateOpenShiftFields
FN:63,validateReason
FNF:5
FNH:5
FNDA:2,isValidDateInput
FNDA:4,isValidTimeInput
FNDA:2,isStartBeforeEnd
FNDA:2,validateOpenShiftFields
FNDA:4,validateReason
DA:3,2
DA:4,2
DA:7,2
DA:8,0
DA:11,2
DA:12,2
DA:16,4
DA:17,0
DA:20,4
DA:21,4
DA:25,2
DA:36,2
DA:37,0
DA:40,2
DA:41,0
DA:44,2
DA:45,1
DA:48,1
DA:49,0
DA:52,1
DA:53,0
DA:56,1
DA:57,0
DA:60,1
DA:64,4
DA:65,1
DA:68,3
DA:69,1
DA:72,2
LF:29
LH:22
BRDA:7,0,0,0
BRDA:7,0,1,2
BRDA:16,1,0,0
BRDA:16,1,1,4
BRDA:21,2,0,4
BRDA:21,2,1,4
BRDA:21,2,2,4
BRDA:21,2,3,4
BRDA:36,3,0,0
BRDA:36,3,1,2
BRDA:40,4,0,0
BRDA:40,4,1,2
BRDA:40,5,0,2
BRDA:40,5,1,2
BRDA:44,6,0,1
BRDA:44,6,1,1
BRDA:48,7,0,0
BRDA:48,7,1,1
BRDA:52,8,0,0
BRDA:52,8,1,1
BRDA:56,9,0,0
BRDA:56,9,1,1
BRDA:64,10,0,1
BRDA:64,10,1,3
BRDA:68,11,0,1
BRDA:68,11,1,2
BRF:26
BRH:19
end_of_record
