TN:
SF:src\components\calendar\WeekCalendarStrip.tsx
FN:18,buildMetaLabel
FN:36,WeekCalendarStrip
FN:47,(anonymous_2)
FN:53,(anonymous_3)
FNF:4
FNH:0
FNDA:0,buildMetaLabel
FNDA:0,WeekCalendarStrip
FNDA:0,(anonymous_2)
FNDA:0,(anonymous_3)
DA:19,0
DA:21,0
DA:22,0
DA:25,0
DA:26,0
DA:29,0
DA:30,0
DA:33,0
DA:41,0
DA:48,0
DA:50,0
DA:53,0
DA:93,0
LF:13
LH:0
BRDA:21,0,0,0
BRDA:21,0,1,0
BRDA:25,1,0,0
BRDA:25,1,1,0
BRDA:29,2,0,0
BRDA:29,2,1,0
BRDA:33,3,0,0
BRDA:33,3,1,0
BRDA:56,4,0,0
BRDA:56,4,1,0
BRDA:57,5,0,0
BRDA:57,5,1,0
BRDA:57,6,0,0
BRDA:57,6,1,0
BRDA:62,7,0,0
BRDA:62,7,1,0
BRDA:64,8,0,0
BRDA:64,8,1,0
BRDA:69,9,0,0
BRDA:69,9,1,0
BRDA:80,10,0,0
BRDA:80,10,1,0
BRF:22
BRH:0
end_of_record
TN:
SF:src\components\cards\ActivityCard.tsx
FN:33,ActivityCard
FNF:1
FNH:0
FNDA:0,ActivityCard
DA:18,0
DA:34,0
DA:36,0
DA:59,0
LF:4
LH:0
BRF:0
BRH:0
end_of_record
TN:
SF:src\components\cards\AnnouncementCard.tsx
FN:18,AnnouncementCard
FNF:1
FNH:1
FNDA:2,AnnouncementCard
DA:22,2
DA:58,2
LF:2
LH:2
BRDA:28,0,0,0
BRDA:28,0,1,2
BRDA:30,1,0,2
BRDA:30,1,1,0
BRDA:42,2,0,1
BRDA:42,2,1,1
BRDA:42,3,0,2
BRDA:42,3,1,2
BRDA:42,3,2,2
BRF:9
BRH:7
end_of_record
TN:
SF:src\components\cards\OpenShiftCard.tsx
FN:24,OpenShiftCard
FN:65,(anonymous_1)
FNF:2
FNH:1
FNDA:3,OpenShiftCard
FNDA:0,(anonymous_1)
DA:32,3
DA:54,3
DA:65,0
DA:85,1
LF:4
LH:3
BRDA:28,0,0,3
BRDA:56,1,0,0
BRDA:56,1,1,3
BRDA:65,2,0,0
BRDA:65,2,1,0
BRDA:73,3,0,0
BRDA:73,3,1,3
BRDA:73,4,0,3
BRDA:73,4,1,0
BRF:9
BRH:4
end_of_record
TN:
SF:src\components\cards\RequestCard.tsx
FN:23,RequestCard
FN:103,(anonymous_1)
FNF:2
FNH:1
FNDA:4,RequestCard
FNDA:0,(anonymous_1)
DA:29,4
DA:90,4
DA:91,4
DA:94,0
DA:103,0
DA:110,1
LF:6
LH:4
BRDA:26,0,0,0
BRDA:55,1,0,4
BRDA:55,1,1,0
BRDA:65,2,0,0
BRDA:65,2,1,4
BRDA:65,3,0,4
BRDA:65,3,1,0
BRDA:79,4,0,0
BRDA:79,4,1,4
BRDA:90,5,0,4
BRDA:90,5,1,0
BRDA:103,6,0,0
BRDA:103,6,1,0
BRF:13
BRH:5
end_of_record
TN:
SF:src\components\cards\ShiftCard.tsx
FN:21,ShiftCard
FN:60,(anonymous_1)
FNF:2
FNH:0
FNDA:0,ShiftCard
FNDA:0,(anonymous_1)
DA:27,0
DA:51,0
DA:52,0
DA:55,0
DA:60,0
DA:67,0
LF:6
LH:0
BRDA:23,0,0,0
BRDA:42,1,0,0
BRDA:42,1,1,0
BRDA:51,2,0,0
BRDA:51,2,1,0
BRDA:60,3,0,0
BRDA:60,3,1,0
BRF:7
BRH:0
end_of_record
TN:
SF:src\components\common\AppIcon.tsx
FN:114,AppIcon
FNF:1
FNH:1
FNDA:66,AppIcon
DA:39,6
DA:122,66
DA:123,66
DA:134,66
LF:4
LH:4
BRDA:116,0,0,0
BRDA:117,1,0,0
BRDA:118,2,0,66
BRDA:123,3,0,66
BRDA:123,3,1,0
BRF:5
BRH:2
end_of_record
TN:
SF:src\components\common\AppInput.tsx
FN:22,AppInput
FNF:1
FNH:1
FNDA:23,AppInput
DA:29,23
DA:44,3
LF:2
LH:2
BRDA:32,0,0,15
BRDA:32,0,1,8
BRDA:36,1,0,15
BRDA:36,1,1,8
BRDA:39,2,0,0
BRDA:39,2,1,23
BRF:6
BRH:5
end_of_record
TN:
SF:src\components\common\DateTimeRow.tsx
FN:14,DateTimeRow
FNF:1
FNH:1
FNDA:3,DateTimeRow
DA:15,3
DA:25,1
LF:2
LH:2
BRF:0
BRH:0
end_of_record
TN:
SF:src\components\common\EmptyState.tsx
FN:19,EmptyState
FNF:1
FNH:0
FNDA:0,EmptyState
DA:25,0
DA:43,4
LF:2
LH:1
BRDA:32,0,0,0
BRDA:32,0,1,0
BRDA:32,1,0,0
BRDA:32,1,1,0
BRF:4
BRH:0
end_of_record
TN:
SF:src\components\common\MetricCard.tsx
FN:31,MetricCard
FNF:1
FNH:0
FNDA:0,MetricCard
DA:16,0
DA:36,0
DA:38,0
DA:48,0
LF:4
LH:0
BRDA:34,0,0,0
BRF:1
BRH:0
end_of_record
TN:
SF:src\components\common\PrimaryButton.tsx
FN:58,PrimaryButton
FN:77,(anonymous_1)
FNF:2
FNH:2
FNDA:50,PrimaryButton
FNDA:50,(anonymous_1)
DA:35,6
DA:67,50
DA:68,50
DA:70,50
DA:77,50
DA:105,6
LF:6
LH:6
BRDA:61,0,0,47
BRDA:62,1,0,24
BRDA:63,2,0,22
BRDA:68,3,0,50
BRDA:68,3,1,50
BRDA:82,4,0,4
BRDA:82,4,1,46
BRDA:83,5,0,0
BRDA:83,5,1,50
BRDA:85,6,0,0
BRDA:85,6,1,50
BRDA:85,7,0,50
BRDA:85,7,1,0
BRDA:89,8,0,4
BRDA:89,8,1,46
BRDA:93,9,0,20
BRDA:93,9,1,26
BRF:17
BRH:14
end_of_record
TN:
SF:src\components\common\SectionHeader.tsx
FN:17,SectionHeader
FN:34,(anonymous_1)
FNF:2
FNH:1
FNDA:22,SectionHeader
FNDA:0,(anonymous_1)
DA:23,22
DA:34,0
DA:46,3
LF:3
LH:2
BRDA:27,0,0,22
BRDA:27,0,1,0
BRDA:29,1,0,0
BRDA:29,1,1,22
BRDA:29,2,0,22
BRDA:29,2,1,0
BRDA:36,3,0,0
BRDA:36,3,1,0
BRF:8
BRH:3
end_of_record
TN:
SF:src\components\common\StatusBadge.tsx
FN:65,StatusBadge
FNF:1
FNH:1
FNDA:7,StatusBadge
DA:18,2
DA:66,7
DA:68,7
DA:75,2
LF:4
LH:4
BRF:0
BRH:0
end_of_record
TN:
SF:src\components\common\SyncStatusBanner.tsx
FN:15,toStatusCopy
FN:35,SyncStatusBanner
FN:53,(anonymous_2)
FNF:3
FNH:3
FNDA:20,toStatusCopy
FNDA:20,SyncStatusBanner
FNDA:1,(anonymous_2)
DA:16,20
DA:17,0
DA:20,20
DA:21,20
DA:24,0
DA:25,0
DA:28,0
DA:29,0
DA:32,0
DA:36,20
DA:37,20
DA:39,20
DA:53,1
DA:72,4
LF:14
LH:8
BRDA:16,0,0,0
BRDA:16,0,1,20
BRDA:20,1,0,20
BRDA:20,1,1,0
BRDA:24,2,0,0
BRDA:24,2,1,0
BRDA:28,3,0,0
BRDA:28,3,1,0
BRDA:44,4,0,20
BRDA:44,4,1,0
BRDA:46,5,0,20
BRDA:46,5,1,0
BRDA:63,6,0,2
BRDA:63,6,1,18
BRF:14
BRH:6
end_of_record
TN:
SF:src\components\settings\SettingsScreenContent.tsx
FN:43,createDefaultSettings
FN:57,ToggleRow
FN:87,ChoiceChip
FN:116,SettingsScreenContent
FN:128,(anonymous_4)
FN:133,(anonymous_5)
FN:141,(anonymous_6)
FN:167,(anonymous_7)
FN:228,(anonymous_8)
FN:237,(anonymous_9)
FN:246,(anonymous_10)
FN:261,(anonymous_11)
FN:267,(anonymous_12)
FN:272,(anonymous_13)
FN:291,(anonymous_14)
FN:304,(anonymous_15)
FN:309,(anonymous_16)
FN:356,(anonymous_17)
FN:357,(anonymous_18)
FNF:19
FNH:11
FNDA:8,createDefaultSettings
FNDA:16,ToggleRow
FNDA:24,ChoiceChip
FNDA:4,SettingsScreenContent
FNDA:0,(anonymous_4)
FNDA:1,(anonymous_5)
FNDA:1,(anonymous_6)
FNDA:1,(anonymous_7)
FNDA:0,(anonymous_8)
FNDA:0,(anonymous_9)
FNDA:0,(anonymous_10)
FNDA:0,(anonymous_11)
FNDA:12,(anonymous_12)
FNDA:0,(anonymous_13)
FNDA:0,(anonymous_14)
FNDA:0,(anonymous_15)
FNDA:1,(anonymous_16)
FNDA:1,(anonymous_17)
FNDA:1,(anonymous_18)
DA:44,8
DA:70,16
DA:96,24
DA:120,4
DA:121,4
DA:122,4
DA:125,4
DA:127,4
DA:128,0
DA:133,4
DA:134,1
DA:137,4
DA:138,0
DA:141,4
DA:142,1
DA:148,1
DA:149,1
DA:151,1
DA:152,1
DA:153,1
DA:155,0
DA:156,0
DA:163,1
DA:167,4
DA:168,1
DA:171,4
DA:229,0
DA:238,0
DA:247,0
DA:262,0
DA:268,12
DA:273,0
DA:292,0
DA:304,0
DA:309,1
DA:357,1
DA:358,1
DA:369,1
LF:38
LH:27
BRDA:43,0,0,4
BRDA:81,1,0,16
BRDA:81,1,1,0
BRDA:102,2,0,12
BRDA:102,2,1,12
BRDA:107,3,0,12
BRDA:107,3,1,12
BRDA:128,4,0,0
BRDA:128,4,1,0
BRDA:130,5,0,4
BRDA:130,5,1,0
BRDA:137,6,0,0
BRDA:137,6,1,4
BRDA:158,7,0,0
BRDA:158,7,1,0
BRDA:184,8,0,0
BRDA:184,8,1,4
BRDA:189,9,0,0
BRDA:189,9,1,4
BRDA:236,10,0,4
BRDA:236,10,1,3
BRDA:245,11,0,4
BRDA:245,11,1,3
BRDA:337,12,0,4
BRDA:337,12,1,0
BRDA:346,13,0,3
BRDA:346,13,1,1
BRF:27
BRH:17
end_of_record
TN:
SF:src\config\env.ts
FN:12,getFallbackApiBaseUrl
FNF:1
FNH:1
FNDA:3,getFallbackApiBaseUrl
DA:10,3
DA:14,3
DA:16,3
DA:17,0
DA:20,3
DA:23,3
LF:6
LH:5
BRDA:10,0,0,3
BRDA:10,0,1,0
BRDA:14,1,0,3
BRDA:14,1,1,3
BRDA:16,2,0,0
BRDA:16,2,1,3
BRDA:25,3,0,3
BRDA:25,3,1,3
BRDA:25,3,2,3
BRF:9
BRH:7
end_of_record
TN:
SF:src\constants\branding.ts
FNF:0
FNH:0
DA:1,1
LF:1
LH:1
BRF:0
BRH:0
end_of_record
TN:
SF:src\constants\colors.ts
FNF:0
FNH:0
DA:3,8
LF:1
LH:1
BRF:0
BRH:0
end_of_record
TN:
SF:src\constants\config.ts
FNF:0
FNH:0
DA:1,5
DA:10,5
LF:2
LH:2
BRF:0
BRH:0
end_of_record
TN:
SF:src\constants\copy.ts
FNF:0
FNH:0
DA:1,8
LF:1
LH:1
BRF:0
BRH:0
end_of_record
TN:
SF:src\constants\options.ts
FNF:0
FNH:0
DA:10,3
DA:15,3
DA:20,3
DA:26,3
DA:32,3
DA:38,3
DA:43,3
DA:47,3
LF:8
LH:8
BRF:0
BRH:0
end_of_record
TN:
SF:src\context\app-context.tsx
FN:35,toErrorMessage
FN:43,mergeUsers
FN:47,(anonymous_2)
FN:82,AppProvider
FN:93,(anonymous_4)
FN:94,(anonymous_5)
FN:98,(anonymous_6)
FN:127,(anonymous_7)
FN:129,(anonymous_8)
FN:154,(anonymous_9)
FN:177,(anonymous_10)
FN:178,(anonymous_11)
FN:185,(anonymous_12)
FN:196,(anonymous_13)
FN:201,(anonymous_14)
FN:226,(anonymous_15)
FN:234,(anonymous_16)
FN:239,(anonymous_17)
FN:248,(anonymous_18)
FN:259,(anonymous_19)
FN:265,(anonymous_20)
FN:265,(anonymous_21)
FN:269,(anonymous_22)
FN:269,(anonymous_23)
FN:274,(anonymous_24)
FN:313,useAppContext
FNF:26
FNH:15
FNDA:2,toErrorMessage
FNDA:1,mergeUsers
FNDA:1,(anonymous_2)
FNDA:4,AppProvider
FNDA:0,(anonymous_4)
FNDA:0,(anonymous_5)
FNDA:2,(anonymous_6)
FNDA:0,(anonymous_7)
FNDA:1,(anonymous_8)
FNDA:2,(anonymous_9)
FNDA:2,(anonymous_10)
FNDA:0,(anonymous_11)
FNDA:0,(anonymous_12)
FNDA:2,(anonymous_13)
FNDA:0,(anonymous_14)
FNDA:0,(anonymous_15)
FNDA:0,(anonymous_16)
FNDA:0,(anonymous_17)
FNDA:0,(anonymous_18)
FNDA:0,(anonymous_19)
FNDA:4,(anonymous_20)
FNDA:2,(anonymous_21)
FNDA:4,(anonymous_22)
FNDA:2,(anonymous_23)
FNDA:4,(anonymous_24)
FNDA:4,useAppContext
DA:36,2
DA:37,2
DA:40,0
DA:44,1
DA:45,1
DA:47,1
DA:48,1
DA:49,0
DA:52,1
DA:53,1
DA:56,1
DA:57,1
DA:59,1
DA:80,1
DA:83,4
DA:84,4
DA:85,4
DA:86,4
DA:87,4
DA:88,4
DA:89,4
DA:90,4
DA:91,4
DA:92,4
DA:93,4
DA:94,0
DA:97,4
DA:99,2
DA:100,2
DA:105,0
DA:106,0
DA:107,0
DA:108,0
DA:109,0
DA:112,0
DA:113,0
DA:114,0
DA:115,0
DA:116,0
DA:117,0
DA:119,2
DA:120,0
DA:121,0
DA:122,0
DA:123,0
DA:124,0
DA:127,2
DA:129,2
DA:132,2
DA:133,2
DA:134,2
DA:139,2
DA:142,2
DA:143,2
DA:146,2
DA:147,0
DA:154,4
DA:155,2
DA:156,2
DA:157,2
DA:158,2
DA:160,2
DA:162,2
DA:163,0
DA:164,0
DA:165,0
DA:166,0
DA:169,2
DA:171,0
DA:173,2
DA:177,4
DA:178,2
DA:179,0
DA:181,0
DA:182,0
DA:184,0
DA:185,0
DA:186,0
DA:193,2
DA:196,4
DA:197,2
DA:200,4
DA:202,0
DA:203,0
DA:205,0
DA:206,0
DA:207,0
DA:211,0
DA:212,0
DA:213,0
DA:214,0
DA:216,0
DA:217,0
DA:218,0
DA:220,0
DA:226,4
DA:227,0
DA:229,0
DA:230,0
DA:232,0
DA:233,0
DA:234,0
DA:238,0
DA:239,0
DA:240,0
DA:241,0
DA:242,0
DA:243,0
DA:244,0
DA:248,4
DA:249,0
DA:251,0
DA:252,0
DA:255,0
DA:256,0
DA:259,4
DA:260,0
DA:261,0
DA:264,4
DA:265,4
DA:268,4
DA:269,4
DA:273,4
DA:274,4
DA:310,4
DA:314,4
DA:316,4
DA:317,0
DA:320,4
LF:129
LH:64
BRDA:36,0,0,2
BRDA:36,0,1,0
BRDA:48,1,0,0
BRDA:48,1,1,1
BRDA:48,2,0,1
BRDA:48,2,1,1
BRDA:105,3,0,0
BRDA:105,3,1,0
BRDA:119,4,0,0
BRDA:119,4,1,2
BRDA:129,5,0,2
BRDA:129,5,1,1
BRDA:132,6,0,2
BRDA:132,6,1,0
BRDA:135,7,0,1
BRDA:135,7,1,1
BRDA:142,8,0,2
BRDA:142,8,1,0
BRDA:146,9,0,0
BRDA:146,9,1,2
BRDA:162,10,0,0
BRDA:162,10,1,2
BRDA:181,11,0,0
BRDA:181,11,1,0
BRDA:186,12,0,0
BRDA:186,12,1,0
BRDA:186,13,0,0
BRDA:186,13,1,0
BRDA:232,14,0,0
BRDA:232,14,1,0
BRDA:251,15,0,0
BRDA:251,15,1,0
BRDA:269,16,0,4
BRDA:269,16,1,4
BRDA:316,17,0,0
BRDA:316,17,1,4
BRF:36
BRH:16
end_of_record
TN:
SF:src\context\sync-context.tsx
FN:43,SyncProvider
FN:51,(anonymous_1)
FN:60,(anonymous_2)
FN:78,(anonymous_3)
FN:82,(anonymous_4)
FN:91,(anonymous_5)
FN:97,(anonymous_6)
FN:101,(anonymous_7)
FN:108,(anonymous_8)
FN:119,useSyncState
FNF:10
FNH:0
FNDA:0,SyncProvider
FNDA:0,(anonymous_1)
FNDA:0,(anonymous_2)
FNDA:0,(anonymous_3)
FNDA:0,(anonymous_4)
FNDA:0,(anonymous_5)
FNDA:0,(anonymous_6)
FNDA:0,(anonymous_7)
FNDA:0,(anonymous_8)
FNDA:0,useSyncState
DA:30,0
DA:41,0
DA:44,0
DA:45,0
DA:46,0
DA:48,0
DA:49,0
DA:51,0
DA:52,0
DA:56,0
DA:57,0
DA:60,0
DA:61,0
DA:62,0
DA:63,0
DA:66,0
DA:67,0
DA:68,0
DA:70,0
DA:72,0
DA:73,0
DA:74,0
DA:78,0
DA:79,0
DA:82,0
DA:83,0
DA:84,0
DA:87,0
DA:89,0
DA:92,0
DA:93,0
DA:97,0
DA:98,0
DA:101,0
DA:102,0
DA:103,0
DA:107,0
DA:108,0
DA:116,0
DA:120,0
DA:122,0
DA:123,0
DA:126,0
LF:43
LH:0
BRDA:61,0,0,0
BRDA:61,0,1,0
BRDA:83,1,0,0
BRDA:83,1,1,0
BRDA:83,2,0,0
BRDA:83,2,1,0
BRDA:92,3,0,0
BRDA:92,3,1,0
BRDA:122,4,0,0
BRDA:122,4,1,0
BRF:10
BRH:0
end_of_record
TN:
SF:src\db\database.ts
FN:11,initializeDatabase
FN:183,seedDatabase
FN:190,(anonymous_2)
FNF:3
FNH:0
FNDA:0,initializeDatabase
FNDA:0,seedDatabase
FNDA:0,(anonymous_2)
DA:12,0
DA:168,0
DA:172,0
DA:176,0
DA:177,0
DA:180,0
DA:184,0
DA:185,0
DA:186,0
DA:187,0
DA:188,0
DA:190,0
DA:191,0
DA:192,0
DA:204,0
DA:205,0
DA:219,0
DA:220,0
DA:235,0
DA:236,0
DA:262,0
DA:263,0
LF:22
LH:0
BRDA:176,0,0,0
BRDA:176,0,1,0
BRDA:270,1,0,0
BRDA:270,1,1,0
BRF:4
BRH:0
end_of_record
TN:
SF:src\db\repositories.ts
FN:111,getPendingRequestForShift
FN:126,getUsers
FN:140,getEmployeeUsers
FN:155,replaceUsersCache
FN:156,(anonymous_4)
FN:180,getShiftsByEmployee
FN:203,getAllShifts
FN:221,getShiftById
FN:238,getUpcomingShiftsByEmployee
FN:260,(anonymous_9)
FN:263,getConfirmedSchedule
FN:281,(anonymous_11)
FN:284,getOpenShifts
FN:303,(anonymous_13)
FN:306,getOpenShiftById
FN:329,replaceOpenShiftsCache
FN:333,(anonymous_16)
FN:365,getRequestsByEmployee
FN:398,getAllRequests
FN:426,getPendingRequests
FN:455,getRequestById
FN:484,upsertShiftCache
FN:488,(anonymous_22)
FN:516,upsertRequestCache
FN:520,(anonymous_24)
FN:562,countPendingRequestsByEmployee
FN:576,countPendingRequests
FN:584,countOpenShifts
FN:589,detectShiftConflict
FN:621,createOpenShift
FN:642,claimOpenShift
FN:665,(anonymous_31)
FN:690,createLeaveRequest
FN:736,createYieldRequest
FN:804,createSwapRequest
FN:811,approveRequest
FN:852,(anonymous_36)
FN:906,(anonymous_37)
FN:935,rejectRequest
FN:975,getRequestsSortedByPriority
FN:1001,(anonymous_40)
FN:1019,buildDefaultUserSetting
FN:1033,mapUserSettingRow
FN:1047,getUserSetting
FN:1071,upsertUserSetting
FN:1112,mapNotificationRow
FN:1123,getCachedNotifications
FN:1139,replaceCachedNotifications
FN:1143,(anonymous_48)
FN:1163,mapAnnouncementRow
FN:1176,getCachedAnnouncements
FN:1194,replaceCachedAnnouncements
FN:1198,(anonymous_52)
FN:1228,acknowledgeAnnouncementCache
FN:1245,mapActivityLogRow
FN:1259,getCachedActivityLogs
FN:1278,replaceCachedActivityLogs
FN:1282,(anonymous_57)
FN:1314,mapPendingMutationRow
FN:1330,enqueuePendingMutation
FN:1373,getPendingMutations
FN:1382,(anonymous_61)
FN:1405,getPendingMutationById
FN:1430,updatePendingMutation
FN:1457,removeCompletedPendingMutations
FN:1461,getPendingMutationCount
FN:1471,getSyncStateValue
FN:1482,setSyncStateValue
FN:1501,getSyncCursor
FN:1512,setSyncCursor
FN:1531,buildDefaultSyncSnapshot
FN:1544,getSyncStatusSnapshot
FN:1570,setSyncStatusSnapshot
FN:1577,ensureOperationalUserScope
FN:1584,(anonymous_74)
FN:1601,clearOperationalState
FN:1602,(anonymous_76)
FN:1617,mapChecklistRows
FN:1621,(anonymous_78)
FN:1630,(anonymous_79)
FN:1631,(anonymous_80)
FN:1632,(anonymous_81)
FN:1642,getCachedChecklists
FN:1671,replaceCachedChecklists
FN:1675,(anonymous_84)
FNF:85
FNH:0
FNDA:0,getPendingRequestForShift
FNDA:0,getUsers
FNDA:0,getEmployeeUsers
FNDA:0,replaceUsersCache
FNDA:0,(anonymous_4)
FNDA:0,getShiftsByEmployee
FNDA:0,getAllShifts
FNDA:0,getShiftById
FNDA:0,getUpcomingShiftsByEmployee
FNDA:0,(anonymous_9)
FNDA:0,getConfirmedSchedule
FNDA:0,(anonymous_11)
FNDA:0,getOpenShifts
FNDA:0,(anonymous_13)
FNDA:0,getOpenShiftById
FNDA:0,replaceOpenShiftsCache
FNDA:0,(anonymous_16)
FNDA:0,getRequestsByEmployee
FNDA:0,getAllRequests
FNDA:0,getPendingRequests
FNDA:0,getRequestById
FNDA:0,upsertShiftCache
FNDA:0,(anonymous_22)
FNDA:0,upsertRequestCache
FNDA:0,(anonymous_24)
FNDA:0,countPendingRequestsByEmployee
FNDA:0,countPendingRequests
FNDA:0,countOpenShifts
FNDA:0,detectShiftConflict
FNDA:0,createOpenShift
FNDA:0,claimOpenShift
FNDA:0,(anonymous_31)
FNDA:0,createLeaveRequest
FNDA:0,createYieldRequest
FNDA:0,createSwapRequest
FNDA:0,approveRequest
FNDA:0,(anonymous_36)
FNDA:0,(anonymous_37)
FNDA:0,rejectRequest
FNDA:0,getRequestsSortedByPriority
FNDA:0,(anonymous_40)
FNDA:0,buildDefaultUserSetting
FNDA:0,mapUserSettingRow
FNDA:0,getUserSetting
FNDA:0,upsertUserSetting
FNDA:0,mapNotificationRow
FNDA:0,getCachedNotifications
FNDA:0,replaceCachedNotifications
FNDA:0,(anonymous_48)
FNDA:0,mapAnnouncementRow
FNDA:0,getCachedAnnouncements
FNDA:0,replaceCachedAnnouncements
FNDA:0,(anonymous_52)
FNDA:0,acknowledgeAnnouncementCache
FNDA:0,mapActivityLogRow
FNDA:0,getCachedActivityLogs
FNDA:0,replaceCachedActivityLogs
FNDA:0,(anonymous_57)
FNDA:0,mapPendingMutationRow
FNDA:0,enqueuePendingMutation
FNDA:0,getPendingMutations
FNDA:0,(anonymous_61)
FNDA:0,getPendingMutationById
FNDA:0,updatePendingMutation
FNDA:0,removeCompletedPendingMutations
FNDA:0,getPendingMutationCount
FNDA:0,getSyncStateValue
FNDA:0,setSyncStateValue
FNDA:0,getSyncCursor
FNDA:0,setSyncCursor
FNDA:0,buildDefaultSyncSnapshot
FNDA:0,getSyncStatusSnapshot
FNDA:0,setSyncStatusSnapshot
FNDA:0,ensureOperationalUserScope
FNDA:0,(anonymous_74)
FNDA:0,clearOperationalState
FNDA:0,(anonymous_76)
FNDA:0,mapChecklistRows
FNDA:0,(anonymous_78)
FNDA:0,(anonymous_79)
FNDA:0,(anonymous_80)
FNDA:0,(anonymous_81)
FNDA:0,getCachedChecklists
FNDA:0,replaceCachedChecklists
FNDA:0,(anonymous_84)
DA:116,0
DA:127,0
DA:141,0
DA:156,0
DA:157,0
DA:158,0
DA:177,0
DA:184,0
DA:204,0
DA:222,0
DA:242,0
DA:260,0
DA:264,0
DA:281,0
DA:285,0
DA:303,0
DA:310,0
DA:333,0
DA:334,0
DA:336,0
DA:337,0
DA:362,0
DA:369,0
DA:399,0
DA:427,0
DA:456,0
DA:488,0
DA:489,0
DA:490,0
DA:513,0
DA:520,0
DA:521,0
DA:522,0
DA:559,0
DA:566,0
DA:573,0
DA:577,0
DA:581,0
DA:585,0
DA:586,0
DA:595,0
DA:596,0
DA:597,0
DA:611,0
DA:612,0
DA:613,0
DA:616,0
DA:618,0
DA:625,0
DA:627,0
DA:639,0
DA:647,0
DA:649,0
DA:650,0
DA:653,0
DA:654,0
DA:657,0
DA:659,0
DA:660,0
DA:663,0
DA:665,0
DA:666,0
DA:674,0
DA:687,0
DA:694,0
DA:696,0
DA:697,0
DA:700,0
DA:706,0
DA:707,0
DA:710,0
DA:711,0
DA:713,0
DA:733,0
DA:740,0
DA:742,0
DA:743,0
DA:746,0
DA:747,0
DA:750,0
DA:756,0
DA:757,0
DA:760,0
DA:773,0
DA:774,0
DA:777,0
DA:778,0
DA:780,0
DA:801,0
DA:808,0
DA:817,0
DA:834,0
DA:835,0
DA:838,0
DA:839,0
DA:842,0
DA:844,0
DA:845,0
DA:848,0
DA:849,0
DA:851,0
DA:852,0
DA:853,0
DA:858,0
DA:879,0
DA:889,0
DA:890,0
DA:893,0
DA:900,0
DA:901,0
DA:906,0
DA:907,0
DA:915,0
DA:926,0
DA:941,0
DA:946,0
DA:947,0
DA:950,0
DA:951,0
DA:954,0
DA:955,0
DA:957,0
DA:966,0
DA:976,0
DA:1001,0
DA:1002,0
DA:1003,0
DA:1006,0
DA:1007,0
DA:1010,0
DA:1020,0
DA:1034,0
DA:1048,0
DA:1064,0
DA:1065,0
DA:1068,0
DA:1075,0
DA:1077,0
DA:1109,0
DA:1113,0
DA:1124,0
DA:1136,0
DA:1143,0
DA:1144,0
DA:1146,0
DA:1147,0
DA:1160,0
DA:1164,0
DA:1177,0
DA:1191,0
DA:1198,0
DA:1199,0
DA:1201,0
DA:1202,0
DA:1225,0
DA:1233,0
DA:1242,0
DA:1246,0
DA:1260,0
DA:1275,0
DA:1282,0
DA:1283,0
DA:1285,0
DA:1286,0
DA:1311,0
DA:1315,0
DA:1334,0
DA:1370,0
DA:1382,0
DA:1383,0
DA:1402,0
DA:1409,0
DA:1427,0
DA:1434,0
DA:1454,0
DA:1458,0
DA:1462,0
DA:1468,0
DA:1472,0
DA:1479,0
DA:1487,0
DA:1489,0
DA:1502,0
DA:1509,0
DA:1517,0
DA:1519,0
DA:1532,0
DA:1545,0
DA:1546,0
DA:1548,0
DA:1549,0
DA:1555,0
DA:1556,0
DA:1557,0
DA:1563,0
DA:1574,0
DA:1581,0
DA:1583,0
DA:1584,0
DA:1585,0
DA:1586,0
DA:1587,0
DA:1588,0
DA:1589,0
DA:1590,0
DA:1591,0
DA:1592,0
DA:1593,0
DA:1594,0
DA:1598,0
DA:1602,0
DA:1603,0
DA:1604,0
DA:1605,0
DA:1606,0
DA:1607,0
DA:1608,0
DA:1609,0
DA:1610,0
DA:1611,0
DA:1612,0
DA:1613,0
DA:1621,0
DA:1630,0
DA:1631,0
DA:1632,0
DA:1643,0
DA:1668,0
DA:1675,0
DA:1676,0
DA:1677,0
DA:1679,0
DA:1680,0
DA:1699,0
DA:1700,0
DA:1720,0
LF:236
LH:0
BRDA:573,0,0,0
BRDA:573,0,1,0
BRDA:581,1,0,0
BRDA:581,1,1,0
BRDA:611,2,0,0
BRDA:611,2,1,0
BRDA:649,3,0,0
BRDA:649,3,1,0
BRDA:653,4,0,0
BRDA:653,4,1,0
BRDA:659,5,0,0
BRDA:659,5,1,0
BRDA:696,6,0,0
BRDA:696,6,1,0
BRDA:696,7,0,0
BRDA:696,7,1,0
BRDA:706,8,0,0
BRDA:706,8,1,0
BRDA:742,9,0,0
BRDA:742,9,1,0
BRDA:742,10,0,0
BRDA:742,10,1,0
BRDA:746,11,0,0
BRDA:746,11,1,0
BRDA:756,12,0,0
BRDA:756,12,1,0
BRDA:773,13,0,0
BRDA:773,13,1,0
BRDA:834,14,0,0
BRDA:834,14,1,0
BRDA:838,15,0,0
BRDA:838,15,1,0
BRDA:844,16,0,0
BRDA:844,16,1,0
BRDA:849,17,0,0
BRDA:849,17,1,0
BRDA:851,18,0,0
BRDA:851,18,1,0
BRDA:889,19,0,0
BRDA:889,19,1,0
BRDA:900,20,0,0
BRDA:900,20,1,0
BRDA:930,21,0,0
BRDA:930,21,1,0
BRDA:946,22,0,0
BRDA:946,22,1,0
BRDA:950,23,0,0
BRDA:950,23,1,0
BRDA:955,24,0,0
BRDA:955,24,1,0
BRDA:970,25,0,0
BRDA:970,25,1,0
BRDA:1002,26,0,0
BRDA:1002,26,1,0
BRDA:1002,27,0,0
BRDA:1002,27,1,0
BRDA:1006,28,0,0
BRDA:1006,28,1,0
BRDA:1006,29,0,0
BRDA:1006,29,1,0
BRDA:1064,30,0,0
BRDA:1064,30,1,0
BRDA:1099,31,0,0
BRDA:1099,31,1,0
BRDA:1100,32,0,0
BRDA:1100,32,1,0
BRDA:1101,33,0,0
BRDA:1101,33,1,0
BRDA:1102,34,0,0
BRDA:1102,34,1,0
BRDA:1154,35,0,0
BRDA:1154,35,1,0
BRDA:1216,36,0,0
BRDA:1216,36,1,0
BRDA:1220,37,0,0
BRDA:1220,37,1,0
BRDA:1255,38,0,0
BRDA:1255,38,1,0
BRDA:1305,39,0,0
BRDA:1305,39,1,0
BRDA:1366,40,0,0
BRDA:1366,40,1,0
BRDA:1375,41,0,0
BRDA:1427,42,0,0
BRDA:1427,42,1,0
BRDA:1468,43,0,0
BRDA:1468,43,1,0
BRDA:1479,44,0,0
BRDA:1479,44,1,0
BRDA:1501,45,0,0
BRDA:1509,46,0,0
BRDA:1509,46,1,0
BRDA:1548,47,0,0
BRDA:1548,47,1,0
BRDA:1583,48,0,0
BRDA:1583,48,1,0
BRDA:1583,49,0,0
BRDA:1583,49,1,0
BRDA:1713,50,0,0
BRDA:1713,50,1,0
BRF:100
BRH:0
end_of_record
TN:
SF:src\db\seed.ts
FN:15,getSeedUserIds
FN:24,buildSeedUsers
FN:61,buildSeedShifts
FN:122,buildSeedOpenShifts
FN:165,buildSeedRequests
FN:196,buildSeedNotifications
FNF:6
FNH:0
FNDA:0,getSeedUserIds
FNDA:0,buildSeedUsers
FNDA:0,buildSeedShifts
FNDA:0,buildSeedOpenShifts
FNDA:0,buildSeedRequests
FNDA:0,buildSeedNotifications
DA:10,0
DA:11,0
DA:12,0
DA:13,0
DA:16,0
DA:25,0
DA:62,0
DA:63,0
DA:64,0
DA:65,0
DA:66,0
DA:68,0
DA:123,0
DA:124,0
DA:125,0
DA:126,0
DA:128,0
DA:166,0
DA:168,0
DA:197,0
DA:199,0
LF:21
LH:0
BRF:0
BRH:0
end_of_record
TN:
SF:src\db\sqlite-provider.native.tsx
FN:14,AppDatabaseProvider
FN:25,(anonymous_1)
FN:27,(anonymous_2)
FN:38,(anonymous_3)
FN:46,useSQLiteContext
FNF:5
FNH:0
FNDA:0,AppDatabaseProvider
FNDA:0,(anonymous_1)
FNDA:0,(anonymous_2)
FNDA:0,(anonymous_3)
FNDA:0,useSQLiteContext
DA:15,0
DA:16,0
DA:18,0
DA:19,0
DA:26,0
DA:27,0
DA:34,0
DA:38,0
DA:47,0
DA:52,0
LF:10
LH:0
BRDA:18,0,0,0
BRDA:18,0,1,0
BRF:2
BRH:0
end_of_record
TN:
SF:src\db\sqlite-provider.web.tsx
FN:8,AppDatabaseProvider
FN:29,useSQLiteContext
FNF:2
FNH:0
FNDA:0,AppDatabaseProvider
FNDA:0,useSQLiteContext
DA:9,0
DA:11,0
DA:30,0
DA:35,0
LF:4
LH:0
BRF:0
BRH:0
end_of_record
TN:
SF:src\hooks\use-app-query-client.ts
FN:3,useAppQueryClient
FNF:1
FNH:1
FNDA:4,useAppQueryClient
DA:4,4
LF:1
LH:1
BRF:0
BRH:0
end_of_record
TN:
SF:src\hooks\use-app-state.ts
FN:3,useAppState
FNF:1
FNH:0
FNDA:0,useAppState
DA:4,0
LF:1
LH:0
BRF:0
BRH:0
end_of_record
TN:
SF:src\hooks\use-async-data.ts
FN:10,toErrorMessage
FN:18,useAsyncData
FN:30,(anonymous_2)
FN:36,(anonymous_3)
FN:46,(anonymous_4)
FN:49,(anonymous_5)
FN:60,(anonymous_6)
FN:76,(anonymous_7)
FNF:8
FNH:0
FNDA:0,toErrorMessage
FNDA:0,useAsyncData
FNDA:0,(anonymous_2)
FNDA:0,(anonymous_3)
FNDA:0,(anonymous_4)
FNDA:0,(anonymous_5)
FNDA:0,(anonymous_6)
FNDA:0,(anonymous_7)
DA:11,0
DA:12,0
DA:15,0
DA:23,0
DA:24,0
DA:25,0
DA:26,0
DA:28,0
DA:30,0
DA:31,0
DA:32,0
DA:34,0
DA:35,0
DA:36,0
DA:37,0
DA:40,0
DA:42,0
DA:46,0
DA:47,0
DA:49,0
DA:50,0
DA:51,0
DA:53,0
DA:54,0
DA:56,0
DA:57,0
DA:60,0
DA:61,0
DA:64,0
DA:65,0
DA:68,0
DA:69,0
DA:74,0
DA:76,0
DA:77,0
DA:81,0
LF:36
LH:0
BRDA:11,0,0,0
BRDA:11,0,1,0
BRDA:56,1,0,0
BRDA:56,1,1,0
BRDA:64,2,0,0
BRDA:64,2,1,0
BRDA:68,3,0,0
BRDA:68,3,1,0
BRF:8
BRH:0
end_of_record
TN:
SF:src\providers\query-provider.tsx
FN:24,handleAppStateChange
FN:28,AppQueryProvider
FN:29,(anonymous_2)
FN:34,(anonymous_3)
FN:44,getAppQueryClient
FNF:5
FNH:3
FNDA:0,handleAppStateChange
FNDA:2,AppQueryProvider
FNDA:2,(anonymous_2)
FNDA:2,(anonymous_3)
FNDA:0,getAppQueryClient
DA:11,1
DA:25,0
DA:29,2
DA:30,2
DA:34,2
DA:35,2
DA:39,2
DA:45,0
LF:8
LH:6
BRF:0
BRH:0
end_of_record
TN:
SF:src\screens\auth\login-screen.tsx
FN:31,LoginScreen
FN:44,(anonymous_1)
FN:131,(anonymous_2)
FN:168,(anonymous_3)
FN:180,(anonymous_4)
FN:183,(anonymous_5)
FN:187,(anonymous_6)
FNF:7
FNH:6
FNDA:5,LoginScreen
FNDA:2,(anonymous_1)
FNDA:0,(anonymous_2)
FNDA:2,(anonymous_3)
FNDA:10,(anonymous_4)
FNDA:1,(anonymous_5)
FNDA:8,(anonymous_6)
DA:39,5
DA:40,5
DA:41,5
DA:42,5
DA:44,5
DA:45,2
DA:46,1
DA:47,1
DA:50,1
DA:51,1
DA:52,1
DA:57,1
DA:59,1
DA:60,1
DA:63,0
DA:69,5
DA:71,5
DA:132,0
DA:168,2
DA:181,10
DA:184,1
DA:185,1
DA:187,8
DA:211,1
LF:24
LH:22
BRDA:45,0,0,1
BRDA:45,0,1,1
BRDA:45,1,0,2
BRDA:45,1,1,1
BRDA:57,2,0,1
BRDA:57,2,1,0
BRDA:59,3,0,1
BRDA:59,3,1,0
BRDA:64,4,0,0
BRDA:64,4,1,0
BRDA:69,5,0,5
BRDA:69,5,1,4
BRDA:74,6,0,5
BRDA:74,6,1,0
BRDA:126,7,0,0
BRDA:126,7,1,5
BRDA:162,8,0,1
BRDA:162,8,1,4
BRDA:173,9,0,5
BRDA:173,9,1,0
BRDA:189,10,0,0
BRDA:189,10,1,8
BRF:22
BRH:14
end_of_record
TN:
SF:src\screens\employee\create-leave-request-screen.tsx
FN:36,CreateLeaveRequestScreen
FN:45,(anonymous_1)
FN:55,(anonymous_2)
FN:58,(anonymous_3)
FN:136,(anonymous_4)
FN:144,(anonymous_5)
FN:150,(anonymous_6)
FNF:7
FNH:5
FNDA:5,CreateLeaveRequestScreen
FNDA:0,(anonymous_1)
FNDA:5,(anonymous_2)
FNDA:1,(anonymous_3)
FNDA:0,(anonymous_4)
FNDA:5,(anonymous_5)
FNDA:1,(anonymous_6)
DA:37,5
DA:38,5
DA:39,5
DA:40,5
DA:41,5
DA:42,5
DA:44,5
DA:45,0
DA:50,5
DA:51,0
DA:54,5
DA:55,5
DA:58,5
DA:59,1
DA:61,1
DA:62,0
DA:63,0
DA:66,1
DA:67,0
DA:68,0
DA:71,1
DA:72,1
DA:73,1
DA:74,1
DA:79,1
DA:80,1
DA:88,1
DA:90,0
DA:96,1
DA:100,5
DA:136,0
DA:145,5
DA:147,5
DA:150,1
DA:197,1
LF:35
LH:27
BRDA:45,0,0,0
BRDA:45,0,1,0
BRDA:50,1,0,0
BRDA:50,1,1,5
BRDA:61,2,0,0
BRDA:61,2,1,1
BRDA:66,3,0,0
BRDA:66,3,1,1
BRDA:81,4,0,1
BRDA:81,4,1,0
BRDA:84,5,0,1
BRDA:84,5,1,0
BRDA:91,6,0,0
BRDA:91,6,1,0
BRDA:103,7,0,5
BRDA:103,7,1,0
BRDA:117,8,0,0
BRDA:117,8,1,5
BRDA:124,9,0,0
BRDA:124,9,1,5
BRDA:131,10,0,0
BRDA:131,10,1,5
BRDA:153,11,0,4
BRDA:153,11,1,1
BRDA:180,12,0,0
BRDA:180,12,1,5
BRF:26
BRH:12
end_of_record
TN:
SF:src\screens\employee\create-swap-request-screen.tsx
FNF:0
FNH:0
LF:0
LH:0
BRF:0
BRH:0
end_of_record
TN:
SF:src\screens\employee\create-yield-request-screen.tsx
FN:37,CreateYieldRequestScreen
FN:47,(anonymous_1)
FN:57,(anonymous_2)
FN:60,(anonymous_3)
FN:144,(anonymous_4)
FN:152,(anonymous_5)
FN:158,(anonymous_6)
FN:184,(anonymous_7)
FN:190,(anonymous_8)
FNF:9
FNH:7
FNDA:6,CreateYieldRequestScreen
FNDA:0,(anonymous_1)
FNDA:6,(anonymous_2)
FNDA:1,(anonymous_3)
FNDA:0,(anonymous_4)
FNDA:6,(anonymous_5)
FNDA:1,(anonymous_6)
FNDA:6,(anonymous_7)
FNDA:1,(anonymous_8)
DA:38,6
DA:39,6
DA:40,6
DA:41,6
DA:42,6
DA:43,6
DA:44,6
DA:46,6
DA:47,0
DA:52,6
DA:53,0
DA:56,6
DA:57,6
DA:60,6
DA:61,1
DA:63,1
DA:64,0
DA:65,0
DA:68,1
DA:69,0
DA:70,0
DA:73,1
DA:74,0
DA:75,0
DA:78,1
DA:79,1
DA:80,1
DA:81,1
DA:87,1
DA:88,1
DA:96,1
DA:98,0
DA:104,1
DA:108,6
DA:144,0
DA:153,6
DA:155,6
DA:158,1
DA:185,6
DA:187,6
DA:190,1
DA:232,1
LF:42
LH:32
BRDA:47,0,0,0
BRDA:47,0,1,0
BRDA:52,1,0,0
BRDA:52,1,1,6
BRDA:63,2,0,0
BRDA:63,2,1,1
BRDA:68,3,0,0
BRDA:68,3,1,1
BRDA:73,4,0,0
BRDA:73,4,1,1
BRDA:89,5,0,0
BRDA:89,5,1,1
BRDA:92,6,0,0
BRDA:92,6,1,1
BRDA:99,7,0,0
BRDA:99,7,1,0
BRDA:111,8,0,6
BRDA:111,8,1,0
BRDA:125,9,0,0
BRDA:125,9,1,6
BRDA:132,10,0,0
BRDA:132,10,1,6
BRDA:139,11,0,0
BRDA:139,11,1,6
BRDA:161,12,0,5
BRDA:161,12,1,1
BRDA:193,13,0,4
BRDA:193,13,1,2
BRDA:215,14,0,0
BRDA:215,14,1,6
BRF:30
BRH:15
end_of_record
TN:
SF:src\screens\employee\employee-calendar-screen.tsx
FN:39,EmployeeCalendarScreen
FN:45,(anonymous_1)
FN:50,(anonymous_2)
FN:131,(anonymous_3)
FN:141,(anonymous_4)
FN:153,(anonymous_5)
FN:157,(anonymous_6)
FN:161,(anonymous_7)
FN:178,(anonymous_8)
FN:182,(anonymous_9)
FNF:10
FNH:0
FNDA:0,EmployeeCalendarScreen
FNDA:0,(anonymous_1)
FNDA:0,(anonymous_2)
FNDA:0,(anonymous_3)
FNDA:0,(anonymous_4)
FNDA:0,(anonymous_5)
FNDA:0,(anonymous_6)
FNDA:0,(anonymous_7)
FNDA:0,(anonymous_8)
FNDA:0,(anonymous_9)
DA:28,0
DA:40,0
DA:41,0
DA:42,0
DA:44,0
DA:45,0
DA:50,0
DA:51,0
DA:52,0
DA:53,0
DA:56,0
DA:57,0
DA:60,0
DA:61,0
DA:65,0
DA:66,0
DA:69,0
DA:75,0
DA:131,0
DA:142,0
DA:154,0
DA:158,0
DA:162,0
DA:179,0
DA:183,0
DA:196,0
LF:26
LH:0
BRDA:45,0,0,0
BRDA:45,0,1,0
BRDA:51,1,0,0
BRDA:51,1,1,0
BRDA:51,2,0,0
BRDA:51,2,1,0
BRDA:56,3,0,0
BRDA:56,3,1,0
BRDA:56,4,0,0
BRDA:56,4,1,0
BRDA:60,5,0,0
BRDA:60,5,1,0
BRDA:65,6,0,0
BRDA:65,6,1,0
BRDA:69,7,0,0
BRDA:69,7,1,0
BRDA:100,8,0,0
BRDA:100,8,1,0
BRDA:104,9,0,0
BRDA:104,9,1,0
BRDA:109,10,0,0
BRDA:109,10,1,0
BRDA:124,11,0,0
BRDA:124,11,1,0
BRDA:124,12,0,0
BRDA:124,12,1,0
BRDA:124,12,2,0
BRDA:135,13,0,0
BRDA:135,13,1,0
BRDA:147,14,0,0
BRDA:147,14,1,0
BRDA:172,15,0,0
BRDA:172,15,1,0
BRF:33
BRH:0
end_of_record
TN:
SF:src\screens\employee\employee-dashboard-screen.tsx
FN:46,EmployeeDashboardScreen
FN:51,(anonymous_1)
FN:117,(anonymous_2)
FN:122,(anonymous_3)
FN:133,(anonymous_4)
FN:140,(anonymous_5)
FN:150,(anonymous_6)
FN:172,(anonymous_7)
FN:177,(anonymous_8)
FN:193,(anonymous_9)
FN:209,(anonymous_10)
FN:215,(anonymous_11)
FNF:12
FNH:0
FNDA:0,EmployeeDashboardScreen
FNDA:0,(anonymous_1)
FNDA:0,(anonymous_2)
FNDA:0,(anonymous_3)
FNDA:0,(anonymous_4)
FNDA:0,(anonymous_5)
FNDA:0,(anonymous_6)
FNDA:0,(anonymous_7)
FNDA:0,(anonymous_8)
FNDA:0,(anonymous_9)
FNDA:0,(anonymous_10)
FNDA:0,(anonymous_11)
DA:37,0
DA:47,0
DA:48,0
DA:50,0
DA:51,0
DA:56,0
DA:57,0
DA:60,0
DA:117,0
DA:123,0
DA:134,0
DA:140,0
DA:151,0
DA:173,0
DA:178,0
DA:194,0
DA:210,0
DA:216,0
DA:217,0
DA:221,0
DA:222,0
DA:231,0
DA:249,0
LF:23
LH:0
BRDA:51,0,0,0
BRDA:51,0,1,0
BRDA:56,1,0,0
BRDA:56,1,1,0
BRDA:111,2,0,0
BRDA:111,2,1,0
BRDA:155,3,0,0
BRDA:155,3,1,0
BRDA:160,4,0,0
BRDA:160,4,1,0
BRDA:167,5,0,0
BRDA:167,5,1,0
BRDA:187,6,0,0
BRDA:187,6,1,0
BRDA:203,7,0,0
BRDA:203,7,1,0
BRDA:214,8,0,0
BRDA:214,8,1,0
BRDA:214,9,0,0
BRDA:214,9,1,0
BRDA:223,10,0,0
BRDA:223,10,1,0
BRDA:226,11,0,0
BRDA:226,11,1,0
BRDA:233,12,0,0
BRDA:233,12,1,0
BRF:26
BRH:0
end_of_record
TN:
SF:src\screens\employee\employee-profile-screen.tsx
FNF:0
FNH:0
LF:0
LH:0
BRF:0
BRH:0
end_of_record
TN:
SF:src\screens\employee\employee-settings-screen.tsx
FN:3,EmployeeSettingsScreen
FNF:1
FNH:0
FNDA:0,EmployeeSettingsScreen
DA:4,0
LF:1
LH:0
BRF:0
BRH:0
end_of_record
TN:
SF:src\screens\employee\employee-statistics-screen.tsx
FN:31,formatHours
FN:35,EmployeeStatisticsScreen
FN:40,(anonymous_2)
FNF:3
FNH:0
FNDA:0,formatHours
FNDA:0,EmployeeStatisticsScreen
FNDA:0,(anonymous_2)
DA:22,0
DA:32,0
DA:36,0
DA:37,0
DA:39,0
DA:40,0
DA:45,0
DA:46,0
DA:49,0
DA:125,0
LF:10
LH:0
BRDA:40,0,0,0
BRDA:40,0,1,0
BRDA:45,1,0,0
BRDA:45,1,1,0
BRDA:57,2,0,0
BRDA:57,2,1,0
BRDA:62,3,0,0
BRDA:62,3,1,0
BRDA:93,4,0,0
BRDA:93,4,1,0
BRDA:113,5,0,0
BRDA:113,5,1,0
BRF:12
BRH:0
end_of_record
TN:
SF:src\screens\employee\my-requests-screen.tsx
FN:21,MyRequestsScreen
FN:26,(anonymous_1)
FN:40,(anonymous_2)
FN:41,(anonymous_3)
FN:42,(anonymous_4)
FN:53,(anonymous_5)
FN:60,(anonymous_6)
FN:87,(anonymous_7)
FNF:8
FNH:0
FNDA:0,MyRequestsScreen
FNDA:0,(anonymous_1)
FNDA:0,(anonymous_2)
FNDA:0,(anonymous_3)
FNDA:0,(anonymous_4)
FNDA:0,(anonymous_5)
FNDA:0,(anonymous_6)
FNDA:0,(anonymous_7)
DA:22,0
DA:23,0
DA:25,0
DA:26,0
DA:31,0
DA:32,0
DA:35,0
DA:40,0
DA:41,0
DA:42,0
DA:54,0
DA:61,0
DA:88,0
DA:98,0
LF:14
LH:0
BRDA:26,0,0,0
BRDA:26,0,1,0
BRDA:31,1,0,0
BRDA:31,1,1,0
BRDA:70,2,0,0
BRDA:70,2,1,0
BRDA:75,3,0,0
BRDA:75,3,1,0
BRF:8
BRH:0
end_of_record
TN:
SF:src\screens\employee\open-shift-detail-screen.tsx
FN:31,OpenShiftDetailScreen
FN:38,(anonymous_1)
FN:47,(anonymous_2)
FN:106,(anonymous_3)
FN:116,(anonymous_4)
FNF:5
FNH:3
FNDA:3,OpenShiftDetailScreen
FNDA:0,(anonymous_1)
FNDA:1,(anonymous_2)
FNDA:0,(anonymous_3)
FNDA:6,(anonymous_4)
DA:32,3
DA:33,3
DA:34,3
DA:35,3
DA:37,3
DA:38,0
DA:43,3
DA:44,0
DA:47,3
DA:48,1
DA:49,0
DA:52,1
DA:53,1
DA:54,1
DA:55,1
DA:56,1
DA:64,1
DA:66,0
DA:73,1
DA:77,3
DA:106,0
DA:117,6
DA:140,1
LF:23
LH:18
BRDA:43,0,0,0
BRDA:43,0,1,3
BRDA:48,1,0,0
BRDA:48,1,1,1
BRDA:57,2,0,1
BRDA:57,2,1,0
BRDA:60,3,0,1
BRDA:60,3,1,0
BRDA:68,4,0,0
BRDA:68,4,1,0
BRDA:87,5,0,0
BRDA:87,5,1,3
BRDA:94,6,0,0
BRDA:94,6,1,3
BRDA:101,7,0,0
BRDA:101,7,1,3
BRDA:125,8,0,3
BRDA:125,8,1,0
BRF:18
BRH:8
end_of_record
TN:
SF:src\screens\employee\open-shifts-screen.tsx
FN:29,OpenShiftsScreen
FN:35,(anonymous_1)
FN:40,(anonymous_2)
FN:55,(anonymous_3)
FN:93,(anonymous_4)
FN:94,(anonymous_5)
FN:99,(anonymous_6)
FN:100,(anonymous_7)
FN:138,(anonymous_8)
FNF:9
FNH:0
FNDA:0,OpenShiftsScreen
FNDA:0,(anonymous_1)
FNDA:0,(anonymous_2)
FNDA:0,(anonymous_3)
FNDA:0,(anonymous_4)
FNDA:0,(anonymous_5)
FNDA:0,(anonymous_6)
FNDA:0,(anonymous_7)
FNDA:0,(anonymous_8)
DA:24,0
DA:30,0
DA:31,0
DA:32,0
DA:34,0
DA:35,0
DA:40,0
DA:41,0
DA:42,0
DA:45,0
DA:56,0
DA:57,0
DA:58,0
DA:63,0
DA:64,0
DA:73,0
DA:80,0
DA:88,0
DA:93,0
DA:95,0
DA:99,0
DA:101,0
DA:138,0
DA:145,0
LF:24
LH:0
BRDA:41,0,0,0
BRDA:41,0,1,0
BRDA:65,1,0,0
BRDA:65,1,1,0
BRDA:68,2,0,0
BRDA:68,2,1,0
BRDA:75,3,0,0
BRDA:75,3,1,0
BRDA:119,4,0,0
BRDA:119,4,1,0
BRDA:124,5,0,0
BRDA:124,5,1,0
BRF:12
BRH:0
end_of_record
TN:
SF:src\screens\manager\approval-detail-screen.tsx
FN:36,ApprovalDetailScreen
FN:46,(anonymous_1)
FN:51,(anonymous_2)
FN:59,(anonymous_3)
FN:94,(anonymous_4)
FN:156,(anonymous_5)
FNF:6
FNH:3
FNDA:4,ApprovalDetailScreen
FNDA:0,(anonymous_1)
FNDA:1,(anonymous_2)
FNDA:1,(anonymous_3)
FNDA:0,(anonymous_4)
FNDA:0,(anonymous_5)
DA:37,4
DA:38,4
DA:39,4
DA:40,4
DA:41,4
DA:45,4
DA:46,0
DA:51,4
DA:52,1
DA:55,4
DA:56,0
DA:59,4
DA:60,1
DA:61,0
DA:64,1
DA:65,1
DA:66,1
DA:72,1
DA:73,1
DA:81,1
DA:83,0
DA:90,1
DA:94,4
DA:95,0
DA:96,0
DA:99,0
DA:100,0
DA:101,0
DA:107,0
DA:108,0
DA:116,0
DA:118,0
DA:125,0
DA:129,4
DA:156,0
DA:235,1
LF:36
LH:21
BRDA:52,0,0,1
BRDA:52,0,1,1
BRDA:55,1,0,0
BRDA:55,1,1,4
BRDA:60,2,0,0
BRDA:60,2,1,1
BRDA:74,3,0,1
BRDA:74,3,1,0
BRDA:77,4,0,1
BRDA:77,4,1,0
BRDA:85,5,0,0
BRDA:85,5,1,0
BRDA:95,6,0,0
BRDA:95,6,1,0
BRDA:109,7,0,0
BRDA:109,7,1,0
BRDA:112,8,0,0
BRDA:112,8,1,0
BRDA:120,9,0,0
BRDA:120,9,1,0
BRDA:139,10,0,0
BRDA:139,10,1,4
BRDA:144,11,0,0
BRDA:144,11,1,4
BRDA:151,12,0,0
BRDA:151,12,1,4
BRDA:169,13,0,0
BRDA:169,13,1,4
BRDA:169,14,0,4
BRDA:169,14,1,0
BRDA:175,15,0,0
BRDA:175,15,1,4
BRDA:183,16,0,4
BRDA:183,16,1,0
BRDA:216,17,0,0
BRDA:216,17,1,0
BRDA:222,18,0,0
BRDA:222,18,1,0
BRF:38
BRH:13
end_of_record
TN:
SF:src\screens\manager\approvals-screen.tsx
FN:20,ApprovalsScreen
FN:25,(anonymous_1)
FN:31,(anonymous_2)
FN:39,(anonymous_3)
FN:40,(anonymous_4)
FN:44,(anonymous_5)
FN:52,(anonymous_6)
FNF:7
FNH:0
FNDA:0,ApprovalsScreen
FNDA:0,(anonymous_1)
FNDA:0,(anonymous_2)
FNDA:0,(anonymous_3)
FNDA:0,(anonymous_4)
FNDA:0,(anonymous_5)
FNDA:0,(anonymous_6)
DA:21,0
DA:22,0
DA:24,0
DA:25,0
DA:30,0
DA:31,0
DA:34,0
DA:39,0
DA:41,0
DA:45,0
DA:52,0
DA:92,0
LF:12
LH:0
BRDA:66,0,0,0
BRDA:66,0,1,0
BRDA:73,1,0,0
BRDA:73,1,1,0
BRF:4
BRH:0
end_of_record
TN:
SF:src\screens\manager\confirmed-schedule-screen.tsx
FN:39,ConfirmedScheduleScreen
FN:45,(anonymous_1)
FN:50,(anonymous_2)
FN:127,(anonymous_3)
FN:139,(anonymous_4)
FN:155,(anonymous_5)
FN:159,(anonymous_6)
FN:171,(anonymous_7)
FN:175,(anonymous_8)
FN:180,(anonymous_9)
FNF:10
FNH:0
FNDA:0,ConfirmedScheduleScreen
FNDA:0,(anonymous_1)
FNDA:0,(anonymous_2)
FNDA:0,(anonymous_3)
FNDA:0,(anonymous_4)
FNDA:0,(anonymous_5)
FNDA:0,(anonymous_6)
FNDA:0,(anonymous_7)
FNDA:0,(anonymous_8)
FNDA:0,(anonymous_9)
DA:28,0
DA:40,0
DA:41,0
DA:42,0
DA:44,0
DA:45,0
DA:50,0
DA:51,0
DA:52,0
DA:53,0
DA:56,0
DA:57,0
DA:60,0
DA:61,0
DA:65,0
DA:71,0
DA:128,0
DA:140,0
DA:156,0
DA:160,0
DA:172,0
DA:176,0
DA:181,0
DA:199,0
LF:24
LH:0
BRDA:51,0,0,0
BRDA:51,0,1,0
BRDA:51,1,0,0
BRDA:51,1,1,0
BRDA:56,2,0,0
BRDA:56,2,1,0
BRDA:56,3,0,0
BRDA:56,3,1,0
BRDA:60,4,0,0
BRDA:60,4,1,0
BRDA:65,5,0,0
BRDA:65,5,1,0
BRDA:96,6,0,0
BRDA:96,6,1,0
BRDA:100,7,0,0
BRDA:100,7,1,0
BRDA:105,8,0,0
BRDA:105,8,1,0
BRDA:120,9,0,0
BRDA:120,9,1,0
BRDA:120,10,0,0
BRDA:120,10,1,0
BRDA:120,10,2,0
BRDA:133,11,0,0
BRDA:133,11,1,0
BRDA:149,12,0,0
BRDA:149,12,1,0
BRDA:165,13,0,0
BRDA:165,13,1,0
BRF:29
BRH:0
end_of_record
TN:
SF:src\screens\manager\create-open-shift-screen.tsx
FN:35,(anonymous_0)
FN:56,CreateOpenShiftScreen
FN:63,(anonymous_2)
FN:114,(anonymous_3)
FN:120,(anonymous_4)
FN:121,(anonymous_5)
FN:143,(anonymous_6)
FN:144,(anonymous_7)
FN:152,(anonymous_8)
FN:160,(anonymous_9)
FN:161,(anonymous_10)
FN:189,(anonymous_11)
FN:190,(anonymous_12)
FN:200,(anonymous_13)
FN:201,(anonymous_14)
FN:211,(anonymous_15)
FN:217,(anonymous_16)
FN:218,(anonymous_17)
FN:240,(anonymous_18)
FN:241,(anonymous_19)
FN:248,(anonymous_20)
FN:254,(anonymous_21)
FN:255,(anonymous_22)
FN:277,(anonymous_23)
FN:278,(anonymous_24)
FN:286,(anonymous_25)
FN:287,(anonymous_26)
FNF:27
FNH:0
FNDA:0,(anonymous_0)
FNDA:0,CreateOpenShiftScreen
FNDA:0,(anonymous_2)
FNDA:0,(anonymous_3)
FNDA:0,(anonymous_4)
FNDA:0,(anonymous_5)
FNDA:0,(anonymous_6)
FNDA:0,(anonymous_7)
FNDA:0,(anonymous_8)
FNDA:0,(anonymous_9)
FNDA:0,(anonymous_10)
FNDA:0,(anonymous_11)
FNDA:0,(anonymous_12)
FNDA:0,(anonymous_13)
FNDA:0,(anonymous_14)
FNDA:0,(anonymous_15)
FNDA:0,(anonymous_16)
FNDA:0,(anonymous_17)
FNDA:0,(anonymous_18)
FNDA:0,(anonymous_19)
FNDA:0,(anonymous_20)
FNDA:0,(anonymous_21)
FNDA:0,(anonymous_22)
FNDA:0,(anonymous_23)
FNDA:0,(anonymous_24)
FNDA:0,(anonymous_25)
FNDA:0,(anonymous_26)
DA:26,0
DA:35,0
DA:36,0
DA:38,0
DA:49,0
DA:57,0
DA:58,0
DA:59,0
DA:60,0
DA:61,0
DA:63,0
DA:64,0
DA:66,0
DA:67,0
DA:68,0
DA:71,0
DA:72,0
DA:73,0
DA:74,0
DA:75,0
DA:76,0
DA:77,0
DA:84,0
DA:90,0
DA:94,0
DA:115,0
DA:117,0
DA:121,0
DA:144,0
DA:154,0
DA:157,0
DA:161,0
DA:190,0
DA:201,0
DA:212,0
DA:214,0
DA:218,0
DA:241,0
DA:249,0
DA:251,0
DA:255,0
DA:278,0
DA:287,0
DA:305,0
LF:44
LH:0
BRDA:41,0,0,0
BRDA:41,0,1,0
BRDA:43,1,0,0
BRDA:43,1,1,0
BRDA:66,2,0,0
BRDA:66,2,1,0
BRDA:78,3,0,0
BRDA:78,3,1,0
BRDA:79,4,0,0
BRDA:79,4,1,0
BRDA:85,5,0,0
BRDA:85,5,1,0
BRDA:97,6,0,0
BRDA:97,6,1,0
BRDA:123,7,0,0
BRDA:123,7,1,0
BRDA:128,8,0,0
BRDA:128,8,1,0
BRDA:154,9,0,0
BRDA:154,9,1,0
BRDA:167,10,0,0
BRDA:167,10,1,0
BRDA:172,11,0,0
BRDA:172,11,1,0
BRDA:220,12,0,0
BRDA:220,12,1,0
BRDA:225,13,0,0
BRDA:225,13,1,0
BRDA:257,14,0,0
BRDA:257,14,1,0
BRDA:262,15,0,0
BRDA:262,15,1,0
BRDA:292,16,0,0
BRDA:292,16,1,0
BRF:34
BRH:0
end_of_record
TN:
SF:src\screens\manager\manager-dashboard-screen.tsx
FN:47,ManagerDashboardScreen
FN:52,(anonymous_1)
FN:119,(anonymous_2)
FN:124,(anonymous_3)
FN:135,(anonymous_4)
FN:140,(anonymous_5)
FN:150,(anonymous_6)
FN:174,(anonymous_7)
FN:177,(anonymous_8)
FN:182,(anonymous_9)
FN:203,(anonymous_10)
FN:219,(anonymous_11)
FN:225,(anonymous_12)
FNF:13
FNH:0
FNDA:0,ManagerDashboardScreen
FNDA:0,(anonymous_1)
FNDA:0,(anonymous_2)
FNDA:0,(anonymous_3)
FNDA:0,(anonymous_4)
FNDA:0,(anonymous_5)
FNDA:0,(anonymous_6)
FNDA:0,(anonymous_7)
FNDA:0,(anonymous_8)
FNDA:0,(anonymous_9)
FNDA:0,(anonymous_10)
FNDA:0,(anonymous_11)
FNDA:0,(anonymous_12)
DA:38,0
DA:48,0
DA:49,0
DA:51,0
DA:52,0
DA:57,0
DA:58,0
DA:61,0
DA:119,0
DA:125,0
DA:135,0
DA:140,0
DA:151,0
DA:174,0
DA:178,0
DA:183,0
DA:204,0
DA:220,0
DA:226,0
DA:227,0
DA:231,0
DA:232,0
DA:243,0
DA:261,0
LF:24
LH:0
BRDA:57,0,0,0
BRDA:57,0,1,0
BRDA:155,1,0,0
BRDA:155,1,1,0
BRDA:162,2,0,0
BRDA:162,2,1,0
BRDA:169,3,0,0
BRDA:169,3,1,0
BRDA:197,4,0,0
BRDA:197,4,1,0
BRDA:213,5,0,0
BRDA:213,5,1,0
BRDA:224,6,0,0
BRDA:224,6,1,0
BRDA:224,7,0,0
BRDA:224,7,1,0
BRDA:233,8,0,0
BRDA:233,8,1,0
BRDA:236,9,0,0
BRDA:236,9,1,0
BRDA:245,10,0,0
BRDA:245,10,1,0
BRF:22
BRH:0
end_of_record
TN:
SF:src\screens\manager\manager-profile-screen.tsx
FNF:0
FNH:0
LF:0
LH:0
BRF:0
BRH:0
end_of_record
TN:
SF:src\screens\manager\manager-settings-screen.tsx
FN:3,ManagerSettingsScreen
FNF:1
FNH:0
FNDA:0,ManagerSettingsScreen
DA:4,0
LF:1
LH:0
BRF:0
BRH:0
end_of_record
TN:
SF:src\screens\manager\manager-statistics-screen.tsx
FN:39,formatHours
FN:43,ManagerStatisticsScreen
FN:48,(anonymous_2)
FN:116,(anonymous_3)
FNF:4
FNH:0
FNDA:0,formatHours
FNDA:0,ManagerStatisticsScreen
FNDA:0,(anonymous_2)
FNDA:0,(anonymous_3)
DA:28,0
DA:40,0
DA:44,0
DA:45,0
DA:47,0
DA:48,0
DA:53,0
DA:117,0
DA:135,0
LF:9
LH:0
BRDA:61,0,0,0
BRDA:61,0,1,0
BRDA:66,1,0,0
BRDA:66,1,1,0
BRF:4
BRH:0
end_of_record
TN:
SF:src\services\flexshift-actions.ts
FN:26,hasRemoteSession
FN:30,buildLocalResult
FN:37,createOpenShiftAction
FN:57,claimOpenShiftAction
FN:79,createLeaveRequestAction
FN:103,createYieldRequestAction
FN:128,approveRequestAction
FN:154,rejectRequestAction
FN:180,acknowledgeAnnouncementAction
FNF:9
FNH:0
FNDA:0,hasRemoteSession
FNDA:0,buildLocalResult
FNDA:0,createOpenShiftAction
FNDA:0,claimOpenShiftAction
FNDA:0,createLeaveRequestAction
FNDA:0,createYieldRequestAction
FNDA:0,approveRequestAction
FNDA:0,rejectRequestAction
FNDA:0,acknowledgeAnnouncementAction
DA:27,0
DA:31,0
DA:41,0
DA:43,0
DA:44,0
DA:47,0
DA:54,0
DA:62,0
DA:64,0
DA:65,0
DA:68,0
DA:76,0
DA:83,0
DA:85,0
DA:86,0
DA:89,0
DA:100,0
DA:107,0
DA:109,0
DA:110,0
DA:113,0
DA:125,0
DA:134,0
DA:136,0
DA:137,0
DA:140,0
DA:151,0
DA:160,0
DA:162,0
DA:163,0
DA:166,0
DA:177,0
DA:184,0
DA:185,0
DA:187,0
DA:188,0
DA:191,0
DA:201,0
LF:38
LH:0
BRDA:43,0,0,0
BRDA:43,0,1,0
BRDA:64,1,0,0
BRDA:64,1,1,0
BRDA:85,2,0,0
BRDA:85,2,1,0
BRDA:109,3,0,0
BRDA:109,3,1,0
BRDA:136,4,0,0
BRDA:136,4,1,0
BRDA:162,5,0,0
BRDA:162,5,1,0
BRDA:187,6,0,0
BRDA:187,6,1,0
BRF:14
BRH:0
end_of_record
TN:
SF:src\services\flexshift-service.ts
FN:144,hasRemoteSession
FN:148,mergeUsers
FN:152,(anonymous_2)
FN:167,formatDateKey
FN:174,parseDate
FN:178,getStartOfWeek
FN:187,getEndOfWeek
FN:195,getStartOfMonth
FN:201,getEndOfMonth
FN:207,isDateWithinRange
FN:212,getShiftDurationHours
FN:220,toRecentLabel
FN:229,sortRequestsByRecent
FN:235,createEmptyAgenda
FN:243,buildUpcomingDayWindow
FN:257,buildCalendarDays
FN:263,(anonymous_16)
FN:273,(anonymous_17)
FN:277,(anonymous_18)
FN:283,pickDefaultCalendarDate
FN:288,(anonymous_20)
FN:301,buildNotificationUpdates
FN:304,(anonymous_22)
FN:320,buildActivityLogUpdates
FN:323,(anonymous_24)
FN:339,buildAnnouncementSummaries
FN:344,(anonymous_26)
FN:349,(anonymous_27)
FN:359,formatIsoDateTime
FN:363,buildEmployeeUpdates
FN:370,(anonymous_30)
FN:401,(anonymous_31)
FN:410,buildManagerUpdates
FN:415,(anonymous_33)
FN:437,buildEmployeeDashboardSnapshot
FN:446,(anonymous_35)
FN:454,(anonymous_36)
FN:462,buildManagerDashboardSnapshot
FN:470,(anonymous_38)
FN:483,syncUsersCache
FN:488,syncScheduleCache
FN:509,getRemoteNotifications
FN:515,getLocalNotifications
FN:519,getEmployeeDashboardData
FN:616,getManagerDashboardData
FN:710,getEmployeeRequestFormData
FN:726,(anonymous_46)
FN:736,(anonymous_47)
FN:748,(anonymous_48)
FN:752,getOpenShiftListingSummary
FN:777,buildCalendarSnapshot
FN:788,buildEmployeeCalendarSnapshot
FN:796,(anonymous_52)
FN:800,(anonymous_53)
FN:804,(anonymous_54)
FN:806,(anonymous_55)
FN:814,buildManagerCalendarSnapshot
FN:822,(anonymous_57)
FN:826,(anonymous_58)
FN:830,(anonymous_59)
FN:832,(anonymous_60)
FN:840,buildAgendaForDays
FN:847,(anonymous_62)
FN:850,(anonymous_63)
FN:856,(anonymous_64)
FN:862,(anonymous_65)
FN:871,getEmployeeCalendarData
FN:925,getManagerCalendarData
FN:976,buildEmployeeStatisticsSnapshot
FN:987,(anonymous_69)
FN:989,(anonymous_70)
FN:992,(anonymous_71)
FN:996,(anonymous_72)
FN:999,(anonymous_73)
FN:1002,(anonymous_74)
FN:1008,(anonymous_75)
FN:1013,(anonymous_76)
FN:1018,(anonymous_77)
FN:1028,buildManagerStatisticsSnapshot
FN:1037,(anonymous_79)
FN:1049,(anonymous_80)
FN:1060,(anonymous_81)
FN:1076,(anonymous_82)
FN:1084,(anonymous_83)
FN:1087,(anonymous_84)
FN:1090,(anonymous_85)
FN:1092,(anonymous_86)
FN:1096,(anonymous_87)
FN:1102,getEmployeeStatisticsData
FN:1127,getManagerStatisticsData
FN:1151,getMyRequestsData
FN:1168,getApprovalRequestsData
FN:1173,(anonymous_92)
FN:1194,getRequestDetailData
FN:1211,getOpenShiftDetailData
FN:1226,getSettingsData
FN:1249,saveSettingsData
FNF:97
FNH:0
FNDA:0,hasRemoteSession
FNDA:0,mergeUsers
FNDA:0,(anonymous_2)
FNDA:0,formatDateKey
FNDA:0,parseDate
FNDA:0,getStartOfWeek
FNDA:0,getEndOfWeek
FNDA:0,getStartOfMonth
FNDA:0,getEndOfMonth
FNDA:0,isDateWithinRange
FNDA:0,getShiftDurationHours
FNDA:0,toRecentLabel
FNDA:0,sortRequestsByRecent
FNDA:0,createEmptyAgenda
FNDA:0,buildUpcomingDayWindow
FNDA:0,buildCalendarDays
FNDA:0,(anonymous_16)
FNDA:0,(anonymous_17)
FNDA:0,(anonymous_18)
FNDA:0,pickDefaultCalendarDate
FNDA:0,(anonymous_20)
FNDA:0,buildNotificationUpdates
FNDA:0,(anonymous_22)
FNDA:0,buildActivityLogUpdates
FNDA:0,(anonymous_24)
FNDA:0,buildAnnouncementSummaries
FNDA:0,(anonymous_26)
FNDA:0,(anonymous_27)
FNDA:0,formatIsoDateTime
FNDA:0,buildEmployeeUpdates
FNDA:0,(anonymous_30)
FNDA:0,(anonymous_31)
FNDA:0,buildManagerUpdates
FNDA:0,(anonymous_33)
FNDA:0,buildEmployeeDashboardSnapshot
FNDA:0,(anonymous_35)
FNDA:0,(anonymous_36)
FNDA:0,buildManagerDashboardSnapshot
FNDA:0,(anonymous_38)
FNDA:0,syncUsersCache
FNDA:0,syncScheduleCache
FNDA:0,getRemoteNotifications
FNDA:0,getLocalNotifications
FNDA:0,getEmployeeDashboardData
FNDA:0,getManagerDashboardData
FNDA:0,getEmployeeRequestFormData
FNDA:0,(anonymous_46)
FNDA:0,(anonymous_47)
FNDA:0,(anonymous_48)
FNDA:0,getOpenShiftListingSummary
FNDA:0,buildCalendarSnapshot
FNDA:0,buildEmployeeCalendarSnapshot
FNDA:0,(anonymous_52)
FNDA:0,(anonymous_53)
FNDA:0,(anonymous_54)
FNDA:0,(anonymous_55)
FNDA:0,buildManagerCalendarSnapshot
FNDA:0,(anonymous_57)
FNDA:0,(anonymous_58)
FNDA:0,(anonymous_59)
FNDA:0,(anonymous_60)
FNDA:0,buildAgendaForDays
FNDA:0,(anonymous_62)
FNDA:0,(anonymous_63)
FNDA:0,(anonymous_64)
FNDA:0,(anonymous_65)
FNDA:0,getEmployeeCalendarData
FNDA:0,getManagerCalendarData
FNDA:0,buildEmployeeStatisticsSnapshot
FNDA:0,(anonymous_69)
FNDA:0,(anonymous_70)
FNDA:0,(anonymous_71)
FNDA:0,(anonymous_72)
FNDA:0,(anonymous_73)
FNDA:0,(anonymous_74)
FNDA:0,(anonymous_75)
FNDA:0,(anonymous_76)
FNDA:0,(anonymous_77)
FNDA:0,buildManagerStatisticsSnapshot
FNDA:0,(anonymous_79)
FNDA:0,(anonymous_80)
FNDA:0,(anonymous_81)
FNDA:0,(anonymous_82)
FNDA:0,(anonymous_83)
FNDA:0,(anonymous_84)
FNDA:0,(anonymous_85)
FNDA:0,(anonymous_86)
FNDA:0,(anonymous_87)
FNDA:0,getEmployeeStatisticsData
FNDA:0,getManagerStatisticsData
FNDA:0,getMyRequestsData
FNDA:0,getApprovalRequestsData
FNDA:0,(anonymous_92)
FNDA:0,getRequestDetailData
FNDA:0,getOpenShiftDetailData
FNDA:0,getSettingsData
FNDA:0,saveSettingsData
DA:52,2
DA:56,2
DA:145,0
DA:149,0
DA:150,0
DA:152,0
DA:153,0
DA:154,0
DA:157,0
DA:158,0
DA:161,0
DA:162,0
DA:164,0
DA:168,0
DA:169,0
DA:170,0
DA:171,0
DA:175,0
DA:179,0
DA:180,0
DA:181,0
DA:182,0
DA:183,0
DA:184,0
DA:188,0
DA:189,0
DA:190,0
DA:191,0
DA:192,0
DA:196,0
DA:197,0
DA:198,0
DA:202,0
DA:203,0
DA:204,0
DA:208,0
DA:209,0
DA:213,0
DA:214,0
DA:216,0
DA:217,0
DA:221,0
DA:222,0
DA:223,0
DA:226,0
DA:230,0
DA:236,0
DA:244,0
DA:245,0
DA:246,0
DA:248,0
DA:249,0
DA:250,0
DA:251,0
DA:254,0
DA:261,0
DA:263,0
DA:264,0
DA:265,0
DA:267,0
DA:273,0
DA:277,0
DA:287,0
DA:289,0
DA:291,0
DA:304,0
DA:323,0
DA:342,0
DA:345,0
DA:349,0
DA:360,0
DA:367,0
DA:372,0
DA:379,0
DA:383,0
DA:397,0
DA:398,0
DA:401,0
DA:411,0
DA:415,0
DA:444,0
DA:445,0
DA:446,0
DA:447,0
DA:450,0
DA:454,0
DA:469,0
DA:470,0
DA:473,0
DA:484,0
DA:485,0
DA:496,0
DA:497,0
DA:500,0
DA:501,0
DA:504,0
DA:505,0
DA:510,0
DA:511,0
DA:512,0
DA:516,0
DA:523,0
DA:524,0
DA:532,0
DA:541,0
DA:547,0
DA:564,0
DA:573,0
DA:594,0
DA:603,0
DA:617,0
DA:618,0
DA:626,0
DA:635,0
DA:641,0
DA:658,0
DA:667,0
DA:688,0
DA:697,0
DA:714,0
DA:715,0
DA:716,0
DA:721,0
DA:722,0
DA:724,0
DA:726,0
DA:729,0
DA:734,0
DA:736,0
DA:741,0
DA:746,0
DA:748,0
DA:753,0
DA:754,0
DA:755,0
DA:756,0
DA:757,0
DA:762,0
DA:763,0
DA:770,0
DA:771,0
DA:781,0
DA:792,0
DA:796,0
DA:800,0
DA:805,0
DA:806,0
DA:818,0
DA:822,0
DA:826,0
DA:831,0
DA:832,0
DA:846,0
DA:847,0
DA:850,0
DA:851,0
DA:852,0
DA:856,0
DA:857,0
DA:858,0
DA:862,0
DA:863,0
DA:864,0
DA:868,0
DA:875,0
DA:877,0
DA:878,0
DA:879,0
DA:884,0
DA:886,0
DA:892,0
DA:894,0
DA:900,0
DA:906,0
DA:910,0
DA:916,0
DA:922,0
DA:926,0
DA:928,0
DA:929,0
DA:930,0
DA:935,0
DA:937,0
DA:943,0
DA:945,0
DA:951,0
DA:957,0
DA:961,0
DA:967,0
DA:973,0
DA:980,0
DA:981,0
DA:982,0
DA:983,0
DA:984,0
DA:986,0
DA:987,0
DA:989,0
DA:990,0
DA:992,0
DA:993,0
DA:995,0
DA:996,0
DA:998,0
DA:999,0
DA:1001,0
DA:1002,0
DA:1005,0
DA:1009,0
DA:1014,0
DA:1018,0
DA:1033,0
DA:1034,0
DA:1035,0
DA:1036,0
DA:1037,0
DA:1040,0
DA:1049,0
DA:1050,0
DA:1056,0
DA:1057,0
DA:1060,0
DA:1061,0
DA:1067,0
DA:1068,0
DA:1071,0
DA:1073,0
DA:1076,0
DA:1084,0
DA:1087,0
DA:1090,0
DA:1093,0
DA:1097,0
DA:1106,0
DA:1107,0
DA:1108,0
DA:1110,0
DA:1115,0
DA:1119,0
DA:1124,0
DA:1128,0
DA:1129,0
DA:1130,0
DA:1132,0
DA:1138,0
DA:1142,0
DA:1148,0
DA:1155,0
DA:1156,0
DA:1157,0
DA:1158,0
DA:1159,0
DA:1161,0
DA:1165,0
DA:1169,0
DA:1170,0
DA:1171,0
DA:1172,0
DA:1173,0
DA:1174,0
DA:1175,0
DA:1178,0
DA:1179,0
DA:1182,0
DA:1187,0
DA:1191,0
DA:1198,0
DA:1199,0
DA:1200,0
DA:1201,0
DA:1202,0
DA:1204,0
DA:1208,0
DA:1215,0
DA:1216,0
DA:1217,0
DA:1219,0
DA:1223,0
DA:1227,0
DA:1228,0
DA:1229,0
DA:1230,0
DA:1240,0
DA:1242,0
DA:1246,0
DA:1254,0
DA:1255,0
DA:1256,0
DA:1257,0
DA:1267,0
DA:1269,0
DA:1270,0
DA:1287,0
DA:1288,0
LF:294
LH:2
BRDA:153,0,0,0
BRDA:153,0,1,0
BRDA:153,1,0,0
BRDA:153,1,1,0
BRDA:181,2,0,0
BRDA:181,2,1,0
BRDA:209,3,0,0
BRDA:209,3,1,0
BRDA:222,4,0,0
BRDA:222,4,1,0
BRDA:230,5,0,0
BRDA:230,5,1,0
BRDA:231,6,0,0
BRDA:231,6,1,0
BRDA:243,7,0,0
BRDA:265,8,0,0
BRDA:265,8,1,0
BRDA:288,9,0,0
BRDA:288,9,1,0
BRDA:292,10,0,0
BRDA:292,10,1,0
BRDA:292,10,2,0
BRDA:292,10,3,0
BRDA:310,11,0,0
BRDA:310,11,1,0
BRDA:312,12,0,0
BRDA:312,12,1,0
BRDA:314,13,0,0
BRDA:314,13,1,0
BRDA:326,14,0,0
BRDA:326,14,1,0
BRDA:330,15,0,0
BRDA:330,15,1,0
BRDA:332,16,0,0
BRDA:332,16,1,0
BRDA:332,17,0,0
BRDA:332,17,1,0
BRDA:345,18,0,0
BRDA:345,18,1,0
BRDA:372,19,0,0
BRDA:372,19,1,0
BRDA:374,20,0,0
BRDA:374,20,1,0
BRDA:379,21,0,0
BRDA:379,21,1,0
BRDA:381,22,0,0
BRDA:381,22,1,0
BRDA:387,23,0,0
BRDA:387,23,1,0
BRDA:389,24,0,0
BRDA:389,24,1,0
BRDA:391,25,0,0
BRDA:391,25,1,0
BRDA:397,26,0,0
BRDA:397,26,1,0
BRDA:418,27,0,0
BRDA:418,27,1,0
BRDA:420,28,0,0
BRDA:420,28,1,0
BRDA:424,29,0,0
BRDA:424,29,1,0
BRDA:427,30,0,0
BRDA:427,30,1,0
BRDA:429,31,0,0
BRDA:429,31,1,0
BRDA:431,32,0,0
BRDA:431,32,1,0
BRDA:484,33,0,0
BRDA:484,33,1,0
BRDA:496,34,0,0
BRDA:496,34,1,0
BRDA:500,35,0,0
BRDA:500,35,1,0
BRDA:504,36,0,0
BRDA:504,36,1,0
BRDA:523,37,0,0
BRDA:523,37,1,0
BRDA:551,38,0,0
BRDA:551,38,1,0
BRDA:577,39,0,0
BRDA:577,39,1,0
BRDA:579,40,0,0
BRDA:579,40,1,0
BRDA:607,41,0,0
BRDA:607,41,1,0
BRDA:609,42,0,0
BRDA:609,42,1,0
BRDA:617,43,0,0
BRDA:617,43,1,0
BRDA:645,44,0,0
BRDA:645,44,1,0
BRDA:671,45,0,0
BRDA:671,45,1,0
BRDA:673,46,0,0
BRDA:673,46,1,0
BRDA:701,47,0,0
BRDA:701,47,1,0
BRDA:703,48,0,0
BRDA:703,48,1,0
BRDA:714,49,0,0
BRDA:714,49,1,0
BRDA:753,50,0,0
BRDA:753,50,1,0
BRDA:851,51,0,0
BRDA:851,51,1,0
BRDA:857,52,0,0
BRDA:857,52,1,0
BRDA:863,53,0,0
BRDA:863,53,1,0
BRDA:877,54,0,0
BRDA:877,54,1,0
BRDA:928,55,0,0
BRDA:928,55,1,0
BRDA:1022,56,0,0
BRDA:1022,56,1,0
BRDA:1050,57,0,0
BRDA:1050,57,1,0
BRDA:1061,58,0,0
BRDA:1061,58,1,0
BRDA:1079,59,0,0
BRDA:1079,59,1,0
BRDA:1106,60,0,0
BRDA:1106,60,1,0
BRDA:1128,61,0,0
BRDA:1128,61,1,0
BRDA:1155,62,0,0
BRDA:1155,62,1,0
BRDA:1169,63,0,0
BRDA:1169,63,1,0
BRDA:1174,64,0,0
BRDA:1174,64,1,0
BRDA:1174,65,0,0
BRDA:1174,65,1,0
BRDA:1178,66,0,0
BRDA:1178,66,1,0
BRDA:1178,67,0,0
BRDA:1178,67,1,0
BRDA:1182,68,0,0
BRDA:1182,68,1,0
BRDA:1183,69,0,0
BRDA:1183,69,1,0
BRDA:1198,70,0,0
BRDA:1198,70,1,0
BRDA:1215,71,0,0
BRDA:1215,71,1,0
BRDA:1227,72,0,0
BRDA:1227,72,1,0
BRDA:1254,73,0,0
BRDA:1254,73,1,0
BRDA:1273,74,0,0
BRDA:1273,74,1,0
BRDA:1275,75,0,0
BRDA:1275,75,1,0
BRDA:1277,76,0,0
BRDA:1277,76,1,0
BRDA:1278,77,0,0
BRDA:1278,77,1,0
BRDA:1280,78,0,0
BRDA:1280,78,1,0
BRDA:1281,79,0,0
BRDA:1281,79,1,0
BRDA:1282,80,0,0
BRDA:1282,80,1,0
BRDA:1291,81,0,0
BRDA:1291,81,1,0
BRDA:1293,82,0,0
BRDA:1293,82,1,0
BRDA:1295,83,0,0
BRDA:1295,83,1,0
BRDA:1296,84,0,0
BRDA:1296,84,1,0
BRDA:1298,85,0,0
BRDA:1298,85,1,0
BRDA:1299,86,0,0
BRDA:1299,86,1,0
BRDA:1300,87,0,0
BRDA:1300,87,1,0
BRF:177
BRH:0
end_of_record
TN:
SF:src\services\api\api-client.ts
FN:22,buildHeaders
FN:36,isAbortError
FN:44,createAbortSignal
FN:46,(anonymous_3)
FN:50,(anonymous_4)
FN:64,(anonymous_5)
FN:74,parseError
FN:106,executeFetch
FN:143,refreshSession
FN:173,ensureRefreshedSession
FN:175,(anonymous_10)
FN:183,executeRequest
FN:205,apiRequest
FN:230,resetApiClientStateForTests
FNF:14
FNH:13
FNDA:6,buildHeaders
FNDA:1,isAbortError
FNDA:6,createAbortSignal
FNDA:1,(anonymous_3)
FNDA:0,(anonymous_4)
FNDA:6,(anonymous_5)
FNDA:2,parseError
FNDA:6,executeFetch
FNDA:1,refreshSession
FNDA:2,ensureRefreshedSession
FNDA:1,(anonymous_10)
FNDA:5,executeRequest
FNDA:3,apiRequest
FNDA:2,resetApiClientStateForTests
DA:20,3
DA:23,6
DA:25,6
DA:26,1
DA:29,6
DA:30,4
DA:33,6
DA:37,1
DA:45,6
DA:46,6
DA:47,1
DA:50,6
DA:51,0
DA:54,6
DA:55,0
DA:56,0
DA:58,0
DA:62,6
DA:65,6
DA:67,6
DA:68,0
DA:77,2
DA:78,2
DA:80,0
DA:83,2
DA:84,2
DA:88,2
DA:92,2
DA:93,2
DA:96,0
DA:99,0
DA:100,0
DA:103,0
DA:117,6
DA:118,6
DA:119,6
DA:121,6
DA:122,6
DA:129,1
DA:130,1
DA:137,0
DA:139,6
DA:144,1
DA:145,1
DA:147,1
DA:148,0
DA:149,0
DA:152,1
DA:153,1
DA:163,1
DA:164,0
DA:165,0
DA:168,1
DA:169,1
DA:170,1
DA:174,2
DA:175,1
DA:176,1
DA:180,2
DA:188,5
DA:194,4
DA:195,0
DA:198,4
DA:199,2
DA:202,2
DA:209,3
DA:210,3
DA:211,3
DA:213,3
DA:214,3
DA:216,3
DA:217,1
DA:220,2
DA:222,2
DA:223,0
DA:226,2
DA:231,2
LF:77
LH:60
BRDA:23,0,0,6
BRDA:23,0,1,6
BRDA:25,1,0,1
BRDA:25,1,1,5
BRDA:29,2,0,4
BRDA:29,2,1,2
BRDA:38,3,0,1
BRDA:38,3,1,1
BRDA:38,3,2,0
BRDA:54,4,0,0
BRDA:54,4,1,6
BRDA:55,5,0,0
BRDA:55,5,1,0
BRDA:67,6,0,0
BRDA:67,6,1,6
BRDA:83,7,0,2
BRDA:83,7,1,0
BRDA:83,8,0,2
BRDA:83,8,1,2
BRDA:83,8,2,2
BRDA:84,9,0,0
BRDA:84,9,1,2
BRDA:88,10,0,0
BRDA:88,10,1,2
BRDA:88,11,0,2
BRDA:88,11,1,0
BRDA:92,12,0,2
BRDA:92,12,1,0
BRDA:99,13,0,0
BRDA:99,13,1,0
BRDA:118,14,0,6
BRDA:118,14,1,4
BRDA:125,15,0,1
BRDA:125,15,1,5
BRDA:129,16,0,1
BRDA:129,16,1,0
BRDA:147,17,0,0
BRDA:147,17,1,1
BRDA:163,18,0,0
BRDA:163,18,1,1
BRDA:174,19,0,1
BRDA:174,19,1,1
BRDA:194,20,0,0
BRDA:194,20,1,4
BRDA:198,21,0,2
BRDA:198,21,1,2
BRDA:207,22,0,2
BRDA:211,23,0,2
BRDA:211,23,1,1
BRDA:216,24,0,1
BRDA:216,24,1,2
BRDA:216,25,0,3
BRDA:216,25,1,2
BRDA:222,26,0,0
BRDA:222,26,1,2
BRF:55
BRH:38
end_of_record
TN:
SF:src\services\api\api-errors.ts
FN:2,(anonymous_0)
FN:13,(anonymous_1)
FNF:2
FNH:2
FNDA:4,(anonymous_0)
FNDA:2,(anonymous_1)
DA:7,4
DA:8,4
DA:14,2
DA:15,2
LF:4
LH:4
BRDA:13,0,0,0
BRF:1
BRH:0
end_of_record
TN:
SF:src\services\api\flexshift-api.ts
FN:50,loginRequest
FN:58,refreshSessionRequest
FN:66,logoutRequest
FN:73,getCurrentUserRequest
FN:77,updatePasswordRequest
FN:84,getEmployeesRequest
FN:88,getShiftsRequest
FN:116,getRequestsRequest
FN:127,getRequestDetailRequest
FN:131,createLeaveRequestRequest
FN:143,createYieldRequestRequest
FN:156,approveRequestRequest
FN:168,rejectRequestRequest
FN:180,getOpenShiftsRequest
FN:184,getOpenShiftDetailRequest
FN:188,createOpenShiftRequest
FN:200,claimOpenShiftRequest
FN:213,getCalendarRequest
FN:228,getEmployeeStatisticsRequest
FN:232,getManagerStatisticsRequest
FN:236,getUserSettingsRequest
FN:240,updateUserSettingsRequest
FN:247,getNotificationsRequest
FN:251,markNotificationReadRequest
FN:257,getAnnouncementsRequest
FN:261,acknowledgeAnnouncementRequest
FN:277,getActivityRequest
FN:281,getSyncPullRequest
FNF:28
FNH:0
FNDA:0,loginRequest
FNDA:0,refreshSessionRequest
FNDA:0,logoutRequest
FNDA:0,getCurrentUserRequest
FNDA:0,updatePasswordRequest
FNDA:0,getEmployeesRequest
FNDA:0,getShiftsRequest
FNDA:0,getRequestsRequest
FNDA:0,getRequestDetailRequest
FNDA:0,createLeaveRequestRequest
FNDA:0,createYieldRequestRequest
FNDA:0,approveRequestRequest
FNDA:0,rejectRequestRequest
FNDA:0,getOpenShiftsRequest
FNDA:0,getOpenShiftDetailRequest
FNDA:0,createOpenShiftRequest
FNDA:0,claimOpenShiftRequest
FNDA:0,getCalendarRequest
FNDA:0,getEmployeeStatisticsRequest
FNDA:0,getManagerStatisticsRequest
FNDA:0,getUserSettingsRequest
FNDA:0,updateUserSettingsRequest
FNDA:0,getNotificationsRequest
FNDA:0,markNotificationReadRequest
FNDA:0,getAnnouncementsRequest
FNDA:0,acknowledgeAnnouncementRequest
FNDA:0,getActivityRequest
FNDA:0,getSyncPullRequest
DA:51,0
DA:59,0
DA:67,0
DA:74,0
DA:78,0
DA:85,0
DA:94,0
DA:96,0
DA:97,0
DA:100,0
DA:101,0
DA:104,0
DA:105,0
DA:108,0
DA:109,0
DA:112,0
DA:113,0
DA:117,0
DA:119,0
DA:120,0
DA:123,0
DA:124,0
DA:128,0
DA:137,0
DA:150,0
DA:162,0
DA:174,0
DA:181,0
DA:185,0
DA:194,0
DA:207,0
DA:214,0
DA:216,0
DA:217,0
DA:220,0
DA:221,0
DA:224,0
DA:225,0
DA:229,0
DA:233,0
DA:237,0
DA:241,0
DA:248,0
DA:252,0
DA:258,0
DA:268,0
DA:278,0
DA:282,0
LF:48
LH:0
BRDA:69,0,0,0
BRDA:69,0,1,0
BRDA:96,1,0,0
BRDA:96,1,1,0
BRDA:100,2,0,0
BRDA:100,2,1,0
BRDA:104,3,0,0
BRDA:104,3,1,0
BRDA:108,4,0,0
BRDA:108,4,1,0
BRDA:113,5,0,0
BRDA:113,5,1,0
BRDA:119,6,0,0
BRDA:119,6,1,0
BRDA:124,7,0,0
BRDA:124,7,1,0
BRDA:209,8,0,0
BRDA:209,8,1,0
BRDA:216,9,0,0
BRDA:216,9,1,0
BRDA:220,10,0,0
BRDA:220,10,1,0
BRDA:225,11,0,0
BRDA:225,11,1,0
BRDA:272,12,0,0
BRDA:272,12,1,0
BRDA:277,13,0,0
BRDA:281,14,0,0
BRF:28
BRH:0
end_of_record
TN:
SF:src\services\session\auth-storage.native.ts
FN:5,readStoredSession
FN:10,writeStoredSession
FN:14,clearStoredSession
FNF:3
FNH:0
FNDA:0,readStoredSession
FNDA:0,writeStoredSession
FNDA:0,clearStoredSession
DA:3,2
DA:6,0
DA:7,0
DA:11,0
DA:15,0
LF:5
LH:1
BRDA:7,0,0,0
BRDA:7,0,1,0
BRF:2
BRH:0
end_of_record
TN:
SF:src\services\session\auth-storage.ts
FN:6,readStoredSession
FN:19,writeStoredSession
FN:32,clearStoredSession
FNF:3
FNH:0
FNDA:0,readStoredSession
FNDA:0,writeStoredSession
FNDA:0,clearStoredSession
DA:4,0
DA:7,0
DA:8,0
DA:9,0
DA:12,0
DA:15,0
DA:16,0
DA:20,0
DA:21,0
DA:22,0
DA:25,0
DA:26,0
DA:29,0
DA:33,0
DA:34,0
DA:35,0
DA:38,0
DA:39,0
DA:42,0
LF:19
LH:0
BRDA:7,0,0,0
BRDA:7,0,1,0
BRDA:8,1,0,0
BRDA:8,1,1,0
BRDA:16,2,0,0
BRDA:16,2,1,0
BRDA:20,3,0,0
BRDA:20,3,1,0
BRDA:21,4,0,0
BRDA:21,4,1,0
BRDA:33,5,0,0
BRDA:33,5,1,0
BRDA:34,6,0,0
BRDA:34,6,1,0
BRF:14
BRH:0
end_of_record
TN:
SF:src\services\session\auth-storage.web.ts
FN:3,readStoredSession
FN:11,writeStoredSession
FN:19,clearStoredSession
FNF:3
FNH:0
FNDA:0,readStoredSession
FNDA:0,writeStoredSession
FNDA:0,clearStoredSession
DA:1,0
DA:4,0
DA:5,0
DA:8,0
DA:12,0
DA:13,0
DA:16,0
DA:20,0
DA:21,0
DA:24,0
LF:10
LH:0
BRDA:4,0,0,0
BRDA:4,0,1,0
BRDA:12,1,0,0
BRDA:12,1,1,0
BRDA:20,2,0,0
BRDA:20,2,1,0
BRF:6
BRH:0
end_of_record
TN:
SF:src\services\session\device-context.ts
FN:18,readStoredDeviceId
FN:30,writeStoredDeviceId
FN:43,getDeviceContext
FNF:3
FNH:0
FNDA:0,readStoredDeviceId
FNDA:0,writeStoredDeviceId
FNDA:0,getDeviceContext
DA:7,2
DA:16,2
DA:19,0
DA:20,0
DA:21,0
DA:24,0
DA:27,0
DA:31,0
DA:32,0
DA:33,0
DA:36,0
DA:37,0
DA:40,0
DA:44,0
DA:45,0
DA:48,0
DA:50,0
DA:51,0
DA:52,0
DA:55,0
DA:62,0
LF:21
LH:2
BRDA:19,0,0,0
BRDA:19,0,1,0
BRDA:20,1,0,0
BRDA:20,1,1,0
BRDA:31,2,0,0
BRDA:31,2,1,0
BRDA:32,3,0,0
BRDA:32,3,1,0
BRDA:44,4,0,0
BRDA:44,4,1,0
BRDA:50,5,0,0
BRDA:50,5,1,0
BRDA:57,6,0,0
BRDA:57,6,1,0
BRDA:59,7,0,0
BRDA:59,7,1,0
BRF:16
BRH:0
end_of_record
TN:
SF:src\services\session\session-store.ts
FN:20,emitSessionChange
FN:22,(anonymous_1)
FN:25,getSessionSnapshot
FN:32,subscribeSession
FN:36,(anonymous_4)
FN:41,restoreSessionSnapshot
FN:67,setAuthSession
FN:84,clearAuthSession
FNF:8
FNH:0
FNDA:0,emitSessionChange
FNDA:0,(anonymous_1)
FNDA:0,getSessionSnapshot
FNDA:0,subscribeSession
FNDA:0,(anonymous_4)
FNDA:0,restoreSessionSnapshot
FNDA:0,setAuthSession
FNDA:0,clearAuthSession
DA:16,2
DA:17,2
DA:18,2
DA:21,0
DA:22,0
DA:26,0
DA:33,0
DA:34,0
DA:36,0
DA:37,0
DA:42,0
DA:43,0
DA:45,0
DA:47,0
DA:48,0
DA:49,0
DA:50,0
DA:51,0
DA:54,0
DA:55,0
DA:56,0
DA:58,0
DA:59,0
DA:60,0
DA:63,0
DA:64,0
DA:71,0
DA:72,0
DA:74,0
DA:75,0
DA:77,0
DA:80,0
DA:81,0
DA:85,0
LF:34
LH:3
BRDA:47,0,0,0
BRDA:47,0,1,0
BRDA:69,1,0,0
BRDA:72,2,0,0
BRDA:72,2,1,0
BRDA:74,3,0,0
BRDA:74,3,1,0
BRF:7
BRH:0
end_of_record
TN:
SF:src\services\sync\sync-engine.ts
FN:55,createPendingMutationRecord
FN:77,sendPendingMutation
FN:140,applySyncPull
FN:191,updateSyncSnapshot
FN:201,flushPendingMutations
FN:246,executeSyncCycle
FN:296,runSyncCycle
FN:298,(anonymous_7)
FN:306,queueMutation
FN:328,hydrateSyncStatus
FN:332,getPendingAnnouncementCount
FN:337,resetSyncEngineStateForTests
FNF:12
FNH:10
FNDA:1,createPendingMutationRecord
FNDA:1,sendPendingMutation
FNDA:1,applySyncPull
FNDA:4,updateSyncSnapshot
FNDA:2,flushPendingMutations
FNDA:2,executeSyncCycle
FNDA:3,runSyncCycle
FNDA:2,(anonymous_7)
FNDA:1,queueMutation
FNDA:0,hydrateSyncStatus
FNDA:0,getPendingAnnouncementCount
FNDA:2,resetSyncEngineStateForTests
DA:53,2
DA:62,1
DA:78,1
DA:80,1
DA:82,0
DA:93,1
DA:98,0
DA:105,0
DA:113,0
DA:122,0
DA:131,0
DA:136,0
DA:144,1
DA:146,1
DA:147,0
DA:150,1
DA:151,0
DA:154,1
DA:155,0
DA:158,1
DA:159,0
DA:162,1
DA:163,0
DA:164,0
DA:176,1
DA:177,0
DA:180,1
DA:181,0
DA:184,1
DA:185,0
DA:188,1
DA:195,4
DA:196,4
DA:197,4
DA:198,4
DA:202,2
DA:204,2
DA:205,1
DA:211,1
DA:212,1
DA:214,0
DA:220,0
DA:226,0
DA:233,1
DA:238,1
DA:239,1
DA:243,1
DA:247,2
DA:249,2
DA:250,0
DA:253,2
DA:255,2
DA:261,2
DA:262,2
DA:264,1
DA:265,1
DA:266,1
DA:268,1
DA:269,1
DA:279,1
DA:280,0
DA:281,0
DA:282,0
DA:285,1
DA:292,1
DA:297,3
DA:298,2
DA:299,2
DA:303,3
DA:310,1
DA:312,1
DA:313,1
DA:315,1
DA:316,0
DA:320,1
DA:322,1
DA:329,0
DA:333,0
DA:334,0
DA:338,2
LF:80
LH:53
BRDA:66,0,0,1
BRDA:66,0,1,0
BRDA:80,1,0,0
BRDA:80,1,1,1
BRDA:80,1,2,0
BRDA:80,1,3,0
BRDA:80,1,4,0
BRDA:80,1,5,0
BRDA:80,1,6,0
BRDA:80,1,7,0
BRDA:115,2,0,0
BRDA:115,2,1,0
BRDA:124,3,0,0
BRDA:124,3,1,0
BRDA:146,4,0,0
BRDA:146,4,1,1
BRDA:150,5,0,0
BRDA:150,5,1,1
BRDA:154,6,0,0
BRDA:154,6,1,1
BRDA:158,7,0,0
BRDA:158,7,1,1
BRDA:162,8,0,0
BRDA:162,8,1,1
BRDA:176,9,0,0
BRDA:176,9,1,1
BRDA:180,10,0,0
BRDA:180,10,1,1
BRDA:184,11,0,0
BRDA:184,11,1,1
BRDA:220,12,0,0
BRDA:220,12,1,0
BRDA:221,13,0,0
BRDA:221,13,1,0
BRDA:221,13,2,0
BRDA:221,13,3,0
BRDA:249,14,0,0
BRDA:249,14,1,2
BRDA:279,15,0,0
BRDA:279,15,1,1
BRDA:279,16,0,1
BRDA:279,16,1,0
BRDA:287,17,0,1
BRDA:287,17,1,0
BRDA:288,18,0,1
BRDA:288,18,1,0
BRDA:297,19,0,2
BRDA:297,19,1,1
BRDA:315,20,0,0
BRDA:315,20,1,1
BRDA:315,21,0,1
BRDA:315,21,1,0
BRDA:324,22,0,1
BRDA:324,22,1,0
BRF:54
BRH:20
end_of_record
TN:
SF:src\services\sync\sync-helpers.ts
FN:9,isLikelyOfflineError
FN:26,buildSyncSnapshot
FN:36,buildFailedMutationRecord
FN:50,countPendingAcknowledgements
FN:54,(anonymous_4)
FNF:5
FNH:5
FNDA:2,isLikelyOfflineError
FNDA:5,buildSyncSnapshot
FNDA:2,buildFailedMutationRecord
FNDA:1,countPendingAcknowledgements
FNDA:1,(anonymous_4)
DA:10,2
DA:11,2
DA:14,0
DA:15,0
DA:16,0
DA:23,0
DA:30,5
DA:40,2
DA:53,1
DA:54,1
LF:10
LH:6
BRDA:10,0,0,2
BRDA:10,0,1,0
BRDA:14,1,0,0
BRDA:14,1,1,0
BRDA:17,2,0,0
BRDA:17,2,1,0
BRDA:17,2,2,0
BRDA:44,3,0,1
BRDA:44,3,1,1
BRDA:44,4,0,2
BRDA:44,4,1,1
BRDA:46,5,0,2
BRDA:46,5,1,0
BRDA:54,6,0,1
BRDA:54,6,1,1
BRF:15
BRH:8
end_of_record
TN:
SF:src\test-utils\fixtures.ts
FNF:0
FNH:0
DA:10,9
DA:19,9
DA:28,9
DA:42,9
DA:63,9
DA:74,9
DA:85,9
LF:7
LH:7
BRF:0
BRH:0
end_of_record
TN:
SF:src\theme\tokens.ts
FNF:0
FNH:0
DA:1,8
DA:25,8
DA:36,8
DA:46,8
DA:60,8
DA:64,8
LF:6
LH:6
BRF:0
BRH:0
end_of_record
TN:
SF:src\types\models.ts
FNF:0
FNH:0
LF:0
LH:0
BRF:0
BRH:0
end_of_record
TN:
SF:src\utils\date.ts
FN:6,parseDateParts
FN:11,formatDateParts
FN:15,toEpochDay
FN:20,buildAbsoluteShiftWindow
FN:40,pad
FN:44,formatDateInput
FN:48,formatIsoTimestamp
FN:52,addDays
FN:58,addCalendarDays
FN:70,getAdjacentDateStrings
FN:74,toMinutes
FN:79,hasTimeOverlap
FN:95,hasDateTimeOverlap
FN:113,isShiftWindowChronologicallyValid
FN:120,compareDateTime
FN:131,formatDisplayDate
FN:140,formatDateTimeLabel
FN:148,isUpcoming
FNF:18
FNH:13
FNDA:17,parseDateParts
FNDA:3,formatDateParts
FNDA:14,toEpochDay
FNDA:14,buildAbsoluteShiftWindow
FNDA:44,pad
FNDA:0,formatDateInput
FNDA:0,formatIsoTimestamp
FNDA:0,addDays
FNDA:3,addCalendarDays
FNDA:1,getAdjacentDateStrings
FNDA:32,toMinutes
FNDA:2,hasTimeOverlap
FNDA:4,hasDateTimeOverlap
FNDA:2,isShiftWindowChronologicallyValid
FNDA:0,compareDateTime
FNDA:19,formatDisplayDate
FNDA:19,formatDateTimeLabel
FNDA:0,isUpcoming
DA:1,5
DA:4,5
DA:7,17
DA:8,17
DA:12,3
DA:16,14
DA:17,14
DA:25,14
DA:26,14
DA:27,14
DA:28,14
DA:30,14
DA:34,14
DA:41,44
DA:45,0
DA:49,0
DA:53,0
DA:54,0
DA:55,0
DA:59,3
DA:60,3
DA:61,3
DA:63,3
DA:71,1
DA:75,32
DA:76,32
DA:85,2
DA:86,2
DA:87,2
DA:89,2
DA:103,4
DA:104,4
DA:110,4
DA:117,2
DA:126,0
DA:127,0
DA:128,0
DA:132,19
DA:133,19
DA:134,0
DA:137,19
DA:145,19
DA:149,0
DA:150,0
DA:151,0
LF:45
LH:33
BRDA:32,0,0,3
BRDA:32,0,1,11
BRDA:48,1,0,0
BRDA:75,2,0,0
BRDA:75,3,0,0
BRDA:90,4,0,2
BRDA:90,4,1,2
BRDA:90,4,2,1
BRDA:90,4,3,1
BRDA:110,5,0,4
BRDA:110,5,1,4
BRDA:133,6,0,0
BRDA:133,6,1,19
BRF:13
BRH:9
end_of_record
TN:
SF:src\utils\id.ts
FN:1,createId
FNF:1
FNH:1
FNDA:1,createId
DA:2,1
LF:1
LH:1
BRF:0
BRH:0
end_of_record
TN:
SF:src\utils\routes.ts
FN:5,getHomeRouteForRole
FNF:1
FNH:0
FNDA:0,getHomeRouteForRole
DA:6,0
LF:1
LH:0
BRDA:6,0,0,0
BRDA:6,0,1,0
BRF:2
BRH:0
end_of_record
TN:
SF:src\utils\shift-conflicts.ts
FN:16,checkShiftConflict
FN:21,(anonymous_1)
FNF:2
FNH:2
FNDA:3,checkShiftConflict
FNDA:3,(anonymous_1)
DA:21,3
DA:22,3
DA:23,1
DA:26,2
LF:4
LH:4
BRDA:19,0,0,2
BRDA:22,1,0,1
BRDA:22,1,1,2
BRDA:22,2,0,3
BRDA:22,2,1,1
BRF:5
BRH:5
end_of_record
TN:
SF:src\utils\text.ts
FN:1,joinInlineText
FN:6,(anonymous_1)
FN:7,(anonymous_2)
FN:11,formatIsoDateTime
FNF:4
FNH:4
FNDA:34,joinInlineText
FNDA:68,(anonymous_1)
FNDA:68,(anonymous_2)
FNDA:5,formatIsoDateTime
DA:5,34
DA:6,68
DA:7,68
DA:15,5
DA:16,0
DA:19,5
DA:21,5
DA:22,0
DA:25,5
DA:26,5
DA:28,5
DA:29,5
DA:30,5
DA:32,5
LF:14
LH:12
BRDA:3,0,0,20
BRDA:13,1,0,5
BRDA:15,2,0,0
BRDA:15,2,1,5
BRDA:21,3,0,0
BRDA:21,3,1,5
BRF:6
BRH:4
end_of_record
TN:
SF:src\utils\validation.ts
FN:6,isValidDateInput
FN:15,isValidTimeInput
FN:24,isStartBeforeEnd
FN:28,validateOpenShiftFields
FN:63,validateReason
FNF:5
FNH:5
FNDA:2,isValidDateInput
FNDA:4,isValidTimeInput
FNDA:2,isStartBeforeEnd
FNDA:2,validateOpenShiftFields
FNDA:4,validateReason
DA:3,2
DA:4,2
DA:7,2
DA:8,0
DA:11,2
DA:12,2
DA:16,4
DA:17,0
DA:20,4
DA:21,4
DA:25,2
DA:36,2
DA:37,0
DA:40,2
DA:41,0
DA:44,2
DA:45,1
DA:48,1
DA:49,0
DA:52,1
DA:53,0
DA:56,1
DA:57,0
DA:60,1
DA:64,4
DA:65,1
DA:68,3
DA:69,1
DA:72,2
LF:29
LH:22
BRDA:7,0,0,0
BRDA:7,0,1,2
BRDA:16,1,0,0
BRDA:16,1,1,4
BRDA:21,2,0,4
BRDA:21,2,1,4
BRDA:21,2,2,4
BRDA:21,2,3,4
BRDA:36,3,0,0
BRDA:36,3,1,2
BRDA:40,4,0,0
BRDA:40,4,1,2
BRDA:40,5,0,2
BRDA:40,5,1,2
BRDA:44,6,0,1
BRDA:44,6,1,1
BRDA:48,7,0,0
BRDA:48,7,1,1
BRDA:52,8,0,0
BRDA:52,8,1,1
BRDA:56,9,0,0
BRDA:56,9,1,1
BRDA:64,10,0,1
BRDA:64,10,1,3
BRDA:68,11,0,1
BRDA:68,11,1,2
BRF:26
BRH:19
end_of_record
