{"total": {"lines":{"total":957,"covered":712,"skipped":0,"pct":74.39},"statements":{"total":1051,"covered":796,"skipped":0,"pct":75.73},"functions":{"total":219,"covered":133,"skipped":0,"pct":60.73},"branches":{"total":331,"covered":135,"skipped":0,"pct":40.78},"branchesTrue":{"total":0,"covered":0,"skipped":0,"pct":100}}
,"C:\\Users\\LUAN\\Downloads\\expo_test\\my-app\\backend\\src\\activity\\activity-writer.ts": {"lines":{"total":1,"covered":1,"skipped":0,"pct":100},"functions":{"total":0,"covered":0,"skipped":0,"pct":100},"statements":{"total":1,"covered":1,"skipped":0,"pct":100},"branches":{"total":0,"covered":0,"skipped":0,"pct":100}}
,"C:\\Users\\LUAN\\Downloads\\expo_test\\my-app\\backend\\src\\activity\\activity.controller.ts": {"lines":{"total":8,"covered":7,"skipped":0,"pct":87.5},"functions":{"total":2,"covered":1,"skipped":0,"pct":50},"statements":{"total":10,"covered":9,"skipped":0,"pct":90},"branches":{"total":2,"covered":0,"skipped":0,"pct":0}}
,"C:\\Users\\LUAN\\Downloads\\expo_test\\my-app\\backend\\src\\activity\\activity.service.ts": {"lines":{"total":9,"covered":7,"skipped":0,"pct":77.77},"functions":{"total":4,"covered":2,"skipped":0,"pct":50},"statements":{"total":12,"covered":9,"skipped":0,"pct":75},"branches":{"total":5,"covered":0,"skipped":0,"pct":0}}
,"C:\\Users\\LUAN\\Downloads\\expo_test\\my-app\\backend\\src\\announcements\\announcements.controller.ts": {"lines":{"total":15,"covered":12,"skipped":0,"pct":80},"functions":{"total":4,"covered":2,"skipped":0,"pct":50},"statements":{"total":17,"covered":14,"skipped":0,"pct":82.35},"branches":{"total":0,"covered":0,"skipped":0,"pct":100}}
,"C:\\Users\\LUAN\\Downloads\\expo_test\\my-app\\backend\\src\\announcements\\announcements.service.ts": {"lines":{"total":26,"covered":16,"skipped":0,"pct":61.53},"functions":{"total":6,"covered":2,"skipped":0,"pct":33.33},"statements":{"total":29,"covered":18,"skipped":0,"pct":62.06},"branches":{"total":7,"covered":0,"skipped":0,"pct":0}}
,"C:\\Users\\LUAN\\Downloads\\expo_test\\my-app\\backend\\src\\announcements\\dto\\create-announcement.dto.ts": {"lines":{"total":6,"covered":6,"skipped":0,"pct":100},"functions":{"total":0,"covered":0,"skipped":0,"pct":100},"statements":{"total":6,"covered":6,"skipped":0,"pct":100},"branches":{"total":0,"covered":0,"skipped":0,"pct":100}}
,"C:\\Users\\LUAN\\Downloads\\expo_test\\my-app\\backend\\src\\approvals\\approvals.controller.ts": {"lines":{"total":14,"covered":14,"skipped":0,"pct":100},"functions":{"total":3,"covered":3,"skipped":0,"pct":100},"statements":{"total":16,"covered":16,"skipped":0,"pct":100},"branches":{"total":0,"covered":0,"skipped":0,"pct":100}}
,"C:\\Users\\LUAN\\Downloads\\expo_test\\my-app\\backend\\src\\approvals\\approvals.service.ts": {"lines":{"total":82,"covered":63,"skipped":0,"pct":76.82},"functions":{"total":8,"covered":7,"skipped":0,"pct":87.5},"statements":{"total":84,"covered":65,"skipped":0,"pct":77.38},"branches":{"total":37,"covered":14,"skipped":0,"pct":37.83}}
,"C:\\Users\\LUAN\\Downloads\\expo_test\\my-app\\backend\\src\\approvals\\dto\\review-request.dto.ts": {"lines":{"total":5,"covered":5,"skipped":0,"pct":100},"functions":{"total":0,"covered":0,"skipped":0,"pct":100},"statements":{"total":5,"covered":5,"skipped":0,"pct":100},"branches":{"total":0,"covered":0,"skipped":0,"pct":100}}
,"C:\\Users\\LUAN\\Downloads\\expo_test\\my-app\\backend\\src\\auth\\auth.constants.ts": {"lines":{"total":2,"covered":2,"skipped":0,"pct":100},"functions":{"total":0,"covered":0,"skipped":0,"pct":100},"statements":{"total":2,"covered":2,"skipped":0,"pct":100},"branches":{"total":0,"covered":0,"skipped":0,"pct":100}}
,"C:\\Users\\LUAN\\Downloads\\expo_test\\my-app\\backend\\src\\auth\\auth.controller.ts": {"lines":{"total":23,"covered":22,"skipped":0,"pct":95.65},"functions":{"total":6,"covered":5,"skipped":0,"pct":83.33},"statements":{"total":25,"covered":24,"skipped":0,"pct":96},"branches":{"total":6,"covered":5,"skipped":0,"pct":83.33}}
,"C:\\Users\\LUAN\\Downloads\\expo_test\\my-app\\backend\\src\\auth\\auth.service.ts": {"lines":{"total":59,"covered":45,"skipped":0,"pct":76.27},"functions":{"total":9,"covered":8,"skipped":0,"pct":88.88},"statements":{"total":61,"covered":47,"skipped":0,"pct":77.04},"branches":{"total":35,"covered":20,"skipped":0,"pct":57.14}}
,"C:\\Users\\LUAN\\Downloads\\expo_test\\my-app\\backend\\src\\auth\\jwt.strategy.ts": {"lines":{"total":22,"covered":18,"skipped":0,"pct":81.81},"functions":{"total":2,"covered":2,"skipped":0,"pct":100},"statements":{"total":24,"covered":20,"skipped":0,"pct":83.33},"branches":{"total":12,"covered":8,"skipped":0,"pct":66.66}}
,"C:\\Users\\LUAN\\Downloads\\expo_test\\my-app\\backend\\src\\auth\\dto\\login.dto.ts": {"lines":{"total":8,"covered":8,"skipped":0,"pct":100},"functions":{"total":0,"covered":0,"skipped":0,"pct":100},"statements":{"total":8,"covered":8,"skipped":0,"pct":100},"branches":{"total":0,"covered":0,"skipped":0,"pct":100}}
,"C:\\Users\\LUAN\\Downloads\\expo_test\\my-app\\backend\\src\\auth\\dto\\logout.dto.ts": {"lines":{"total":3,"covered":3,"skipped":0,"pct":100},"functions":{"total":0,"covered":0,"skipped":0,"pct":100},"statements":{"total":3,"covered":3,"skipped":0,"pct":100},"branches":{"total":0,"covered":0,"skipped":0,"pct":100}}
,"C:\\Users\\LUAN\\Downloads\\expo_test\\my-app\\backend\\src\\auth\\dto\\refresh-session.dto.ts": {"lines":{"total":4,"covered":4,"skipped":0,"pct":100},"functions":{"total":0,"covered":0,"skipped":0,"pct":100},"statements":{"total":4,"covered":4,"skipped":0,"pct":100},"branches":{"total":0,"covered":0,"skipped":0,"pct":100}}
,"C:\\Users\\LUAN\\Downloads\\expo_test\\my-app\\backend\\src\\auth\\dto\\update-password.dto.ts": {"lines":{"total":4,"covered":4,"skipped":0,"pct":100},"functions":{"total":0,"covered":0,"skipped":0,"pct":100},"statements":{"total":4,"covered":4,"skipped":0,"pct":100},"branches":{"total":0,"covered":0,"skipped":0,"pct":100}}
,"C:\\Users\\LUAN\\Downloads\\expo_test\\my-app\\backend\\src\\calendar\\calendar.controller.ts": {"lines":{"total":9,"covered":8,"skipped":0,"pct":88.88},"functions":{"total":2,"covered":1,"skipped":0,"pct":50},"statements":{"total":11,"covered":10,"skipped":0,"pct":90.9},"branches":{"total":0,"covered":0,"skipped":0,"pct":100}}
,"C:\\Users\\LUAN\\Downloads\\expo_test\\my-app\\backend\\src\\calendar\\calendar.service.ts": {"lines":{"total":13,"covered":4,"skipped":0,"pct":30.76},"functions":{"total":5,"covered":1,"skipped":0,"pct":20},"statements":{"total":15,"covered":6,"skipped":0,"pct":40},"branches":{"total":16,"covered":0,"skipped":0,"pct":0}}
,"C:\\Users\\LUAN\\Downloads\\expo_test\\my-app\\backend\\src\\calendar\\dto\\query-calendar.dto.ts": {"lines":{"total":4,"covered":4,"skipped":0,"pct":100},"functions":{"total":0,"covered":0,"skipped":0,"pct":100},"statements":{"total":4,"covered":4,"skipped":0,"pct":100},"branches":{"total":0,"covered":0,"skipped":0,"pct":100}}
,"C:\\Users\\LUAN\\Downloads\\expo_test\\my-app\\backend\\src\\common\\decorators\\current-user.decorator.ts": {"lines":{"total":4,"covered":4,"skipped":0,"pct":100},"functions":{"total":1,"covered":1,"skipped":0,"pct":100},"statements":{"total":4,"covered":4,"skipped":0,"pct":100},"branches":{"total":0,"covered":0,"skipped":0,"pct":100}}
,"C:\\Users\\LUAN\\Downloads\\expo_test\\my-app\\backend\\src\\common\\decorators\\roles.decorator.ts": {"lines":{"total":3,"covered":3,"skipped":0,"pct":100},"functions":{"total":1,"covered":0,"skipped":0,"pct":0},"statements":{"total":5,"covered":4,"skipped":0,"pct":80},"branches":{"total":0,"covered":0,"skipped":0,"pct":100}}
,"C:\\Users\\LUAN\\Downloads\\expo_test\\my-app\\backend\\src\\common\\exceptions\\domain-conflict.exception.ts": {"lines":{"total":3,"covered":3,"skipped":0,"pct":100},"functions":{"total":1,"covered":1,"skipped":0,"pct":100},"statements":{"total":3,"covered":3,"skipped":0,"pct":100},"branches":{"total":0,"covered":0,"skipped":0,"pct":100}}
,"C:\\Users\\LUAN\\Downloads\\expo_test\\my-app\\backend\\src\\common\\filters\\all-exceptions.filter.ts": {"lines":{"total":12,"covered":11,"skipped":0,"pct":91.66},"functions":{"total":1,"covered":1,"skipped":0,"pct":100},"statements":{"total":14,"covered":13,"skipped":0,"pct":92.85},"branches":{"total":13,"covered":7,"skipped":0,"pct":53.84}}
,"C:\\Users\\LUAN\\Downloads\\expo_test\\my-app\\backend\\src\\common\\guards\\jwt-auth.guard.ts": {"lines":{"total":3,"covered":3,"skipped":0,"pct":100},"functions":{"total":0,"covered":0,"skipped":0,"pct":100},"statements":{"total":5,"covered":5,"skipped":0,"pct":100},"branches":{"total":0,"covered":0,"skipped":0,"pct":100}}
,"C:\\Users\\LUAN\\Downloads\\expo_test\\my-app\\backend\\src\\common\\guards\\roles.guard.ts": {"lines":{"total":13,"covered":8,"skipped":0,"pct":61.53},"functions":{"total":2,"covered":2,"skipped":0,"pct":100},"statements":{"total":15,"covered":10,"skipped":0,"pct":66.66},"branches":{"total":6,"covered":2,"skipped":0,"pct":33.33}}
,"C:\\Users\\LUAN\\Downloads\\expo_test\\my-app\\backend\\src\\common\\http\\request-context.middleware.ts": {"lines":{"total":13,"covered":13,"skipped":0,"pct":100},"functions":{"total":2,"covered":2,"skipped":0,"pct":100},"statements":{"total":15,"covered":15,"skipped":0,"pct":100},"branches":{"total":2,"covered":2,"skipped":0,"pct":100}}
,"C:\\Users\\LUAN\\Downloads\\expo_test\\my-app\\backend\\src\\common\\policies\\request-access.policy.ts": {"lines":{"total":2,"covered":2,"skipped":0,"pct":100},"functions":{"total":1,"covered":1,"skipped":0,"pct":100},"statements":{"total":2,"covered":2,"skipped":0,"pct":100},"branches":{"total":2,"covered":2,"skipped":0,"pct":100}}
,"C:\\Users\\LUAN\\Downloads\\expo_test\\my-app\\backend\\src\\common\\policies\\role-policy.ts": {"lines":{"total":4,"covered":4,"skipped":0,"pct":100},"functions":{"total":1,"covered":1,"skipped":0,"pct":100},"statements":{"total":4,"covered":4,"skipped":0,"pct":100},"branches":{"total":1,"covered":1,"skipped":0,"pct":100}}
,"C:\\Users\\LUAN\\Downloads\\expo_test\\my-app\\backend\\src\\common\\policies\\schedule-conflict.policy.ts": {"lines":{"total":4,"covered":4,"skipped":0,"pct":100},"functions":{"total":2,"covered":2,"skipped":0,"pct":100},"statements":{"total":4,"covered":4,"skipped":0,"pct":100},"branches":{"total":0,"covered":0,"skipped":0,"pct":100}}
,"C:\\Users\\LUAN\\Downloads\\expo_test\\my-app\\backend\\src\\common\\utils\\date.utils.ts": {"lines":{"total":6,"covered":0,"skipped":0,"pct":0},"functions":{"total":2,"covered":0,"skipped":0,"pct":0},"statements":{"total":6,"covered":0,"skipped":0,"pct":0},"branches":{"total":0,"covered":0,"skipped":0,"pct":100}}
,"C:\\Users\\LUAN\\Downloads\\expo_test\\my-app\\backend\\src\\common\\utils\\shift.utils.ts": {"lines":{"total":29,"covered":25,"skipped":0,"pct":86.2},"functions":{"total":7,"covered":6,"skipped":0,"pct":85.71},"statements":{"total":29,"covered":25,"skipped":0,"pct":86.2},"branches":{"total":14,"covered":8,"skipped":0,"pct":57.14}}
,"C:\\Users\\LUAN\\Downloads\\expo_test\\my-app\\backend\\src\\config\\env.ts": {"lines":{"total":11,"covered":9,"skipped":0,"pct":81.81},"functions":{"total":3,"covered":3,"skipped":0,"pct":100},"statements":{"total":12,"covered":10,"skipped":0,"pct":83.33},"branches":{"total":11,"covered":7,"skipped":0,"pct":63.63}}
,"C:\\Users\\LUAN\\Downloads\\expo_test\\my-app\\backend\\src\\health\\health.controller.ts": {"lines":{"total":10,"covered":9,"skipped":0,"pct":90},"functions":{"total":4,"covered":3,"skipped":0,"pct":75},"statements":{"total":12,"covered":11,"skipped":0,"pct":91.66},"branches":{"total":0,"covered":0,"skipped":0,"pct":100}}
,"C:\\Users\\LUAN\\Downloads\\expo_test\\my-app\\backend\\src\\health\\health.service.ts": {"lines":{"total":9,"covered":8,"skipped":0,"pct":88.88},"functions":{"total":4,"covered":3,"skipped":0,"pct":75},"statements":{"total":11,"covered":10,"skipped":0,"pct":90.9},"branches":{"total":0,"covered":0,"skipped":0,"pct":100}}
,"C:\\Users\\LUAN\\Downloads\\expo_test\\my-app\\backend\\src\\notifications\\notification-gateway.ts": {"lines":{"total":1,"covered":1,"skipped":0,"pct":100},"functions":{"total":0,"covered":0,"skipped":0,"pct":100},"statements":{"total":1,"covered":1,"skipped":0,"pct":100},"branches":{"total":0,"covered":0,"skipped":0,"pct":100}}
,"C:\\Users\\LUAN\\Downloads\\expo_test\\my-app\\backend\\src\\notifications\\notifications.controller.ts": {"lines":{"total":10,"covered":8,"skipped":0,"pct":80},"functions":{"total":3,"covered":1,"skipped":0,"pct":33.33},"statements":{"total":12,"covered":10,"skipped":0,"pct":83.33},"branches":{"total":0,"covered":0,"skipped":0,"pct":100}}
,"C:\\Users\\LUAN\\Downloads\\expo_test\\my-app\\backend\\src\\notifications\\notifications.service.ts": {"lines":{"total":17,"covered":11,"skipped":0,"pct":64.7},"functions":{"total":5,"covered":2,"skipped":0,"pct":40},"statements":{"total":20,"covered":13,"skipped":0,"pct":65},"branches":{"total":1,"covered":0,"skipped":0,"pct":0}}
,"C:\\Users\\LUAN\\Downloads\\expo_test\\my-app\\backend\\src\\open-shifts\\open-shift.mapper.ts": {"lines":{"total":6,"covered":6,"skipped":0,"pct":100},"functions":{"total":2,"covered":2,"skipped":0,"pct":100},"statements":{"total":6,"covered":6,"skipped":0,"pct":100},"branches":{"total":4,"covered":2,"skipped":0,"pct":50}}
,"C:\\Users\\LUAN\\Downloads\\expo_test\\my-app\\backend\\src\\open-shifts\\open-shifts.controller.ts": {"lines":{"total":19,"covered":16,"skipped":0,"pct":84.21},"functions":{"total":5,"covered":3,"skipped":0,"pct":60},"statements":{"total":21,"covered":18,"skipped":0,"pct":85.71},"branches":{"total":0,"covered":0,"skipped":0,"pct":100}}
,"C:\\Users\\LUAN\\Downloads\\expo_test\\my-app\\backend\\src\\open-shifts\\open-shifts.service.ts": {"lines":{"total":67,"covered":37,"skipped":0,"pct":55.22},"functions":{"total":11,"covered":4,"skipped":0,"pct":36.36},"statements":{"total":70,"covered":39,"skipped":0,"pct":55.71},"branches":{"total":10,"covered":1,"skipped":0,"pct":10}}
,"C:\\Users\\LUAN\\Downloads\\expo_test\\my-app\\backend\\src\\open-shifts\\dto\\claim-open-shift.dto.ts": {"lines":{"total":4,"covered":4,"skipped":0,"pct":100},"functions":{"total":0,"covered":0,"skipped":0,"pct":100},"statements":{"total":4,"covered":4,"skipped":0,"pct":100},"branches":{"total":0,"covered":0,"skipped":0,"pct":100}}
,"C:\\Users\\LUAN\\Downloads\\expo_test\\my-app\\backend\\src\\open-shifts\\dto\\create-open-shift.dto.ts": {"lines":{"total":10,"covered":10,"skipped":0,"pct":100},"functions":{"total":0,"covered":0,"skipped":0,"pct":100},"statements":{"total":10,"covered":10,"skipped":0,"pct":100},"branches":{"total":0,"covered":0,"skipped":0,"pct":100}}
,"C:\\Users\\LUAN\\Downloads\\expo_test\\my-app\\backend\\src\\prisma\\prisma.service.ts": {"lines":{"total":9,"covered":9,"skipped":0,"pct":100},"functions":{"total":3,"covered":3,"skipped":0,"pct":100},"statements":{"total":11,"covered":11,"skipped":0,"pct":100},"branches":{"total":0,"covered":0,"skipped":0,"pct":100}}
,"C:\\Users\\LUAN\\Downloads\\expo_test\\my-app\\backend\\src\\requests\\request.mapper.ts": {"lines":{"total":3,"covered":3,"skipped":0,"pct":100},"functions":{"total":1,"covered":1,"skipped":0,"pct":100},"statements":{"total":3,"covered":3,"skipped":0,"pct":100},"branches":{"total":6,"covered":5,"skipped":0,"pct":83.33}}
,"C:\\Users\\LUAN\\Downloads\\expo_test\\my-app\\backend\\src\\requests\\requests.controller.ts": {"lines":{"total":17,"covered":15,"skipped":0,"pct":88.23},"functions":{"total":5,"covered":3,"skipped":0,"pct":60},"statements":{"total":19,"covered":17,"skipped":0,"pct":89.47},"branches":{"total":0,"covered":0,"skipped":0,"pct":100}}
,"C:\\Users\\LUAN\\Downloads\\expo_test\\my-app\\backend\\src\\requests\\requests.service.ts": {"lines":{"total":71,"covered":49,"skipped":0,"pct":69.01},"functions":{"total":9,"covered":6,"skipped":0,"pct":66.66},"statements":{"total":74,"covered":51,"skipped":0,"pct":68.91},"branches":{"total":15,"covered":0,"skipped":0,"pct":0}}
,"C:\\Users\\LUAN\\Downloads\\expo_test\\my-app\\backend\\src\\requests\\dto\\create-leave-request.dto.ts": {"lines":{"total":6,"covered":6,"skipped":0,"pct":100},"functions":{"total":0,"covered":0,"skipped":0,"pct":100},"statements":{"total":6,"covered":6,"skipped":0,"pct":100},"branches":{"total":0,"covered":0,"skipped":0,"pct":100}}
,"C:\\Users\\LUAN\\Downloads\\expo_test\\my-app\\backend\\src\\requests\\dto\\create-yield-request.dto.ts": {"lines":{"total":7,"covered":7,"skipped":0,"pct":100},"functions":{"total":0,"covered":0,"skipped":0,"pct":100},"statements":{"total":7,"covered":7,"skipped":0,"pct":100},"branches":{"total":0,"covered":0,"skipped":0,"pct":100}}
,"C:\\Users\\LUAN\\Downloads\\expo_test\\my-app\\backend\\src\\requests\\dto\\query-requests.dto.ts": {"lines":{"total":3,"covered":3,"skipped":0,"pct":100},"functions":{"total":0,"covered":0,"skipped":0,"pct":100},"statements":{"total":3,"covered":3,"skipped":0,"pct":100},"branches":{"total":0,"covered":0,"skipped":0,"pct":100}}
,"C:\\Users\\LUAN\\Downloads\\expo_test\\my-app\\backend\\src\\sessions\\sessions.controller.ts": {"lines":{"total":10,"covered":8,"skipped":0,"pct":80},"functions":{"total":3,"covered":1,"skipped":0,"pct":33.33},"statements":{"total":12,"covered":10,"skipped":0,"pct":83.33},"branches":{"total":0,"covered":0,"skipped":0,"pct":100}}
,"C:\\Users\\LUAN\\Downloads\\expo_test\\my-app\\backend\\src\\sessions\\sessions.service.ts": {"lines":{"total":29,"covered":20,"skipped":0,"pct":68.96},"functions":{"total":12,"covered":8,"skipped":0,"pct":66.66},"statements":{"total":32,"covered":22,"skipped":0,"pct":68.75},"branches":{"total":22,"covered":7,"skipped":0,"pct":31.81}}
,"C:\\Users\\LUAN\\Downloads\\expo_test\\my-app\\backend\\src\\settings\\settings.controller.ts": {"lines":{"total":11,"covered":9,"skipped":0,"pct":81.81},"functions":{"total":3,"covered":1,"skipped":0,"pct":33.33},"statements":{"total":13,"covered":11,"skipped":0,"pct":84.61},"branches":{"total":0,"covered":0,"skipped":0,"pct":100}}
,"C:\\Users\\LUAN\\Downloads\\expo_test\\my-app\\backend\\src\\settings\\settings.service.ts": {"lines":{"total":14,"covered":8,"skipped":0,"pct":57.14},"functions":{"total":3,"covered":1,"skipped":0,"pct":33.33},"statements":{"total":16,"covered":10,"skipped":0,"pct":62.5},"branches":{"total":0,"covered":0,"skipped":0,"pct":100}}
,"C:\\Users\\LUAN\\Downloads\\expo_test\\my-app\\backend\\src\\settings\\dto\\update-user-setting.dto.ts": {"lines":{"total":9,"covered":9,"skipped":0,"pct":100},"functions":{"total":0,"covered":0,"skipped":0,"pct":100},"statements":{"total":9,"covered":9,"skipped":0,"pct":100},"branches":{"total":0,"covered":0,"skipped":0,"pct":100}}
,"C:\\Users\\LUAN\\Downloads\\expo_test\\my-app\\backend\\src\\shifts\\shifts.controller.ts": {"lines":{"total":11,"covered":9,"skipped":0,"pct":81.81},"functions":{"total":3,"covered":1,"skipped":0,"pct":33.33},"statements":{"total":13,"covered":11,"skipped":0,"pct":84.61},"branches":{"total":0,"covered":0,"skipped":0,"pct":100}}
,"C:\\Users\\LUAN\\Downloads\\expo_test\\my-app\\backend\\src\\shifts\\shifts.service.ts": {"lines":{"total":22,"covered":4,"skipped":0,"pct":18.18},"functions":{"total":4,"covered":1,"skipped":0,"pct":25},"statements":{"total":24,"covered":6,"skipped":0,"pct":25},"branches":{"total":24,"covered":0,"skipped":0,"pct":0}}
,"C:\\Users\\LUAN\\Downloads\\expo_test\\my-app\\backend\\src\\shifts\\dto\\query-shifts.dto.ts": {"lines":{"total":6,"covered":6,"skipped":0,"pct":100},"functions":{"total":0,"covered":0,"skipped":0,"pct":100},"statements":{"total":6,"covered":6,"skipped":0,"pct":100},"branches":{"total":0,"covered":0,"skipped":0,"pct":100}}
,"C:\\Users\\LUAN\\Downloads\\expo_test\\my-app\\backend\\src\\statistics\\statistics.controller.ts": {"lines":{"total":13,"covered":9,"skipped":0,"pct":69.23},"functions":{"total":3,"covered":1,"skipped":0,"pct":33.33},"statements":{"total":15,"covered":11,"skipped":0,"pct":73.33},"branches":{"total":0,"covered":0,"skipped":0,"pct":100}}
,"C:\\Users\\LUAN\\Downloads\\expo_test\\my-app\\backend\\src\\statistics\\statistics.service.ts": {"lines":{"total":42,"covered":4,"skipped":0,"pct":9.52},"functions":{"total":17,"covered":1,"skipped":0,"pct":5.88},"statements":{"total":44,"covered":6,"skipped":0,"pct":13.63},"branches":{"total":6,"covered":0,"skipped":0,"pct":0}}
,"C:\\Users\\LUAN\\Downloads\\expo_test\\my-app\\backend\\src\\sync\\mutation-ledger.service.ts": {"lines":{"total":14,"covered":8,"skipped":0,"pct":57.14},"functions":{"total":5,"covered":3,"skipped":0,"pct":60},"statements":{"total":16,"covered":10,"skipped":0,"pct":62.5},"branches":{"total":3,"covered":1,"skipped":0,"pct":33.33}}
,"C:\\Users\\LUAN\\Downloads\\expo_test\\my-app\\backend\\src\\sync\\sync-change-publisher.ts": {"lines":{"total":1,"covered":1,"skipped":0,"pct":100},"functions":{"total":0,"covered":0,"skipped":0,"pct":100},"statements":{"total":1,"covered":1,"skipped":0,"pct":100},"branches":{"total":0,"covered":0,"skipped":0,"pct":100}}
,"C:\\Users\\LUAN\\Downloads\\expo_test\\my-app\\backend\\src\\sync\\sync-publisher.service.ts": {"lines":{"total":11,"covered":10,"skipped":0,"pct":90.9},"functions":{"total":3,"covered":3,"skipped":0,"pct":100},"statements":{"total":13,"covered":12,"skipped":0,"pct":92.3},"branches":{"total":5,"covered":4,"skipped":0,"pct":80}}
,"C:\\Users\\LUAN\\Downloads\\expo_test\\my-app\\backend\\src\\sync\\sync.controller.ts": {"lines":{"total":9,"covered":9,"skipped":0,"pct":100},"functions":{"total":2,"covered":2,"skipped":0,"pct":100},"statements":{"total":11,"covered":11,"skipped":0,"pct":100},"branches":{"total":0,"covered":0,"skipped":0,"pct":100}}
,"C:\\Users\\LUAN\\Downloads\\expo_test\\my-app\\backend\\src\\sync\\sync.service.ts": {"lines":{"total":34,"covered":33,"skipped":0,"pct":97.05},"functions":{"total":22,"covered":19,"skipped":0,"pct":86.36},"statements":{"total":44,"covered":41,"skipped":0,"pct":93.18},"branches":{"total":58,"covered":36,"skipped":0,"pct":62.06}}
,"C:\\Users\\LUAN\\Downloads\\expo_test\\my-app\\backend\\src\\sync\\dto\\query-sync.dto.ts": {"lines":{"total":7,"covered":6,"skipped":0,"pct":85.71},"functions":{"total":2,"covered":1,"skipped":0,"pct":50},"statements":{"total":7,"covered":6,"skipped":0,"pct":85.71},"branches":{"total":0,"covered":0,"skipped":0,"pct":100}}
,"C:\\Users\\LUAN\\Downloads\\expo_test\\my-app\\backend\\src\\users\\users.controller.ts": {"lines":{"total":12,"covered":8,"skipped":0,"pct":66.66},"functions":{"total":4,"covered":1,"skipped":0,"pct":25},"statements":{"total":15,"covered":10,"skipped":0,"pct":66.66},"branches":{"total":2,"covered":0,"skipped":0,"pct":0}}
,"C:\\Users\\LUAN\\Downloads\\expo_test\\my-app\\backend\\src\\users\\users.service.ts": {"lines":{"total":9,"covered":7,"skipped":0,"pct":77.77},"functions":{"total":6,"covered":4,"skipped":0,"pct":66.66},"statements":{"total":11,"covered":9,"skipped":0,"pct":81.81},"branches":{"total":6,"covered":3,"skipped":0,"pct":50}}
}
