TN:
SF:src\activity\activity-writer.ts
FNF:0
FNH:0
DA:13,4
LF:1
LH:1
BRF:0
BRH:0
end_of_record
TN:
SF:src\activity\activity.controller.ts
FN:11,(anonymous_4)
FN:14,(anonymous_5)
FNF:2
FNH:1
FNDA:4,(anonymous_4)
FNDA:0,(anonymous_5)
DA:1,4
DA:3,4
DA:4,4
DA:6,4
DA:10,4
DA:11,4
DA:14,4
DA:18,0
LF:8
LH:7
BRDA:20,0,0,0
BRDA:20,0,1,0
BRF:2
BRH:0
end_of_record
TN:
SF:src\activity\activity.service.ts
FN:9,(anonymous_2)
FN:13,(anonymous_3)
FN:29,(anonymous_4)
FN:46,(anonymous_5)
FNF:4
FNH:2
FNDA:4,(anonymous_2)
FNDA:8,(anonymous_3)
FNDA:0,(anonymous_4)
FNDA:0,(anonymous_5)
DA:1,4
DA:3,4
DA:5,4
DA:8,4
DA:9,4
DA:10,4
DA:14,8
DA:30,0
DA:46,0
LF:9
LH:7
BRDA:29,0,0,0
BRDA:32,1,0,0
BRDA:32,1,1,0
BRDA:53,2,0,0
BRDA:53,2,1,0
BRF:5
BRH:0
end_of_record
TN:
SF:src\announcements\announcements.controller.ts
FN:13,(anonymous_4)
FN:16,(anonymous_5)
FN:21,(anonymous_6)
FN:30,(anonymous_7)
FNF:4
FNH:2
FNDA:4,(anonymous_4)
FNDA:0,(anonymous_5)
FNDA:0,(anonymous_6)
FNDA:1,(anonymous_7)
DA:1,4
DA:3,4
DA:4,4
DA:6,4
DA:7,4
DA:8,4
DA:12,4
DA:13,4
DA:16,4
DA:17,0
DA:21,4
DA:25,0
DA:26,0
DA:30,4
DA:34,1
LF:15
LH:12
BRF:0
BRH:0
end_of_record
TN:
SF:src\announcements\announcements.service.ts
FN:12,(anonymous_2)
FN:19,(anonymous_3)
FN:54,(anonymous_4)
FN:67,(anonymous_5)
FN:89,(anonymous_6)
FN:136,(anonymous_7)
FNF:6
FNH:2
FNDA:4,(anonymous_2)
FNDA:0,(anonymous_3)
FNDA:0,(anonymous_4)
FNDA:0,(anonymous_5)
FNDA:0,(anonymous_6)
FNDA:1,(anonymous_7)
DA:1,4
DA:3,4
DA:5,4
DA:6,4
DA:7,4
DA:11,4
DA:13,4
DA:14,4
DA:15,4
DA:16,4
DA:20,0
DA:54,0
DA:68,0
DA:78,0
DA:88,0
DA:90,0
DA:99,0
DA:113,0
DA:126,0
DA:137,1
DA:143,1
DA:144,0
DA:147,1
DA:163,1
DA:173,1
DA:187,1
LF:26
LH:16
BRDA:60,0,0,0
BRDA:60,0,1,0
BRDA:62,1,0,0
BRDA:62,1,1,0
BRDA:81,2,0,0
BRDA:81,2,1,0
BRDA:143,3,0,0
BRF:7
BRH:0
end_of_record
TN:
SF:src\announcements\dto\create-announcement.dto.ts
FNF:0
FNH:0
DA:1,4
DA:10,4
DA:14,4
DA:19,4
DA:23,4
DA:26,4
LF:6
LH:6
BRF:0
BRH:0
end_of_record
TN:
SF:src\approvals\approvals.controller.ts
FN:13,(anonymous_4)
FN:16,(anonymous_5)
FN:26,(anonymous_6)
FNF:3
FNH:3
FNDA:4,(anonymous_4)
FNDA:3,(anonymous_5)
FNDA:1,(anonymous_6)
DA:1,4
DA:3,4
DA:4,4
DA:6,4
DA:7,4
DA:8,4
DA:12,4
DA:13,4
DA:16,4
DA:21,3
DA:22,3
DA:26,4
DA:31,1
DA:32,1
LF:14
LH:14
BRF:0
BRH:0
end_of_record
TN:
SF:src\approvals\approvals.service.ts
FN:20,(anonymous_2)
FN:28,(anonymous_3)
FN:40,(anonymous_4)
FN:83,(anonymous_5)
FN:158,(anonymous_6)
FN:177,(anonymous_7)
FN:293,(anonymous_8)
FN:323,(anonymous_9)
FNF:8
FNH:7
FNDA:4,(anonymous_2)
FNDA:1,(anonymous_3)
FNDA:3,(anonymous_4)
FNDA:2,(anonymous_5)
FNDA:1,(anonymous_6)
FNDA:0,(anonymous_7)
FNDA:1,(anonymous_8)
FNDA:1,(anonymous_9)
DA:1,4
DA:7,4
DA:8,4
DA:10,4
DA:11,4
DA:12,4
DA:13,4
DA:14,4
DA:15,4
DA:19,4
DA:21,4
DA:22,4
DA:23,4
DA:24,4
DA:25,4
DA:29,1
DA:45,3
DA:52,3
DA:53,0
DA:56,3
DA:71,3
DA:72,0
DA:75,3
DA:76,0
DA:79,3
DA:80,3
DA:82,3
DA:83,2
DA:84,2
DA:95,2
DA:96,1
DA:99,1
DA:108,1
DA:115,1
DA:127,1
DA:129,1
DA:130,0
DA:133,1
DA:134,1
DA:136,1
DA:157,1
DA:158,1
DA:162,1
DA:163,1
DA:175,0
DA:177,0
DA:178,0
DA:189,0
DA:190,0
DA:193,0
DA:202,0
DA:203,0
DA:213,1
DA:223,1
DA:224,0
DA:232,1
DA:240,1
DA:241,0
DA:252,1
DA:264,1
DA:290,1
DA:298,1
DA:305,1
DA:306,0
DA:309,1
DA:313,1
DA:314,0
DA:317,1
DA:318,0
DA:321,1
DA:323,1
DA:324,1
DA:335,1
DA:336,0
DA:339,1
DA:349,1
DA:356,1
DA:364,1
DA:365,0
DA:376,1
DA:385,1
DA:398,1
LF:82
LH:63
BRDA:52,0,0,0
BRDA:71,1,0,0
BRDA:75,2,0,0
BRDA:80,3,0,3
BRDA:80,3,1,0
BRDA:82,4,0,2
BRDA:82,4,1,1
BRDA:95,5,0,1
BRDA:129,6,0,0
BRDA:162,7,0,1
BRDA:189,8,0,0
BRDA:202,9,0,0
BRDA:217,10,0,1
BRDA:217,10,1,0
BRDA:223,11,0,0
BRDA:223,12,0,1
BRDA:223,12,1,0
BRDA:236,13,0,1
BRDA:236,13,1,0
BRDA:240,14,0,0
BRDA:276,15,0,1
BRDA:276,15,1,0
BRDA:277,16,0,1
BRDA:277,16,1,0
BRDA:279,17,0,1
BRDA:279,17,1,0
BRDA:280,18,0,1
BRDA:280,18,1,0
BRDA:305,19,0,0
BRDA:313,20,0,0
BRDA:317,21,0,0
BRDA:321,22,0,1
BRDA:321,22,1,0
BRDA:335,23,0,0
BRDA:360,24,0,1
BRDA:360,24,1,0
BRDA:364,25,0,0
BRF:37
BRH:14
end_of_record
TN:
SF:src\approvals\dto\review-request.dto.ts
FNF:0
FNH:0
DA:1,4
DA:3,4
DA:7,4
DA:11,4
DA:15,4
LF:5
LH:5
BRF:0
BRH:0
end_of_record
TN:
SF:src\auth\auth.constants.ts
FNF:0
FNH:0
DA:3,4
DA:10,4
LF:2
LH:2
BRF:0
BRH:0
end_of_record
TN:
SF:src\auth\auth.controller.ts
FN:24,(anonymous_4)
FN:30,(anonymous_5)
FN:38,(anonymous_6)
FN:48,(anonymous_7)
FN:57,(anonymous_8)
FN:64,(anonymous_9)
FNF:6
FNH:5
FNDA:4,(anonymous_4)
FNDA:14,(anonymous_5)
FNDA:2,(anonymous_6)
FNDA:1,(anonymous_7)
FNDA:1,(anonymous_8)
FNDA:0,(anonymous_9)
DA:1,4
DA:12,4
DA:13,4
DA:15,4
DA:16,4
DA:17,4
DA:18,4
DA:19,4
DA:20,4
DA:23,4
DA:25,4
DA:26,4
DA:30,4
DA:31,14
DA:38,4
DA:39,2
DA:48,4
DA:52,1
DA:57,4
DA:58,1
DA:59,1
DA:64,4
DA:68,0
LF:23
LH:22
BRDA:33,0,0,14
BRDA:33,0,1,14
BRDA:42,1,0,2
BRDA:42,1,1,2
BRDA:59,2,0,1
BRDA:59,2,1,0
BRF:6
BRH:5
end_of_record
TN:
SF:src\auth\auth.service.ts
FN:24,(anonymous_2)
FN:31,(anonymous_3)
FN:35,(anonymous_4)
FN:39,(anonymous_5)
FN:86,(anonymous_6)
FN:97,(anonymous_7)
FN:141,(anonymous_8)
FN:181,(anonymous_9)
FN:195,(anonymous_10)
FNF:9
FNH:8
FNDA:4,(anonymous_2)
FNDA:15,(anonymous_3)
FNDA:15,(anonymous_4)
FNDA:15,(anonymous_5)
FNDA:14,(anonymous_6)
FNDA:14,(anonymous_7)
FNDA:2,(anonymous_8)
FNDA:1,(anonymous_9)
FNDA:0,(anonymous_10)
DA:1,4
DA:2,4
DA:3,4
DA:5,4
DA:7,4
DA:8,4
DA:9,4
DA:23,4
DA:25,4
DA:26,4
DA:27,4
DA:28,4
DA:32,15
DA:36,15
DA:47,15
DA:55,15
DA:63,15
DA:71,15
DA:74,15
DA:78,15
DA:87,14
DA:98,14
DA:102,14
DA:103,0
DA:106,14
DA:111,14
DA:112,0
DA:115,14
DA:123,14
DA:128,14
DA:129,14
DA:135,14
DA:142,2
DA:144,2
DA:145,1
DA:148,1
DA:150,1
DA:151,0
DA:154,1
DA:156,1
DA:168,1
DA:169,1
DA:175,1
DA:182,1
DA:183,1
DA:185,1
DA:186,1
DA:187,1
DA:191,0
DA:192,0
DA:196,0
DA:198,0
DA:199,0
DA:202,0
DA:207,0
DA:208,0
DA:211,0
DA:212,0
DA:214,0
LF:59
LH:45
BRDA:86,0,0,0
BRDA:88,1,0,14
BRDA:88,1,1,0
BRDA:89,2,0,14
BRDA:89,2,1,0
BRDA:90,3,0,14
BRDA:90,3,1,0
BRDA:97,4,0,0
BRDA:102,5,0,0
BRDA:102,6,0,14
BRDA:102,6,1,14
BRDA:111,7,0,0
BRDA:116,8,0,14
BRDA:116,8,1,0
BRDA:117,9,0,14
BRDA:117,9,1,0
BRDA:118,10,0,14
BRDA:118,10,1,0
BRDA:119,11,0,14
BRDA:119,11,1,14
BRDA:141,12,0,0
BRDA:144,13,0,1
BRDA:150,14,0,0
BRDA:150,15,0,1
BRDA:150,15,1,1
BRDA:160,16,0,1
BRDA:160,16,1,0
BRDA:163,17,0,1
BRDA:163,17,1,1
BRDA:182,18,0,1
BRDA:185,19,0,1
BRDA:185,20,0,1
BRDA:185,20,1,1
BRDA:198,21,0,0
BRDA:207,22,0,0
BRF:35
BRH:20
end_of_record
TN:
SF:src\auth\jwt.strategy.ts
FN:11,(anonymous_2)
FN:26,(anonymous_3)
FNF:2
FNH:2
FNDA:4,(anonymous_2)
FNDA:16,(anonymous_3)
DA:1,4
DA:2,4
DA:3,4
DA:4,4
DA:6,4
DA:7,4
DA:10,4
DA:13,4
DA:14,4
DA:16,4
DA:33,16
DA:35,16
DA:36,0
DA:39,16
DA:40,0
DA:43,16
DA:47,16
DA:48,0
DA:51,16
DA:52,0
DA:55,16
DA:60,16
LF:22
LH:18
BRDA:35,0,0,0
BRDA:35,1,0,16
BRDA:35,1,1,16
BRDA:39,2,0,0
BRDA:47,3,0,0
BRDA:47,4,0,16
BRDA:47,4,1,16
BRDA:51,5,0,0
BRDA:51,6,0,16
BRDA:51,6,1,16
BRDA:57,7,0,16
BRDA:57,7,1,16
BRF:12
BRH:8
end_of_record
TN:
SF:src\auth\dto\login.dto.ts
FNF:0
FNH:0
DA:1,4
DA:3,4
DA:5,4
DA:9,4
DA:14,4
DA:18,4
DA:22,4
DA:26,4
LF:8
LH:8
BRF:0
BRH:0
end_of_record
TN:
SF:src\auth\dto\logout.dto.ts
FNF:0
FNH:0
DA:1,4
DA:3,4
DA:6,4
LF:3
LH:3
BRF:0
BRH:0
end_of_record
TN:
SF:src\auth\dto\refresh-session.dto.ts
FNF:0
FNH:0
DA:1,4
DA:3,4
DA:6,4
DA:11,4
LF:4
LH:4
BRF:0
BRH:0
end_of_record
TN:
SF:src\auth\dto\update-password.dto.ts
FNF:0
FNH:0
DA:1,4
DA:3,4
DA:6,4
DA:10,4
LF:4
LH:4
BRF:0
BRH:0
end_of_record
TN:
SF:src\calendar\calendar.controller.ts
FN:12,(anonymous_4)
FN:15,(anonymous_5)
FNF:2
FNH:1
FNDA:4,(anonymous_4)
FNDA:0,(anonymous_5)
DA:1,4
DA:3,4
DA:4,4
DA:6,4
DA:7,4
DA:11,4
DA:12,4
DA:15,4
DA:19,0
LF:9
LH:8
BRF:0
BRH:0
end_of_record
TN:
SF:src\calendar\calendar.service.ts
FN:9,(anonymous_2)
FN:11,(anonymous_3)
FN:96,(anonymous_4)
FN:107,(anonymous_5)
FN:119,(anonymous_6)
FNF:5
FNH:1
FNDA:4,(anonymous_2)
FNDA:0,(anonymous_3)
FNDA:0,(anonymous_4)
FNDA:0,(anonymous_5)
FNDA:0,(anonymous_6)
DA:1,4
DA:4,4
DA:8,4
DA:9,4
DA:12,0
DA:15,0
DA:20,0
DA:34,0
DA:47,0
DA:95,0
DA:96,0
DA:107,0
DA:119,0
LF:13
LH:4
BRDA:12,0,0,0
BRDA:12,0,1,0
BRDA:15,1,0,0
BRDA:15,1,1,0
BRDA:20,2,0,0
BRDA:20,2,1,0
BRDA:34,3,0,0
BRDA:34,3,1,0
BRDA:98,4,0,0
BRDA:98,4,1,0
BRDA:99,5,0,0
BRDA:99,5,1,0
BRDA:130,6,0,0
BRDA:130,6,1,0
BRDA:132,7,0,0
BRDA:132,7,1,0
BRF:16
BRH:0
end_of_record
TN:
SF:src\calendar\dto\query-calendar.dto.ts
FNF:0
FNH:0
DA:1,4
DA:3,4
DA:6,4
DA:10,4
LF:4
LH:4
BRF:0
BRH:0
end_of_record
TN:
SF:src\common\decorators\current-user.decorator.ts
FN:6,(anonymous_0)
FNF:1
FNH:1
FNDA:16,(anonymous_0)
DA:1,4
DA:5,4
DA:7,16
DA:10,16
LF:4
LH:4
BRF:0
BRH:0
end_of_record
TN:
SF:src\common\decorators\roles.decorator.ts
FN:5,(anonymous_0)
FNF:1
FNH:0
FNDA:0,(anonymous_0)
DA:1,4
DA:4,4
DA:5,4
LF:3
LH:3
BRF:0
BRH:0
end_of_record
TN:
SF:src\common\exceptions\domain-conflict.exception.ts
FN:15,(anonymous_0)
FNF:1
FNH:1
FNDA:4,(anonymous_0)
DA:1,4
DA:14,4
DA:16,4
LF:3
LH:3
BRF:0
BRH:0
end_of_record
TN:
SF:src\common\filters\all-exceptions.filter.ts
FN:17,(anonymous_1)
FNF:1
FNH:1
FNDA:6,(anonymous_1)
DA:1,4
DA:14,4
DA:15,4
DA:18,6
DA:19,6
DA:20,6
DA:23,6
DA:27,6
DA:30,6
DA:36,6
DA:37,0
DA:48,6
LF:12
LH:11
BRDA:23,0,0,6
BRDA:23,0,1,0
BRDA:27,1,0,6
BRDA:27,1,1,0
BRDA:30,2,0,0
BRDA:30,2,1,6
BRDA:32,3,0,6
BRDA:32,3,1,0
BRDA:32,4,0,6
BRDA:32,4,1,6
BRDA:36,5,0,0
BRDA:50,6,0,6
BRDA:50,6,1,0
BRF:13
BRH:7
end_of_record
TN:
SF:src\common\guards\jwt-auth.guard.ts
FNF:0
FNH:0
DA:1,4
DA:2,4
DA:5,4
LF:3
LH:3
BRF:0
BRH:0
end_of_record
TN:
SF:src\common\guards\roles.guard.ts
FN:15,(anonymous_2)
FN:17,(anonymous_3)
FNF:2
FNH:2
FNDA:4,(anonymous_2)
FNDA:34,(anonymous_3)
DA:1,4
DA:7,4
DA:10,4
DA:14,4
DA:15,4
DA:18,34
DA:23,34
DA:24,34
DA:27,0
DA:30,0
DA:32,0
DA:33,0
DA:38,0
LF:13
LH:8
BRDA:23,0,0,34
BRDA:23,1,0,34
BRDA:23,1,1,0
BRDA:32,2,0,0
BRDA:32,3,0,0
BRDA:32,3,1,0
BRF:6
BRH:2
end_of_record
TN:
SF:src\common\http\request-context.middleware.ts
FN:11,(anonymous_1)
FN:20,(anonymous_2)
FNF:2
FNH:2
FNDA:34,(anonymous_1)
FNDA:34,(anonymous_2)
DA:1,4
DA:2,4
DA:8,4
DA:9,4
DA:12,34
DA:13,34
DA:15,34
DA:16,34
DA:18,34
DA:20,34
DA:21,34
DA:22,34
DA:33,34
LF:13
LH:13
BRDA:12,0,0,34
BRDA:12,0,1,34
BRF:2
BRH:2
end_of_record
TN:
SF:src\common\policies\request-access.policy.ts
FN:3,canViewRequest
FNF:1
FNH:1
FNDA:3,canViewRequest
DA:3,5
DA:8,3
LF:2
LH:2
BRDA:8,0,0,3
BRDA:8,0,1,2
BRF:2
BRH:2
end_of_record
TN:
SF:src\common\policies\role-policy.ts
FN:6,ensureAllowedRole
FNF:1
FNH:1
FNDA:9,ensureAllowedRole
DA:1,4
DA:6,4
DA:10,9
DA:11,1
LF:4
LH:4
BRDA:10,0,0,1
BRF:1
BRH:1
end_of_record
TN:
SF:src\common\policies\schedule-conflict.policy.ts
FN:9,checkShiftConflict
FN:13,(anonymous_1)
FNF:2
FNH:2
FNDA:5,checkShiftConflict
FNDA:3,(anonymous_1)
DA:1,5
DA:9,5
DA:13,5
DA:14,3
LF:4
LH:4
BRF:0
BRH:0
end_of_record
TN:
SF:src\common\utils\date.utils.ts
FN:1,startOfToday
FN:7,isSameDay
FNF:2
FNH:0
FNDA:0,startOfToday
FNDA:0,isSameDay
DA:1,0
DA:2,0
DA:3,0
DA:4,0
DA:7,0
DA:8,0
LF:6
LH:0
BRF:0
BRH:0
end_of_record
TN:
SF:src\common\utils\shift.utils.ts
FN:3,toMinutes
FN:8,toEpochDay
FN:23,buildAbsoluteShiftWindow
FN:43,hasTimeOverlap
FN:59,hasDateTimeOverlap
FN:77,getConflictWindowBounds
FN:100,toDateOnly
FNF:7
FNH:6
FNDA:12,toMinutes
FNDA:6,toEpochDay
FNDA:6,buildAbsoluteShiftWindow
FNDA:0,hasTimeOverlap
FNDA:3,hasDateTimeOverlap
FNDA:3,getConflictWindowBounds
FNDA:3,toDateOnly
DA:1,5
DA:4,12
DA:5,12
DA:10,6
DA:20,6
DA:28,6
DA:29,6
DA:30,6
DA:31,6
DA:33,6
DA:37,6
DA:43,5
DA:49,0
DA:50,0
DA:51,0
DA:53,0
DA:59,5
DA:67,3
DA:68,3
DA:74,3
DA:77,5
DA:79,3
DA:88,3
DA:89,3
DA:91,3
DA:92,3
DA:94,3
DA:100,5
DA:101,3
LF:29
LH:25
BRDA:10,0,0,4
BRDA:10,0,1,2
BRDA:35,1,0,1
BRDA:35,1,1,5
BRDA:54,2,0,0
BRDA:54,2,1,0
BRDA:54,2,2,0
BRDA:54,2,3,0
BRDA:74,3,0,3
BRDA:74,3,1,3
BRDA:79,4,0,0
BRDA:79,4,1,3
BRDA:101,5,0,0
BRDA:101,5,1,3
BRF:14
BRH:8
end_of_record
TN:
SF:src\config\env.ts
FN:33,requireNumber
FN:48,validateEnv
FN:49,(anonymous_2)
FNF:3
FNH:3
FNDA:16,requireNumber
FNDA:4,validateEnv
FNDA:44,(anonymous_2)
DA:1,4
DA:38,16
DA:39,16
DA:41,16
DA:42,0
DA:45,16
DA:48,4
DA:49,44
DA:51,4
DA:52,0
DA:57,4
LF:11
LH:9
BRDA:38,0,0,16
BRDA:38,0,1,0
BRDA:41,1,0,0
BRDA:41,2,0,16
BRDA:41,2,1,16
BRDA:51,3,0,0
BRDA:59,4,0,0
BRDA:59,4,1,4
BRDA:59,5,0,4
BRDA:59,5,1,4
BRDA:59,5,2,4
BRF:11
BRH:7
end_of_record
TN:
SF:src\health\health.controller.ts
FN:7,(anonymous_2)
FN:10,(anonymous_3)
FN:15,(anonymous_4)
FN:20,(anonymous_5)
FNF:4
FNH:3
FNDA:4,(anonymous_2)
FNDA:1,(anonymous_3)
FNDA:0,(anonymous_4)
FNDA:1,(anonymous_5)
DA:1,4
DA:3,4
DA:6,4
DA:7,4
DA:10,4
DA:11,1
DA:15,4
DA:16,0
DA:20,4
DA:21,1
LF:10
LH:9
BRF:0
BRH:0
end_of_record
TN:
SF:src\health\health.service.ts
FN:7,(anonymous_2)
FN:9,(anonymous_3)
FN:17,(anonymous_4)
FN:28,(anonymous_5)
FNF:4
FNH:3
FNDA:4,(anonymous_2)
FNDA:0,(anonymous_3)
FNDA:2,(anonymous_4)
FNDA:1,(anonymous_5)
DA:1,4
DA:3,4
DA:6,4
DA:7,4
DA:10,0
DA:18,2
DA:20,2
DA:29,1
DA:31,1
LF:9
LH:8
BRF:0
BRH:0
end_of_record
TN:
SF:src\notifications\notification-gateway.ts
FNF:0
FNH:0
DA:10,4
LF:1
LH:1
BRF:0
BRH:0
end_of_record
TN:
SF:src\notifications\notifications.controller.ts
FN:11,(anonymous_4)
FN:14,(anonymous_5)
FN:19,(anonymous_6)
FNF:3
FNH:1
FNDA:4,(anonymous_4)
FNDA:0,(anonymous_5)
FNDA:0,(anonymous_6)
DA:1,4
DA:3,4
DA:4,4
DA:6,4
DA:10,4
DA:11,4
DA:14,4
DA:15,0
DA:19,4
DA:23,0
LF:10
LH:8
BRF:0
BRH:0
end_of_record
TN:
SF:src\notifications\notifications.service.ts
FN:12,(anonymous_2)
FN:19,(anonymous_3)
FN:27,(anonymous_4)
FN:44,(anonymous_5)
FN:59,(anonymous_6)
FNF:5
FNH:2
FNDA:4,(anonymous_2)
FNDA:0,(anonymous_3)
FNDA:0,(anonymous_4)
FNDA:7,(anonymous_5)
FNDA:0,(anonymous_6)
DA:1,4
DA:3,4
DA:7,4
DA:8,4
DA:11,4
DA:13,4
DA:14,4
DA:16,4
DA:20,0
DA:27,0
DA:45,7
DA:49,7
DA:56,7
DA:60,0
DA:70,0
DA:71,0
DA:79,0
LF:17
LH:11
BRDA:70,0,0,0
BRF:1
BRH:0
end_of_record
TN:
SF:src\open-shifts\open-shift.mapper.ts
FN:3,mapOpenShiftForMobile
FN:30,mapShiftForMobile
FNF:2
FNH:2
FNDA:1,mapOpenShiftForMobile
FNDA:3,mapShiftForMobile
DA:1,5
DA:3,5
DA:15,1
DA:30,5
DA:41,3
DA:43,3
LF:6
LH:6
BRDA:45,0,0,3
BRDA:45,0,1,0
BRDA:46,1,0,3
BRDA:46,1,1,0
BRF:4
BRH:2
end_of_record
TN:
SF:src\open-shifts\open-shifts.controller.ts
FN:14,(anonymous_4)
FN:17,(anonymous_5)
FN:22,(anonymous_6)
FN:27,(anonymous_7)
FN:36,(anonymous_8)
FNF:5
FNH:3
FNDA:4,(anonymous_4)
FNDA:0,(anonymous_5)
FNDA:0,(anonymous_6)
FNDA:1,(anonymous_7)
FNDA:4,(anonymous_8)
DA:1,4
DA:3,4
DA:4,4
DA:6,4
DA:7,4
DA:8,4
DA:9,4
DA:13,4
DA:14,4
DA:17,4
DA:18,0
DA:22,4
DA:23,0
DA:27,4
DA:31,1
DA:32,0
DA:36,4
DA:41,4
DA:42,4
LF:19
LH:16
BRF:0
BRH:0
end_of_record
TN:
SF:src\open-shifts\open-shifts.service.ts
FN:18,(anonymous_2)
FN:26,(anonymous_3)
FN:38,(anonymous_4)
FN:66,(anonymous_5)
FN:78,(anonymous_6)
FN:81,(anonymous_7)
FN:97,(anonymous_8)
FN:137,(anonymous_9)
FN:191,(anonymous_10)
FN:241,(anonymous_11)
FN:257,(anonymous_12)
FNF:11
FNH:4
FNDA:4,(anonymous_2)
FNDA:2,(anonymous_3)
FNDA:0,(anonymous_4)
FNDA:0,(anonymous_5)
FNDA:0,(anonymous_6)
FNDA:0,(anonymous_7)
FNDA:0,(anonymous_8)
FNDA:0,(anonymous_9)
FNDA:4,(anonymous_10)
FNDA:0,(anonymous_11)
FNDA:2,(anonymous_12)
DA:1,4
DA:3,4
DA:4,4
DA:6,4
DA:7,4
DA:8,4
DA:9,4
DA:10,4
DA:11,4
DA:12,4
DA:17,4
DA:19,4
DA:20,4
DA:21,4
DA:22,4
DA:23,4
DA:27,2
DA:42,0
DA:43,0
DA:52,0
DA:60,0
DA:67,0
DA:78,0
DA:82,0
DA:90,0
DA:91,0
DA:94,0
DA:98,0
DA:105,0
DA:106,0
DA:109,0
DA:114,0
DA:129,0
DA:136,0
DA:138,0
DA:147,0
DA:149,0
DA:150,0
DA:161,0
DA:175,0
DA:188,0
DA:196,4
DA:203,4
DA:204,0
DA:207,4
DA:215,4
DA:216,0
DA:219,4
DA:220,2
DA:223,2
DA:224,2
DA:240,2
DA:241,0
DA:245,2
DA:246,0
DA:257,2
DA:258,2
DA:269,2
DA:270,0
DA:273,2
DA:299,2
DA:306,2
DA:308,2
DA:309,0
DA:320,2
DA:332,2
DA:350,2
LF:67
LH:37
BRDA:90,0,0,0
BRDA:105,1,0,0
BRDA:149,2,0,0
BRDA:194,3,0,0
BRDA:203,4,0,0
BRDA:215,5,0,0
BRDA:219,6,0,2
BRDA:245,7,0,0
BRDA:269,8,0,0
BRDA:308,9,0,0
BRF:10
BRH:1
end_of_record
TN:
SF:src\open-shifts\dto\claim-open-shift.dto.ts
FNF:0
FNH:0
DA:1,4
DA:3,4
DA:7,4
DA:11,4
LF:4
LH:4
BRF:0
BRH:0
end_of_record
TN:
SF:src\open-shifts\dto\create-open-shift.dto.ts
FNF:0
FNH:0
DA:1,4
DA:3,4
DA:5,4
DA:8,4
DA:11,4
DA:15,4
DA:19,4
DA:23,4
DA:28,4
DA:32,4
LF:10
LH:10
BRF:0
BRH:0
end_of_record
TN:
SF:src\prisma\prisma.service.ts
FN:16,(anonymous_1)
FN:21,(anonymous_2)
FN:25,(anonymous_3)
FNF:3
FNH:3
FNDA:4,(anonymous_1)
FNDA:4,(anonymous_2)
FNDA:2,(anonymous_3)
DA:1,4
DA:7,4
DA:10,4
DA:14,4
DA:17,4
DA:18,4
DA:22,4
DA:26,2
DA:27,2
LF:9
LH:9
BRF:0
BRH:0
end_of_record
TN:
SF:src\requests\request.mapper.ts
FN:1,mapRequestForMobile
FNF:1
FNH:1
FNDA:4,mapRequestForMobile
DA:1,5
DA:23,4
DA:25,4
LF:3
LH:3
BRDA:23,0,0,4
BRDA:23,0,1,4
BRDA:35,1,0,0
BRDA:35,1,1,4
BRDA:37,2,0,4
BRDA:37,2,1,3
BRF:6
BRH:5
end_of_record
TN:
SF:src\requests\requests.controller.ts
FN:22,(anonymous_4)
FN:25,(anonymous_5)
FN:33,(anonymous_6)
FN:41,(anonymous_7)
FN:49,(anonymous_8)
FNF:5
FNH:3
FNDA:4,(anonymous_4)
FNDA:0,(anonymous_5)
FNDA:0,(anonymous_6)
FNDA:2,(anonymous_7)
FNDA:1,(anonymous_8)
DA:1,4
DA:11,4
DA:12,4
DA:14,4
DA:15,4
DA:16,4
DA:17,4
DA:21,4
DA:22,4
DA:25,4
DA:29,0
DA:33,4
DA:37,0
DA:41,4
DA:45,2
DA:49,4
DA:53,1
LF:17
LH:15
BRF:0
BRH:0
end_of_record
TN:
SF:src\requests\requests.service.ts
FN:24,(anonymous_2)
FN:32,(anonymous_3)
FN:55,(anonymous_4)
FN:89,(anonymous_5)
FN:92,(anonymous_6)
FN:126,(anonymous_7)
FN:194,(anonymous_8)
FN:246,(anonymous_9)
FN:333,(anonymous_10)
FNF:9
FNH:6
FNDA:4,(anonymous_2)
FNDA:3,(anonymous_3)
FNDA:0,(anonymous_4)
FNDA:0,(anonymous_5)
FNDA:0,(anonymous_6)
FNDA:2,(anonymous_7)
FNDA:2,(anonymous_8)
FNDA:1,(anonymous_9)
FNDA:1,(anonymous_10)
DA:1,4
DA:9,4
DA:10,4
DA:11,4
DA:13,4
DA:14,4
DA:15,4
DA:16,4
DA:17,4
DA:23,4
DA:25,4
DA:26,4
DA:27,4
DA:28,4
DA:29,4
DA:33,3
DA:48,3
DA:49,0
DA:52,3
DA:56,0
DA:58,0
DA:59,0
DA:62,0
DA:63,0
DA:66,0
DA:89,0
DA:93,0
DA:113,0
DA:114,0
DA:117,0
DA:120,0
DA:123,0
DA:130,2
DA:137,2
DA:138,0
DA:141,2
DA:146,2
DA:154,2
DA:155,0
DA:166,2
DA:186,2
DA:193,2
DA:195,2
DA:204,2
DA:206,2
DA:207,0
DA:218,2
DA:230,2
DA:243,2
DA:250,1
DA:257,1
DA:258,0
DA:261,1
DA:266,1
DA:267,0
DA:272,1
DA:280,1
DA:281,0
DA:284,1
DA:292,1
DA:293,0
DA:304,1
DA:325,1
DA:332,1
DA:334,1
DA:343,1
DA:345,1
DA:346,0
DA:357,1
DA:370,1
DA:383,1
LF:71
LH:49
BRDA:48,0,0,0
BRDA:58,1,0,0
BRDA:62,2,0,0
BRDA:85,3,0,0
BRDA:85,3,1,0
BRDA:113,4,0,0
BRDA:117,5,0,0
BRDA:137,6,0,0
BRDA:154,7,0,0
BRDA:206,8,0,0
BRDA:257,9,0,0
BRDA:266,10,0,0
BRDA:280,11,0,0
BRDA:292,12,0,0
BRDA:345,13,0,0
BRF:15
BRH:0
end_of_record
TN:
SF:src\requests\dto\create-leave-request.dto.ts
FNF:0
FNH:0
DA:1,4
DA:3,4
DA:5,4
DA:9,4
DA:14,4
DA:18,4
LF:6
LH:6
BRF:0
BRH:0
end_of_record
TN:
SF:src\requests\dto\create-yield-request.dto.ts
FNF:0
FNH:0
DA:1,4
DA:3,4
DA:5,4
DA:8,4
DA:12,4
DA:17,4
DA:21,4
LF:7
LH:7
BRF:0
BRH:0
end_of_record
TN:
SF:src\requests\dto\query-requests.dto.ts
FNF:0
FNH:0
DA:1,4
DA:3,4
DA:6,4
LF:3
LH:3
BRF:0
BRH:0
end_of_record
TN:
SF:src\sessions\sessions.controller.ts
FN:11,(anonymous_4)
FN:14,(anonymous_5)
FN:22,(anonymous_6)
FNF:3
FNH:1
FNDA:4,(anonymous_4)
FNDA:0,(anonymous_5)
FNDA:0,(anonymous_6)
DA:1,4
DA:3,4
DA:4,4
DA:6,4
DA:10,4
DA:11,4
DA:14,4
DA:15,0
DA:22,4
DA:26,0
LF:10
LH:8
BRF:0
BRH:0
end_of_record
TN:
SF:src\sessions\sessions.service.ts
FN:17,createRefreshTokenFingerprint
FN:23,(anonymous_3)
FN:25,(anonymous_4)
FN:47,(anonymous_5)
FN:65,(anonymous_6)
FN:85,(anonymous_7)
FN:97,(anonymous_8)
FN:110,(anonymous_9)
FN:120,(anonymous_10)
FN:133,(anonymous_11)
FN:146,(anonymous_12)
FN:156,(anonymous_13)
FNF:12
FNH:8
FNDA:18,createRefreshTokenFingerprint
FNDA:4,(anonymous_3)
FNDA:15,(anonymous_4)
FNDA:15,(anonymous_5)
FNDA:3,(anonymous_6)
FNDA:16,(anonymous_7)
FNDA:16,(anonymous_8)
FNDA:2,(anonymous_9)
FNDA:0,(anonymous_10)
FNDA:0,(anonymous_11)
FNDA:0,(anonymous_12)
FNDA:0,(anonymous_13)
DA:1,4
DA:2,4
DA:3,4
DA:5,4
DA:6,4
DA:18,18
DA:22,4
DA:23,4
DA:30,15
DA:52,15
DA:54,15
DA:66,3
DA:72,3
DA:73,1
DA:76,2
DA:78,2
DA:79,0
DA:82,2
DA:86,16
DA:98,16
DA:111,2
DA:121,0
DA:125,0
DA:126,0
DA:129,0
DA:130,0
DA:134,0
DA:147,0
DA:156,0
LF:29
LH:20
BRDA:28,0,0,0
BRDA:35,1,0,15
BRDA:35,1,1,0
BRDA:36,2,0,15
BRDA:36,2,1,0
BRDA:37,3,0,15
BRDA:37,3,1,0
BRDA:72,4,0,1
BRDA:72,5,0,3
BRDA:72,5,1,3
BRDA:72,5,2,2
BRDA:78,6,0,0
BRDA:97,7,0,0
BRDA:110,8,0,0
BRDA:125,9,0,0
BRDA:125,10,0,0
BRDA:125,10,1,0
BRDA:133,11,0,0
BRDA:164,12,0,0
BRDA:164,12,1,0
BRDA:165,13,0,0
BRDA:165,13,1,0
BRF:22
BRH:7
end_of_record
TN:
SF:src\settings\settings.controller.ts
FN:12,(anonymous_4)
FN:15,(anonymous_5)
FN:20,(anonymous_6)
FNF:3
FNH:1
FNDA:4,(anonymous_4)
FNDA:0,(anonymous_5)
FNDA:0,(anonymous_6)
DA:1,4
DA:3,4
DA:4,4
DA:6,4
DA:7,4
DA:11,4
DA:12,4
DA:15,4
DA:16,0
DA:20,4
DA:24,0
LF:11
LH:9
BRF:0
BRH:0
end_of_record
TN:
SF:src\settings\settings.service.ts
FN:10,(anonymous_2)
FN:16,(anonymous_3)
FN:38,(anonymous_4)
FNF:3
FNH:1
FNDA:4,(anonymous_2)
FNDA:0,(anonymous_3)
FNDA:0,(anonymous_4)
DA:1,4
DA:3,4
DA:4,4
DA:5,4
DA:9,4
DA:11,4
DA:12,4
DA:13,4
DA:17,0
DA:25,0
DA:39,0
DA:48,0
DA:56,0
DA:70,0
LF:14
LH:8
BRF:0
BRH:0
end_of_record
TN:
SF:src\settings\dto\update-user-setting.dto.ts
FNF:0
FNH:0
DA:1,4
DA:3,4
DA:6,4
DA:10,4
DA:14,4
DA:18,4
DA:23,4
DA:27,4
DA:31,4
LF:9
LH:9
BRF:0
BRH:0
end_of_record
TN:
SF:src\shifts\shifts.controller.ts
FN:12,(anonymous_4)
FN:15,(anonymous_5)
FN:23,(anonymous_6)
FNF:3
FNH:1
FNDA:4,(anonymous_4)
FNDA:0,(anonymous_5)
FNDA:0,(anonymous_6)
DA:1,4
DA:3,4
DA:4,4
DA:6,4
DA:7,4
DA:11,4
DA:12,4
DA:15,4
DA:19,0
DA:23,4
DA:24,0
LF:11
LH:9
BRF:0
BRH:0
end_of_record
TN:
SF:src\shifts\shifts.service.ts
FN:9,(anonymous_2)
FN:11,(anonymous_3)
FN:53,(anonymous_4)
FN:70,(anonymous_5)
FNF:4
FNH:1
FNDA:4,(anonymous_2)
FNDA:0,(anonymous_3)
FNDA:0,(anonymous_4)
FNDA:0,(anonymous_5)
DA:1,4
DA:4,4
DA:8,4
DA:9,4
DA:12,0
DA:14,0
DA:15,0
DA:18,0
DA:19,0
DA:25,0
DA:26,0
DA:31,0
DA:32,0
DA:39,0
DA:53,0
DA:54,0
DA:56,0
DA:71,0
DA:84,0
DA:85,0
DA:88,0
DA:90,0
LF:22
LH:4
BRDA:14,0,0,0
BRDA:18,1,0,0
BRDA:18,2,0,0
BRDA:18,2,1,0
BRDA:20,3,0,0
BRDA:20,3,1,0
BRDA:21,4,0,0
BRDA:21,4,1,0
BRDA:25,5,0,0
BRDA:25,5,1,0
BRDA:31,6,0,0
BRDA:54,7,0,0
BRDA:54,7,1,0
BRDA:58,8,0,0
BRDA:58,8,1,0
BRDA:59,9,0,0
BRDA:59,9,1,0
BRDA:84,10,0,0
BRDA:88,11,0,0
BRDA:88,11,1,0
BRDA:92,12,0,0
BRDA:92,12,1,0
BRDA:93,13,0,0
BRDA:93,13,1,0
BRF:24
BRH:0
end_of_record
TN:
SF:src\shifts\dto\query-shifts.dto.ts
FNF:0
FNH:0
DA:1,4
DA:3,4
DA:6,4
DA:10,4
DA:14,4
DA:18,4
LF:6
LH:6
BRF:0
BRH:0
end_of_record
TN:
SF:src\statistics\statistics.controller.ts
FN:12,(anonymous_4)
FN:15,(anonymous_5)
FN:21,(anonymous_6)
FNF:3
FNH:1
FNDA:4,(anonymous_4)
FNDA:0,(anonymous_5)
FNDA:0,(anonymous_6)
DA:1,4
DA:3,4
DA:4,4
DA:6,4
DA:7,4
DA:11,4
DA:12,4
DA:15,4
DA:16,0
DA:17,0
DA:21,4
DA:22,0
DA:23,0
LF:13
LH:9
BRF:0
BRH:0
end_of_record
TN:
SF:src\statistics\statistics.service.ts
FN:8,(anonymous_2)
FN:10,(anonymous_3)
FN:25,(anonymous_4)
FN:37,(anonymous_5)
FN:44,(anonymous_6)
FN:82,(anonymous_7)
FN:85,(anonymous_8)
FN:91,(anonymous_9)
FN:100,(anonymous_10)
FN:109,(anonymous_11)
FN:121,(anonymous_12)
FN:170,(anonymous_13)
FN:173,(anonymous_14)
FN:176,(anonymous_15)
FN:180,(anonymous_16)
FN:183,(anonymous_17)
FN:186,(anonymous_18)
FNF:17
FNH:1
FNDA:4,(anonymous_2)
FNDA:0,(anonymous_3)
FNDA:0,(anonymous_4)
FNDA:0,(anonymous_5)
FNDA:0,(anonymous_6)
FNDA:0,(anonymous_7)
FNDA:0,(anonymous_8)
FNDA:0,(anonymous_9)
FNDA:0,(anonymous_10)
FNDA:0,(anonymous_11)
FNDA:0,(anonymous_12)
FNDA:0,(anonymous_13)
FNDA:0,(anonymous_14)
FNDA:0,(anonymous_15)
FNDA:0,(anonymous_16)
FNDA:0,(anonymous_17)
FNDA:0,(anonymous_18)
DA:1,4
DA:4,4
DA:7,4
DA:8,4
DA:11,0
DA:12,0
DA:13,0
DA:14,0
DA:15,0
DA:16,0
DA:18,0
DA:19,0
DA:20,0
DA:22,0
DA:26,0
DA:27,0
DA:30,0
DA:34,0
DA:38,0
DA:39,0
DA:41,0
DA:45,0
DA:46,0
DA:49,0
DA:81,0
DA:82,0
DA:84,0
DA:85,0
DA:88,0
DA:92,0
DA:101,0
DA:109,0
DA:122,0
DA:131,0
DA:159,0
DA:161,0
DA:170,0
DA:173,0
DA:177,0
DA:180,0
DA:183,0
DA:186,0
LF:42
LH:4
BRDA:14,0,0,0
BRDA:14,0,1,0
BRDA:113,1,0,0
BRDA:113,1,1,0
BRDA:165,2,0,0
BRDA:165,2,1,0
BRF:6
BRH:0
end_of_record
TN:
SF:src\sync\mutation-ledger.service.ts
FN:7,(anonymous_2)
FN:9,(anonymous_3)
FN:18,(anonymous_4)
FN:35,(anonymous_5)
FN:59,(anonymous_6)
FNF:5
FNH:3
FNDA:4,(anonymous_2)
FNDA:0,(anonymous_3)
FNDA:11,(anonymous_4)
FNDA:11,(anonymous_5)
FNDA:0,(anonymous_6)
DA:1,4
DA:3,4
DA:6,4
DA:7,4
DA:10,0
DA:19,11
DA:20,11
DA:23,0
DA:41,11
DA:42,0
DA:47,0
DA:48,0
DA:52,11
DA:68,0
LF:14
LH:8
BRDA:19,0,0,11
BRDA:41,1,0,0
BRDA:47,2,0,0
BRF:3
BRH:1
end_of_record
TN:
SF:src\sync\sync-change-publisher.ts
FNF:0
FNH:0
DA:9,4
LF:1
LH:1
BRF:0
BRH:0
end_of_record
TN:
SF:src\sync\sync-publisher.service.ts
FN:8,(anonymous_2)
FN:12,(anonymous_3)
FN:20,(anonymous_4)
FNF:3
FNH:3
FNDA:4,(anonymous_2)
FNDA:15,(anonymous_3)
FNDA:27,(anonymous_4)
DA:1,4
DA:3,4
DA:4,4
DA:7,4
DA:8,4
DA:9,4
DA:13,15
DA:15,15
DA:16,0
DA:19,15
DA:20,27
LF:11
LH:10
BRDA:13,0,0,8
BRDA:13,0,1,7
BRDA:15,1,0,0
BRDA:24,2,0,27
BRDA:24,2,1,27
BRF:5
BRH:4
end_of_record
TN:
SF:src\sync\sync.controller.ts
FN:12,(anonymous_4)
FN:15,(anonymous_5)
FNF:2
FNH:2
FNDA:4,(anonymous_4)
FNDA:1,(anonymous_5)
DA:1,4
DA:3,4
DA:4,4
DA:6,4
DA:7,4
DA:11,4
DA:12,4
DA:15,4
DA:19,1
LF:9
LH:9
BRF:0
BRH:0
end_of_record
TN:
SF:src\sync\sync.service.ts
FN:10,(anonymous_2)
FN:12,(anonymous_3)
FN:22,(anonymous_4)
FN:46,(anonymous_5)
FN:60,(anonymous_6)
FN:69,(anonymous_7)
FN:84,(anonymous_8)
FN:113,(anonymous_9)
FN:135,(anonymous_10)
FN:145,(anonymous_11)
FN:156,(anonymous_12)
FN:182,(anonymous_13)
FN:224,(anonymous_14)
FN:237,(anonymous_15)
FN:254,(anonymous_16)
FN:267,(anonymous_17)
FN:295,(anonymous_18)
FN:303,(anonymous_19)
FN:313,(anonymous_20)
FN:321,(anonymous_21)
FN:351,(anonymous_22)
FN:352,(anonymous_23)
FNF:22
FNH:19
FNDA:4,(anonymous_2)
FNDA:1,(anonymous_3)
FNDA:1,(anonymous_4)
FNDA:1,(anonymous_5)
FNDA:1,(anonymous_6)
FNDA:2,(anonymous_7)
FNDA:1,(anonymous_8)
FNDA:1,(anonymous_9)
FNDA:1,(anonymous_10)
FNDA:1,(anonymous_11)
FNDA:1,(anonymous_12)
FNDA:1,(anonymous_13)
FNDA:1,(anonymous_14)
FNDA:1,(anonymous_15)
FNDA:0,(anonymous_16)
FNDA:1,(anonymous_17)
FNDA:1,(anonymous_18)
FNDA:2,(anonymous_19)
FNDA:0,(anonymous_20)
FNDA:1,(anonymous_21)
FNDA:0,(anonymous_22)
FNDA:8,(anonymous_23)
DA:1,4
DA:5,4
DA:9,4
DA:10,4
DA:13,1
DA:19,1
DA:23,1
DA:46,1
DA:61,1
DA:69,2
DA:85,1
DA:113,1
DA:136,1
DA:145,1
DA:157,1
DA:167,1
DA:183,1
DA:224,1
DA:238,1
DA:254,1
DA:268,1
DA:295,1
DA:303,2
DA:314,0
DA:322,1
DA:323,1
DA:324,1
DA:327,1
DA:349,1
DA:350,1
DA:351,1
DA:352,1
DA:353,8
DA:355,1
LF:34
LH:33
BRDA:19,0,0,1
BRDA:19,0,1,1
BRDA:25,1,0,1
BRDA:25,1,1,0
BRDA:48,2,0,1
BRDA:48,2,1,0
BRDA:49,3,0,1
BRDA:49,3,1,0
BRDA:87,4,0,1
BRDA:87,4,1,0
BRDA:109,5,0,0
BRDA:109,5,1,1
BRDA:123,6,0,1
BRDA:123,6,1,1
BRDA:125,7,0,1
BRDA:125,7,1,1
BRDA:230,8,0,1
BRDA:230,8,1,1
BRDA:232,9,0,1
BRDA:232,9,1,1
BRDA:240,10,0,0
BRDA:240,10,1,1
BRDA:261,11,0,0
BRDA:261,11,1,0
BRDA:270,12,0,0
BRDA:270,12,1,1
BRDA:301,13,0,1
BRDA:301,13,1,0
BRDA:308,14,0,2
BRDA:308,14,1,2
BRDA:322,15,0,1
BRDA:322,15,1,0
BRDA:323,16,0,1
BRDA:323,16,1,1
BRDA:327,17,0,1
BRDA:327,17,1,0
BRDA:349,18,0,1
BRDA:349,18,1,1
BRDA:353,19,0,8
BRDA:353,19,1,0
BRDA:358,20,0,1
BRDA:358,20,1,0
BRDA:362,21,0,1
BRDA:362,21,1,0
BRDA:369,22,0,1
BRDA:369,22,1,0
BRDA:376,23,0,1
BRDA:376,23,1,0
BRDA:383,24,0,1
BRDA:383,24,1,0
BRDA:390,25,0,1
BRDA:390,25,1,0
BRDA:397,26,0,1
BRDA:397,26,1,0
BRDA:404,27,0,1
BRDA:404,27,1,0
BRDA:411,28,0,1
BRDA:411,28,1,0
BRF:58
BRH:36
end_of_record
TN:
SF:src\sync\dto\query-sync.dto.ts
FN:6,(anonymous_2)
FN:12,(anonymous_3)
FNF:2
FNH:1
FNDA:1,(anonymous_2)
FNDA:0,(anonymous_3)
DA:1,4
DA:2,4
DA:4,4
DA:6,1
DA:9,4
DA:12,0
DA:15,4
LF:7
LH:6
BRF:0
BRH:0
end_of_record
TN:
SF:src\users\users.controller.ts
FN:11,(anonymous_4)
FN:14,(anonymous_5)
FN:20,(anonymous_6)
FN:22,(anonymous_7)
FNF:4
FNH:1
FNDA:4,(anonymous_4)
FNDA:0,(anonymous_5)
FNDA:0,(anonymous_6)
FNDA:0,(anonymous_7)
DA:1,4
DA:3,4
DA:4,4
DA:6,4
DA:10,4
DA:11,4
DA:14,4
DA:15,0
DA:16,0
DA:20,4
DA:21,0
DA:22,0
LF:12
LH:8
BRDA:16,0,0,0
BRDA:16,0,1,0
BRF:2
BRH:0
end_of_record
TN:
SF:src\users\users.service.ts
FN:7,(anonymous_2)
FN:9,(anonymous_3)
FN:15,(anonymous_4)
FN:21,(anonymous_5)
FN:33,(anonymous_6)
FN:40,(anonymous_7)
FNF:6
FNH:4
FNDA:4,(anonymous_2)
FNDA:18,(anonymous_3)
FNDA:14,(anonymous_4)
FNDA:0,(anonymous_5)
FNDA:0,(anonymous_6)
FNDA:16,(anonymous_7)
DA:1,4
DA:3,4
DA:6,4
DA:7,4
DA:10,18
DA:16,14
DA:22,0
DA:34,0
DA:48,16
LF:9
LH:7
BRDA:52,0,0,16
BRDA:52,0,1,0
BRDA:53,1,0,0
BRDA:53,1,1,16
BRDA:54,2,0,16
BRDA:54,2,1,0
BRF:6
BRH:3
end_of_record
